It seems like more samples on these datasets do make the difference

Benchmarking dataset 'PaviaDataset'...
 n_samples = 135
  16.566 s (155682046 allocations: 5.91 GiB)
 Purity threshold 1.0
  acc: 58.52% kappa: 53.33% 9×9 Array{Int64,2}:
 10   0  0   0   0  2  2  0   1
  0   7  0   3   0  5  0  0   0
  0   1  3   0   0  4  0  7   0
  0   2  0  12   0  0  0  0   1
  0   0  0   0  13  0  0  2   0
  0  10  0   0   0  5  0  0   0
  7   0  1   0   0  1  6  0   0
  0   0  4   0   0  3  0  8   0
  0   0  0   0   0  0  0  0  15
nodes: (47, height: 8)
Benchmarking dataset 'PaviaDataset'...
 n_samples = 135
  16.354 s (155682046 allocations: 5.91 GiB)
 Purity threshold 1.0
  acc: 58.52% kappa: 53.33% 9×9 Array{Int64,2}:
 10   0  0   0   0  2  2  0   1
  0   7  0   3   0  5  0  0   0
  0   1  3   0   0  4  0  7   0
  0   2  0  12   0  0  0  0   1
  0   0  0   0  13  0  0  2   0
  0  10  0   0   0  5  0  0   0
  7   0  1   0   0  1  6  0   0
  0   0  4   0   0  3  0  8   0
  0   0  0   0   0  0  0  0  15
nodes: (47, height: 8)
Benchmarking dataset 'PaviaDataset'...
 n_samples = 135
  279.827 s (2558272236 allocations: 100.93 GiB)
 Purity threshold 1.0
  acc: 9.63% kappa: -1.67% 9×9 Array{Int64,2}:
 4  1  1  2  3  2  1  0  1
 1  1  1  3  3  1  1  3  1
 0  2  1  0  2  1  3  3  3
 2  2  2  1  1  2  2  1  2
 1  1  2  1  3  0  3  1  3
 0  2  2  0  3  1  0  4  3
 2  2  4  2  1  2  0  2  0
 3  2  2  2  3  1  0  1  1
 2  3  2  2  1  1  2  1  1
nodes: (119, height: 10)

Benchmarking dataset 'PaviaDataset'...
  62.793 s (578357986 allocations: 21.04 GiB)
 Purity threshold 1.0
  acc: 72.22% kappa: 68.75%9×9 Array{Int64,2}:
 6  0  1  0   0  1  2  0  0
 0  7  0  1   0  2  0  0  0
 1  0  7  0   0  0  0  2  0
 0  1  0  9   0  0  0  0  0
 0  0  0  0  10  0  0  0  0
 0  5  0  0   0  5  0  0  0
 2  0  0  0   0  0  8  0  0
 0  1  3  0   0  2  0  4  0
 1  0  0  0   0  0  0  0  9
nodes: (89, height: 12)


Testing dataset 'simpleDataset'
  327.431 ms (4494840 allocations: 424.31 MiB)
 Purity threshold 1.0
  acc: 100.0% kappa: 100.0%2×2 Array{Int64,2}:
 28   0
  0  12
nodes: (3, height: 1)
Testing dataset 'simpleDataset2'
  2.390 ms (42182 allocations: 2.46 MiB)
 Purity threshold 1.0
  acc: 30.0% kappa: 0.0%2×2 Array{Int64,2}:
 0  28
 0  12
nodes: (1, height: 0)
Testing dataset 'Eduard-5'
  515.288 ms (2987952 allocations: 134.04 MiB)
 Purity threshold 1.0
  acc: 90.0% kappa: 89.29%15×15 Array{Int64,2}:
 5  1  0  0  0  0  0  0  0  0  0  0  0  0  0
 0  6  0  0  0  0  0  0  0  0  0  0  0  0  0
 0  0  6  0  0  0  0  0  0  0  0  0  0  0  0
 0  0  0  6  0  0  0  0  0  0  0  0  0  0  0
 0  0  0  0  5  1  0  0  0  0  0  0  0  0  0
 0  0  0  0  0  6  0  0  0  0  0  0  0  0  0
 0  0  0  0  0  0  5  1  0  0  0  0  0  0  0
 0  0  0  0  0  0  0  5  0  0  0  0  1  0  0
 0  0  0  0  1  2  0  0  3  0  0  0  0  0  0
 0  0  0  0  0  0  0  0  0  6  0  0  0  0  0
 0  0  0  0  0  0  0  0  0  0  6  0  0  0  0
 0  0  0  0  0  0  0  0  0  0  0  6  0  0  0
 0  0  0  0  0  0  0  0  0  0  1  0  5  0  0
 0  0  0  0  0  0  0  0  0  0  0  0  0  6  0
 0  0  1  0  0  0  0  0  0  0  0  0  0  0  5
nodes: (133, height: 8)
Testing dataset 'Eduard-10'
  1.551 s (15026318 allocations: 636.85 MiB)
 Purity threshold 1.0
  acc: 92.22% kappa: 91.67%15×15 Array{Int64,2}:
 4  1  0  0  0  0  0  0  0  0  0  1  0  0  0
 0  6  0  0  0  0  0  0  0  0  0  0  0  0  0
 0  0  6  0  0  0  0  0  0  0  0  0  0  0  0
 0  0  0  6  0  0  0  0  0  0  0  0  0  0  0
 0  0  0  0  6  0  0  0  0  0  0  0  0  0  0
 0  0  0  0  0  6  0  0  0  0  0  0  0  0  0
 0  0  0  0  0  0  6  0  0  0  0  0  0  0  0
 0  0  0  0  1  0  0  5  0  0  0  0  0  0  0
 0  0  0  0  0  1  0  0  5  0  0  0  0  0  0
 0  0  0  0  0  0  0  0  0  5  0  1  0  0  0
 0  0  0  0  0  0  0  0  0  0  6  0  0  0  0
 0  0  0  0  0  0  0  0  0  0  0  6  0  0  0
 0  0  0  0  0  0  0  0  0  0  0  0  6  0  0
 0  0  0  0  0  0  0  0  0  1  0  0  0  5  0
 0  1  0  0  0  0  0  0  0  0  0  0  0  0  5
nodes: (123, height: 8)



Testing dataset 'simpleDataset'
  196.541 ms (2866508 allocations: 216.25 MiB)
 Purity threshold 1.0
  acc: 100.0% kappa: 100.0%2×2 Array{Int64,2}:
 28   0
  0  12
nodes: (3, height: 1)
locations: 1.57 MiB)pleDataset2'
 Purity threshold 1.0
  acc: 30.0% kappa: 0.0%2×2 Array{Int64,2}:
 0  28
 0  12
nodes: (1, height: 0)
Testing dataset 'Eduard-5'
  12.196 s (78677888 allocations: 2.94 GiB)
 Purity threshold 1.0
  acc: 88.89% kappa: 88.1%15×15 Array{Int64,2}:
 5  1  0  0  0  0  0  0  0  0  0  0  0  0  0
 0  6  0  0  0  0  0  0  0  0  0  0  0  0  0
 0  0  6  0  0  0  0  0  0  0  0  0  0  0  0
 0  0  0  6  0  0  0  0  0  0  0  0  0  0  0
 0  0  0  0  5  1  0  0  0  0  0  0  0  0  0
 0  0  0  0  0  6  0  0  0  0  0  0  0  0  0
 0  0  0  0  0  0  5  1  0  0  0  0  0  0  0
 0  0  0  0  0  0  0  4  0  0  2  0  0  0  0
 0  0  0  0  1  2  0  0  3  0  0  0  0  0  0
 0  0  0  0  0  0  0  0  0  6  0  0  0  0  0
 0  0  0  0  0  0  0  0  0  0  6  0  0  0  0
 0  0  0  0  0  0  0  0  0  0  0  6  0  0  0
 0  0  0  0  0  0  0  0  0  0  1  0  5  0  0
 0  0  0  0  0  0  0  0  0  0  0  0  0  6  0
 0  0  1  0  0  0  0  0  0  0  0  0  0  0  5
nodes: (131, height: 8)
Testing dataset 'Eduard-10'
  36.914 s (306291069 allocations: 11.48 GiB)
 Purity threshold 1.0
  acc: 90.0% kappa: 89.29%15×15 Array{Int64,2}:
 4  1  0  0  0  0  0  0  0  0  0  1  0  0  0
 0  6  0  0  0  0  0  0  0  0  0  0  0  0  0
 0  0  6  0  0  0  0  0  0  0  0  0  0  0  0
 0  0  0  6  0  0  0  0  0  0  0  0  0  0  0
 0  0  0  0  6  0  0  0  0  0  0  0  0  0  0
 0  0  0  0  0  6  0  0  0  0  0  0  0  0  0
 0  0  0  0  0  0  4  2  0  0  0  0  0  0  0
 0  0  0  0  1  0  0  5  0  0  0  0  0  0  0
 0  0  0  0  0  1  0  0  5  0  0  0  0  0  0
 0  0  0  0  0  0  0  0  0  5  0  1  0  0  0
 0  0  0  0  0  0  0  0  0  0  6  0  0  0  0
 0  0  0  0  0  0  0  0  0  0  0  6  0  0  0
 0  0  0  0  0  0  0  0  0  0  0  0  6  0  0
 0  0  0  0  0  0  0  0  0  1  0  0  0  5  0
 0  1  0  0  0  0  0  0  0  0  0  0  0  0  5
nodes: (123, height: 9)

Testing dataset 'simpleDataset'
  195.146 ms (2866508 allocations: 216.25 MiB)
 Purity threshold 0.8
  acc.100.0%, kappa: 100.0%  Matrix: 2×2 Array{Int64,2}:
 28   0
  0  12
nodes: (3, heigh: 1) Purity threshold 1.0
  acc.100.0%, kappa: 100.0%  Matrix: 2×2 Array{Int64,2}:
 28   0
  0  12
nodes: (3, heigh: 1)Testing dataset 'simpleDataset2'
  2.827 ms (30430 allocations: 1.57 MiB)
 Purity threshold 0.8
  acc.30.0%, kappa: 0.0%  Matrix: 2×2 Array{Int64,2}:
 0  28
 0  12
nodes: (1, heigh: 0) Purity threshold 1.0
  acc.30.0%, kappa: 0.0%  Matrix: 2×2 Array{Int64,2}:
 0  28
 0  12
nodes: (1, heigh: 0)Testing dataset 'Eduard-5'
  12.766 s (80825464 allocations: 3.02 GiB)
 Purity threshold 0.8
  acc.85.56%, kappa: 84.52%  Matrix: 15×15 Array{Int64,2}:
 4  2  0  0  0  0  0  0  0  0  0  0  0  0  0
 0  6  0  0  0  0  0  0  0  0  0  0  0  0  0
 0  0  6  0  0  0  0  0  0  0  0  0  0  0  0
 0  0  0  6  0  0  0  0  0  0  0  0  0  0  0
 0  0  0  0  5  1  0  0  0  0  0  0  0  0  0
 0  0  0  0  0  6  0  0  0  0  0  0  0  0  0
 1  0  0  0  0  0  4  1  0  0  0  0  0  0  0
 0  0  0  0  0  0  0  3  0  0  1  0  2  0  0
 0  0  0  0  1  0  0  0  5  0  0  0  0  0  0
 0  0  0  0  0  0  0  0  0  6  0  0  0  0  0
 0  0  0  0  0  0  0  0  0  0  5  0  1  0  0
 0  0  0  0  0  0  0  0  0  0  0  6  0  0  0
 0  0  0  0  0  0  0  0  0  0  1  0  5  0  0
 0  0  0  0  0  1  0  0  0  0  0  0  0  5  0
 0  0  1  0  0  0  0  0  0  0  0  0  0  0  5
nodes: (105, heigh: 8) Purity threshold 1.0
  acc.88.89%, kappa: 88.1%  Matrix: 15×15 Array{Int64,2}:
 4  2  0  0  0  0  0  0  0  0  0  0  0  0  0
 0  6  0  0  0  0  0  0  0  0  0  0  0  0  0
 0  0  6  0  0  0  0  0  0  0  0  0  0  0  0
 0  0  0  6  0  0  0  0  0  0  0  0  0  0  0
 0  0  0  0  5  1  0  0  0  0  0  0  0  0  0
 0  0  0  0  0  6  0  0  0  0  0  0  0  0  0
 1  0  0  0  0  0  4  1  0  0  0  0  0  0  0
 0  0  0  0  0  0  0  4  0  0  1  0  1  0  0
 0  0  0  0  1  0  0  0  5  0  0  0  0  0  0
 0  0  0  0  0  0  0  0  0  6  0  0  0  0  0
 0  0  0  0  0  0  0  0  0  0  6  0  0  0  0
 0  0  0  0  0  0  0  0  0  0  0  6  0  0  0
 0  0  0  0  0  0  0  0  0  0  1  0  5  0  0
 1  0  0  0  0  0  0  0  0  0  0  0  0  5  0
 0  0  0  0  0  0  0  0  0  0  0  0  0  0  6
nodes: (129, heigh: 8)Testing dataset 'Eduard-10'
  36.787 s (303679147 allocations: 11.38 GiB)
 Purity threshold 0.8
  acc.85.56%, kappa: 84.52%  Matrix: 15×15 Array{Int64,2}:
 3  1  0  0  0  0  0  0  0  1  0  0  0  0  1
 0  6  0  0  0  0  0  0  0  0  0  0  0  0  0
 0  0  5  0  0  1  0  0  0  0  0  0  0  0  0
 0  0  0  6  0  0  0  0  0  0  0  0  0  0  0
 0  0  0  0  6  0  0  0  0  0  0  0  0  0  0
 0  0  0  0  0  6  0  0  0  0  0  0  0  0  0
 0  0  0  0  0  0  4  0  0  0  0  0  0  0  2
 0  0  0  1  0  0  0  5  0  0  0  0  0  0  0
 0  0  0  0  0  0  0  0  6  0  0  0  0  0  0
 0  0  0  0  0  0  0  0  0  5  0  1  0  0  0
 0  0  0  0  0  0  0  0  0  0  6  0  0  0  0
 0  0  0  0  0  0  0  0  0  0  0  6  0  0  0
 0  0  0  0  0  0  0  0  0  0  0  0  6  0  0
 0  0  0  1  2  0  0  0  0  0  0  0  0  3  0
 0  0  0  0  0  0  0  1  1  0  0  0  0  0  4
nodes: (103, heigh: 9) Purity threshold 1.0
  acc.88.89%, kappa: 88.1%  Matrix: 15×15 Array{Int64,2}:
 4  1  0  0  0  0  0  0  0  1  0  0  0  0  0
 0  6  0  0  0  0  0  0  0  0  0  0  0  0  0
 0  0  5  0  0  1  0  0  0  0  0  0  0  0  0
 0  0  0  6  0  0  0  0  0  0  0  0  0  0  0
 0  0  0  0  6  0  0  0  0  0  0  0  0  0  0
 0  0  0  0  0  6  0  0  0  0  0  0  0  0  0
 0  0  0  0  0  0  4  0  0  0  0  0  0  0  2
 0  0  0  1  0  0  0  5  0  0  0  0  0  0  0
 0  0  0  0  0  0  0  0  6  0  0  0  0  0  0
 0  0  0  0  0  0  0  0  0  5  0  1  0  0  0
 0  0  0  0  0  0  0  0  0  0  6  0  0  0  0
 0  0  0  0  0  0  0  0  0  0  0  6  0  0  0
 0  0  0  0  0  0  0  0  0  0  0  0  6  0  0
 0  0  0  1  0  0  0  0  0  1  0  0  0  4  0
 0  0  0  0  0  0  0  0  1  0  0  0  0  0  5
nodes: (125, heigh: 9)


add Confusion matrix, post-pruning, two-dimensional case and fix onlyUseRelationAll:
	Testing dataset 'simpleDataset'
	  357.024 ms (2865386 allocations: 216.17 MiB)
	 Purity threshold 0.7
	  Accuracy: 100% baby!
	  (nodes,height): (3,1)
	 Purity threshold 0.8
	  Accuracy: 100% baby!
	  (nodes,height): (3,1)
	 Purity threshold 0.9
	  Accuracy: 100% baby!
	  (nodes,height): (3,1)
	 Purity threshold 1.0
	  Accuracy: 100% baby!
	  (nodes,height): (3,1)
	Testing dataset 'simpleDataset2'
	  2.889 ms (26118 allocations: 1.37 MiB)
	 Purity threshold 0.7
	  Accuracy: 30.0%
	  Kappa: 0.0%
	  Matrix: 
	2×2 Array{Int64,2}:
	 0  28
	 0  12
	  (nodes,height): (1,0)
	 Purity threshold 0.8
	  Accuracy: 30.0%
	  Kappa: 0.0%
	  Matrix: 
	2×2 Array{Int64,2}:
	 0  28
	 0  12
	  (nodes,height): (1,0)
	 Purity threshold 0.9
	  Accuracy: 30.0%
	  Kappa: 0.0%
	  Matrix: 
	2×2 Array{Int64,2}:
	 0  28
	 0  12
	  (nodes,height): (1,0)
	 Purity threshold 1.0
	  Accuracy: 30.0%
	  Kappa: 0.0%
	  Matrix: 
	2×2 Array{Int64,2}:
	 0  28
	 0  12
	  (nodes,height): (1,0)
	Testing dataset 'Eduard-5'
	  6.710 s (43872595 allocations: 1.64 GiB)
	 Purity threshold 0.7
	  Accuracy: 87.78%
	  Kappa: 86.9%
	  Matrix: 
	15×15 Array{Int64,2}:
	 6  0  0  0  0  0  0  0  0  0  0  0  0  0  0
	 0  6  0  0  0  0  0  0  0  0  0  0  0  0  0
	 0  0  6  0  0  0  0  0  0  0  0  0  0  0  0
	 0  0  0  6  0  0  0  0  0  0  0  0  0  0  0
	 0  0  0  0  5  0  0  0  0  1  0  0  0  0  0
	 0  0  0  0  0  6  0  0  0  0  0  0  0  0  0
	 0  1  0  0  0  1  4  0  0  0  0  0  0  0  0
	 0  0  0  0  0  0  0  3  1  0  2  0  0  0  0
	 0  0  0  0  0  0  0  0  5  0  1  0  0  0  0
	 0  0  0  0  0  0  0  0  0  5  0  1  0  0  0
	 0  0  0  0  0  0  0  0  0  0  6  0  0  0  0
	 0  0  0  0  0  0  0  1  0  0  0  5  0  0  0
	 0  0  0  0  0  0  0  1  0  0  0  0  5  0  0
	 0  0  0  0  0  0  0  0  0  0  0  0  0  6  0
	 0  0  0  0  0  0  0  1  0  0  0  0  0  0  5
	  (nodes,height): (137,10)
	 Purity threshold 0.8
	  Accuracy: 90.0%
	  Kappa: 89.29%
	  Matrix: 
	15×15 Array{Int64,2}:
	 6  0  0  0  0  0  0  0  0  0  0  0  0  0  0
	 0  6  0  0  0  0  0  0  0  0  0  0  0  0  0
	 0  0  6  0  0  0  0  0  0  0  0  0  0  0  0
	 0  0  0  6  0  0  0  0  0  0  0  0  0  0  0
	 0  0  0  0  6  0  0  0  0  0  0  0  0  0  0
	 0  0  0  0  0  6  0  0  0  0  0  0  0  0  0
	 0  1  0  0  0  1  4  0  0  0  0  0  0  0  0
	 0  0  0  0  0  0  0  4  1  0  1  0  0  0  0
	 0  0  0  0  0  0  0  1  5  0  0  0  0  0  0
	 0  0  0  0  0  0  0  0  0  5  0  1  0  0  0
	 0  0  0  0  0  0  0  0  0  0  6  0  0  0  0
	 0  0  0  0  0  0  0  1  0  0  0  5  0  0  0
	 0  0  0  0  0  0  0  1  0  0  0  0  5  0  0
	 0  0  0  0  0  0  0  0  0  0  0  0  0  6  0
	 0  0  0  0  0  0  0  1  0  0  0  0  0  0  5
	  (nodes,height): (141,10)
	 Purity threshold 0.9
	  Accuracy: 91.11%
	  Kappa: 90.48%
	  Matrix: 
	15×15 Array{Int64,2}:
	 6  0  0  0  0  0  0  0  0  0  0  0  0  0  0
	 0  6  0  0  0  0  0  0  0  0  0  0  0  0  0
	 0  0  6  0  0  0  0  0  0  0  0  0  0  0  0
	 0  0  0  6  0  0  0  0  0  0  0  0  0  0  0
	 0  0  0  0  6  0  0  0  0  0  0  0  0  0  0
	 0  0  0  0  0  6  0  0  0  0  0  0  0  0  0
	 0  1  0  0  0  1  4  0  0  0  0  0  0  0  0
	 0  0  0  0  0  0  0  5  0  0  1  0  0  0  0
	 0  0  0  0  0  0  0  1  5  0  0  0  0  0  0
	 0  0  0  0  0  0  0  0  0  5  0  1  0  0  0
	 0  0  0  0  0  0  0  0  0  0  6  0  0  0  0
	 0  0  0  0  0  0  0  1  0  0  0  5  0  0  0
	 0  0  0  0  0  0  0  1  0  0  0  0  5  0  0
	 0  0  0  0  0  0  0  0  0  0  0  0  0  6  0
	 0  0  0  0  0  0  0  1  0  0  0  0  0  0  5
	  (nodes,height): (151,10)
	 Purity threshold 1.0
	  Accuracy: 91.11%
	  Kappa: 90.48%
	  Matrix: 
	15×15 Array{Int64,2}:
	 6  0  0  0  0  0  0  0  0  0  0  0  0  0  0
	 0  6  0  0  0  0  0  0  0  0  0  0  0  0  0
	 0  0  6  0  0  0  0  0  0  0  0  0  0  0  0
	 0  0  0  6  0  0  0  0  0  0  0  0  0  0  0
	 0  0  0  0  6  0  0  0  0  0  0  0  0  0  0
	 0  0  0  0  0  6  0  0  0  0  0  0  0  0  0
	 0  1  0  0  0  1  4  0  0  0  0  0  0  0  0
	 0  0  0  0  0  0  0  5  0  0  1  0  0  0  0
	 0  0  0  0  0  0  0  1  5  0  0  0  0  0  0
	 0  0  0  0  0  0  0  0  0  5  0  1  0  0  0
	 0  0  0  0  0  0  0  0  0  0  6  0  0  0  0
	 0  0  0  0  0  0  0  1  0  0  0  5  0  0  0
	 0  0  0  0  0  0  0  1  0  0  0  0  5  0  0
	 0  0  0  0  0  0  0  0  0  0  0  0  0  6  0
	 0  0  0  0  0  0  0  1  0  0  0  0  0  0  5
	  (nodes,height): (153,10)
	Testing dataset 'Eduard-10'
	  17.819 s (125273330 allocations: 4.73 GiB)
	 Purity threshold 0.7
	  Accuracy: 84.44%
	  Kappa: 83.33%
	  Matrix: 
	15×15 Array{Int64,2}:
	 5  1  0  0  0  0  0  0  0  0  0  0  0  0  0
	 0  6  0  0  0  0  0  0  0  0  0  0  0  0  0
	 1  0  5  0  0  0  0  0  0  0  0  0  0  0  0
	 0  0  0  6  0  0  0  0  0  0  0  0  0  0  0
	 0  0  1  0  4  0  0  1  0  0  0  0  0  0  0
	 0  0  0  1  0  5  0  0  0  0  0  0  0  0  0
	 0  0  0  0  0  0  4  0  0  0  0  2  0  0  0
	 0  0  0  0  0  0  0  6  0  0  0  0  0  0  0
	 0  0  0  0  0  0  0  0  6  0  0  0  0  0  0
	 0  0  0  0  0  0  0  0  0  5  0  1  0  0  0
	 0  0  0  0  0  0  0  1  0  0  5  0  0  0  0
	 0  0  0  0  0  0  0  0  0  1  0  5  0  0  0
	 0  0  0  0  0  0  0  0  0  0  1  0  5  0  0
	 0  0  0  0  0  2  0  0  0  0  0  0  0  4  0
	 0  0  0  0  0  0  0  0  0  1  0  0  0  0  5
	  (nodes,height): (185,10)
	 Purity threshold 0.8
	  Accuracy: 85.56%
	  Kappa: 84.52%
	  Matrix: 
	15×15 Array{Int64,2}:
	 5  1  0  0  0  0  0  0  0  0  0  0  0  0  0
	 0  6  0  0  0  0  0  0  0  0  0  0  0  0  0
	 1  0  5  0  0  0  0  0  0  0  0  0  0  0  0
	 0  0  0  6  0  0  0  0  0  0  0  0  0  0  0
	 0  0  1  0  4  0  0  1  0  0  0  0  0  0  0
	 0  0  0  1  0  5  0  0  0  0  0  0  0  0  0
	 0  0  0  0  0  0  4  0  0  0  0  2  0  0  0
	 0  0  0  0  0  0  0  6  0  0  0  0  0  0  0
	 0  0  0  0  0  0  0  0  6  0  0  0  0  0  0
	 0  0  0  0  0  0  0  0  0  5  0  1  0  0  0
	 0  0  0  0  0  0  0  1  0  0  5  0  0  0  0
	 0  0  0  0  0  0  0  0  0  0  0  6  0  0  0
	 0  0  0  0  0  0  0  0  0  0  1  0  5  0  0
	 0  0  0  0  0  2  0  0  0  0  0  0  0  4  0
	 0  0  0  0  0  0  0  0  0  1  0  0  0  0  5
	  (nodes,height): (193,10)
	 Purity threshold 0.9
	  Accuracy: 84.44%
	  Kappa: 83.33%
	  Matrix: 
	15×15 Array{Int64,2}:
	 5  1  0  0  0  0  0  0  0  0  0  0  0  0  0
	 0  6  0  0  0  0  0  0  0  0  0  0  0  0  0
	 1  0  5  0  0  0  0  0  0  0  0  0  0  0  0
	 0  0  0  6  0  0  0  0  0  0  0  0  0  0  0
	 0  0  1  0  4  0  0  1  0  0  0  0  0  0  0
	 0  0  0  1  0  5  0  0  0  0  0  0  0  0  0
	 0  0  0  0  0  0  4  1  0  0  0  1  0  0  0
	 0  0  0  0  0  0  0  6  0  0  0  0  0  0  0
	 0  0  0  0  0  0  0  0  6  0  0  0  0  0  0
	 0  0  0  0  0  0  0  0  0  5  0  1  0  0  0
	 0  0  0  0  0  0  0  1  0  0  5  0  0  0  0
	 0  0  0  0  0  0  0  1  0  0  0  5  0  0  0
	 0  0  0  0  0  0  0  0  0  0  1  0  5  0  0
	 0  0  0  0  0  2  0  0  0  0  0  0  0  4  0
	 0  0  0  0  0  0  0  0  0  1  0  0  0  0  5
	  (nodes,height): (203,10)
	 Purity threshold 1.0
	  Accuracy: 84.44%
	  Kappa: 83.33%
	  Matrix: 
	15×15 Array{Int64,2}:
	 5  1  0  0  0  0  0  0  0  0  0  0  0  0  0
	 0  6  0  0  0  0  0  0  0  0  0  0  0  0  0
	 1  0  5  0  0  0  0  0  0  0  0  0  0  0  0
	 0  0  0  6  0  0  0  0  0  0  0  0  0  0  0
	 0  0  1  0  4  0  0  1  0  0  0  0  0  0  0
	 0  0  0  1  0  5  0  0  0  0  0  0  0  0  0
	 0  0  0  0  0  0  4  1  0  0  0  1  0  0  0
	 0  0  0  0  0  0  0  6  0  0  0  0  0  0  0
	 0  0  0  0  0  0  0  0  6  0  0  0  0  0  0
	 0  0  0  0  0  0  0  0  0  5  0  1  0  0  0
	 0  0  0  0  0  0  0  1  0  0  5  0  0  0  0
	 0  0  0  0  0  0  0  1  0  0  0  5  0  0  0
	 0  0  0  0  0  0  0  0  0  0  1  0  5  0  0
	 0  0  0  0  0  2  0  0  0  0  0  0  0  4  0
	 0  0  0  0  0  0  0  0  0  1  0  0  0  0  5
	  (nodes,height): (203,10)

back to using Views:
Testing dataset 'simpleDataset'
  120.604 ms (2251653 allocations: 194.33 MiB)
  Accuracy: 100% baby!
  Nodes: 3
  Height: 1
Testing dataset 'simpleDataset2'
  851.795 μs (20017 allocations: 1.15 MiB)
  Accuracy: 30.0%
  Nodes: 1
  Height: 0
Testing dataset 'Eduard-5'
  4.502 s (39457913 allocations: 1.49 GiB)
  Accuracy: 88.89%
  Nodes: 167
  Height: 10
Testing dataset 'Eduard-10'
  11.129 s (102020927 allocations: 3.93 GiB)
  Accuracy: 84.44%
  Nodes: 221
  Height: 10

Without Xf(... best feature)
Testing dataset 'simpleDataset'
	146.995 ms (2251482 allocations: 194.09 MiB)
	Accuracy: 100% baby!
Testing dataset 'Eduard-5'
	6.307 s (39708278 allocations: 1.50 GiB)
	Accuracy: 91.11%
Testing dataset 'Eduard-10'
	12.520 s (102004178 allocations: 3.93 GiB)
	Accuracy: 84.44%

using Views with smarter Xf:
Testing dataset 'simpleDataset'
	150.841 ms (2251328 allocations: 194.08 MiB)
	Accuracy: 100% baby!
Testing dataset 'Eduard-5'
	4.617 s (39847067 allocations: 1.50 GiB)
	Accuracy: 90.0%
Testing dataset 'Eduard-10'
	12.352 s (102190347 allocations: 3.94 GiB)
	Accuracy: 84.44%

using Views:
Testing dataset 'simpleDataset'
	129.927 ms (2251644 allocations: 194.31 MiB)
	Accuracy: 100% baby!
Testing dataset 'Eduard-5'
	5.084 s (39690013 allocations: 1.50 GiB)
	Accuracy: 91.11%
Testing dataset 'Eduard-10'
	11.421 s (102032965 allocations: 3.94 GiB)
	Accuracy: 84.44%

not using Views:
Testing dataset 'simpleDataset'
	151.523 ms (2251644 allocations: 194.31 MiB)
	Accuracy: 100% baby!
Testing dataset 'Eduard-5'
	5.356 s (39781460 allocations: 1.50 GiB)
	Accuracy: 90.0%
Testing dataset 'Eduard-10'
	16.321 s (101172782 allocations: 3.90 GiB)
	Accuracy: 85.56%


# Timings history
# n_samp = 50, N = 3
# 484.136 μs (4368 allocations: 256.34 KiB)
# 517.471 μs (4368 allocations: 256.38 KiB)
# -- Swap dimensions to (X,Y,Z,...) x n_samples x n_variables --
# 210.019 μs (4205 allocations: 252.56 KiB)
# -- Add the use of Sf
# 214.959 μs (4210 allocations: 253.44 KiB)
# -- Remove the use of Sf
# n_samp = 100, N = 50
# 63.539 ms (1126468 allocations: 97.22 MiB)
# -- Add the use of Sf
# 63.749 ms (1126469 allocations: 97.22 MiB)
# n_samp = 200, N = 50
# 129.573 ms (2253001 allocations: 194.44 MiB)
# -- Remove the use of Sf
# 135.053 ms (2253000 allocations: 194.44 MiB)
# -- Add the use of Sf
# 133.009 ms (2253001 allocations: 194.44 MiB)
# -- Switched from WorldSet to WorldVector
# 131.344 ms (2251791 allocations: 194.32 MiB)
# Well, the difference is subtle
# 130.677 ms (2251632 allocations: 194.31 MiB)
# -- Actually, I've made a mistake (I was updating Sf[i] insfead of S[...])
# 131.131 ms (2251646 allocations: 194.31 MiB)
# -- Add two new datasets "Eduard-5" and "Eduard-10"
