PaviaDataset	1x1	1	0.01	0.4	1.0	73.02%	69.64%
PaviaDataset	1x1	1	0.01	0.45	1.0	73.65%	70.36%
PaviaDataset	1x1	1	0.01	0.5	1.0	73.97%	70.71%
PaviaDataset	1x1	1	0.01	0.55	1.0	73.97%	70.71%
PaviaDataset	1x1	1	0.01	0.6	1.0	73.33%	70.0%
PaviaDataset	1x1	1	0.05	0.4	1.0	73.02%	69.64%
PaviaDataset	1x1	1	0.05	0.45	1.0	73.65%	70.36%
PaviaDataset	1x1	1	0.05	0.5	1.0	73.97%	70.71%
PaviaDataset	1x1	1	0.05	0.55	1.0	73.97%	70.71%
PaviaDataset	1x1	1	0.05	0.6	1.0	73.33%	70.0%
PaviaDataset	1x1	2	0.01	0.4	1.0	72.7%	69.29%
PaviaDataset	1x1	2	0.01	0.45	1.0	73.65%	70.36%
PaviaDataset	1x1	2	0.01	0.5	1.0	73.97%	70.71%
PaviaDataset	1x1	2	0.01	0.55	1.0	73.97%	70.71%
PaviaDataset	1x1	2	0.01	0.6	1.0	73.33%	70.0%
PaviaDataset	1x1	2	0.05	0.4	1.0	72.7%	69.29%
PaviaDataset	1x1	2	0.05	0.45	1.0	73.65%	70.36%
PaviaDataset	1x1	2	0.05	0.5	1.0	73.97%	70.71%
PaviaDataset	1x1	2	0.05	0.55	1.0	73.97%	70.71%
PaviaDataset	1x1	2	0.05	0.6	1.0	73.33%	70.0%
PaviaDataset	1x1	4	0.01	0.4	1.0	73.65%	70.36%
PaviaDataset	1x1	4	0.01	0.45	1.0	74.29%	71.07%
PaviaDataset	1x1	4	0.01	0.5	1.0	74.29%	71.07%
PaviaDataset	1x1	4	0.01	0.55	1.0	73.97%	70.71%
PaviaDataset	1x1	4	0.01	0.6	1.0	73.33%	70.0%
PaviaDataset	1x1	4	0.05	0.4	1.0	73.65%	70.36%
PaviaDataset	1x1	4	0.05	0.45	1.0	74.29%	71.07%
PaviaDataset	1x1	4	0.05	0.5	1.0	74.29%	71.07%
PaviaDataset	1x1	4	0.05	0.55	1.0	73.97%	70.71%
PaviaDataset	1x1	4	0.05	0.6	1.0	73.33%	70.0%
PaviaDataset	1x1	6	0.01	0.4	1.0	73.65%	70.36%
PaviaDataset	1x1	6	0.01	0.45	1.0	74.29%	71.07%
PaviaDataset	1x1	6	0.01	0.5	1.0	74.29%	71.07%
PaviaDataset	1x1	6	0.01	0.55	1.0	74.29%	71.07%
PaviaDataset	1x1	6	0.01	0.6	1.0	74.29%	71.07%
PaviaDataset	1x1	6	0.05	0.4	1.0	73.65%	70.36%
PaviaDataset	1x1	6	0.05	0.45	1.0	74.29%	71.07%
PaviaDataset	1x1	6	0.05	0.5	1.0	74.29%	71.07%
PaviaDataset	1x1	6	0.05	0.55	1.0	74.29%	71.07%
PaviaDataset	1x1	6	0.05	0.6	1.0	74.29%	71.07%
IndianPinesCorrectedDataset	1x1	1	0.01	0.4	1.0	58.44%	55.67%
IndianPinesCorrectedDataset	1x1	1	0.01	0.45	1.0	58.44%	55.67%
IndianPinesCorrectedDataset	1x1	1	0.01	0.5	1.0	58.75%	56.0%
IndianPinesCorrectedDataset	1x1	1	0.01	0.55	1.0	59.38%	56.67%
IndianPinesCorrectedDataset	1x1	1	0.01	0.6	1.0	60.0%	57.33%
IndianPinesCorrectedDataset	1x1	1	0.05	0.4	1.0	58.44%	55.67%
IndianPinesCorrectedDataset	1x1	1	0.05	0.45	1.0	58.44%	55.67%
IndianPinesCorrectedDataset	1x1	1	0.05	0.5	1.0	58.75%	56.0%
IndianPinesCorrectedDataset	1x1	1	0.05	0.55	1.0	59.38%	56.67%
IndianPinesCorrectedDataset	1x1	1	0.05	0.6	1.0	60.0%	57.33%
IndianPinesCorrectedDataset	1x1	2	0.01	0.4	1.0	59.38%	56.67%
IndianPinesCorrectedDataset	1x1	2	0.01	0.45	1.0	59.38%	56.67%
IndianPinesCorrectedDataset	1x1	2	0.01	0.5	1.0	59.69%	57.0%
IndianPinesCorrectedDataset	1x1	2	0.01	0.55	1.0	60.31%	57.67%
IndianPinesCorrectedDataset	1x1	2	0.01	0.6	1.0	60.31%	57.67%
IndianPinesCorrectedDataset	1x1	2	0.05	0.4	1.0	59.38%	56.67%
IndianPinesCorrectedDataset	1x1	2	0.05	0.45	1.0	59.38%	56.67%
IndianPinesCorrectedDataset	1x1	2	0.05	0.5	1.0	59.69%	57.0%
IndianPinesCorrectedDataset	1x1	2	0.05	0.55	1.0	60.31%	57.67%
IndianPinesCorrectedDataset	1x1	2	0.05	0.6	1.0	60.31%	57.67%
IndianPinesCorrectedDataset	1x1	4	0.01	0.4	1.0	55.62%	52.67%
IndianPinesCorrectedDataset	1x1	4	0.01	0.45	1.0	55.94%	53.0%
IndianPinesCorrectedDataset	1x1	4	0.01	0.5	1.0	56.56%	53.67%
IndianPinesCorrectedDataset	1x1	4	0.01	0.55	1.0	57.19%	54.33%
IndianPinesCorrectedDataset	1x1	4	0.01	0.6	1.0	57.19%	54.33%
IndianPinesCorrectedDataset	1x1	4	0.05	0.4	1.0	55.62%	52.67%
IndianPinesCorrectedDataset	1x1	4	0.05	0.45	1.0	55.94%	53.0%
IndianPinesCorrectedDataset	1x1	4	0.05	0.5	1.0	56.56%	53.67%
IndianPinesCorrectedDataset	1x1	4	0.05	0.55	1.0	57.19%	54.33%
IndianPinesCorrectedDataset	1x1	4	0.05	0.6	1.0	57.19%	54.33%
IndianPinesCorrectedDataset	1x1	6	0.01	0.4	1.0	57.5%	54.67%
IndianPinesCorrectedDataset	1x1	6	0.01	0.45	1.0	57.5%	54.67%
IndianPinesCorrectedDataset	1x1	6	0.01	0.5	1.0	57.5%	54.67%
IndianPinesCorrectedDataset	1x1	6	0.01	0.55	1.0	57.5%	54.67%
IndianPinesCorrectedDataset	1x1	6	0.01	0.6	1.0	57.5%	54.67%
IndianPinesCorrectedDataset	1x1	6	0.05	0.4	1.0	57.5%	54.67%
IndianPinesCorrectedDataset	1x1	6	0.05	0.45	1.0	57.5%	54.67%
IndianPinesCorrectedDataset	1x1	6	0.05	0.5	1.0	57.5%	54.67%
IndianPinesCorrectedDataset	1x1	6	0.05	0.55	1.0	57.5%	54.67%
IndianPinesCorrectedDataset	1x1	6	0.05	0.6	1.0	57.5%	54.67%
