┌ LogLevel(-500):  Branch (3+14=17 samples) on condition: <PO> (V15 >= 1268), purity -0.3995899333832672
└ @ DecisionTree.treeclassifier ~/.julia/dev/DecisionTree/src/modal-classification/tree.jl:407
[1620 1408 1343;
 1724 1398 1252;
 1177 1703 1367]        2D[2D((1, 3), (3, 4))]        true    2D[2D((1, 2), (1, 4)), 2D((1, 2), (2, 4))]
[1007 1071 1085;
 1060 1075 1090;
 1073 995 1079] 2D[2D((2, 4), (1, 3)), 2D((1, 3), (1, 3)), 2D((2, 4), (1, 4)), 2D((1, 3), (1, 4)), 2D((1, 4), (1, 3)), 2D((1, 4), (1, 4)), 2D((2, 4), (1, 2)), 2D((1, 3), (1, 2)), 2D((2, 3), (1, 3)), 2D((2, 3), (1, 4)), 2D((1, 4), (1, 2))]    false   2D[2D((2, 4), (1, 3)), 2D((1, 3), (1, 3)), 2D((2, 4), (1, 4)), 2D((1, 3), (1, 4)), 2D((1, 4), (1, 3)), 2D((1, 4), (1, 4)), 2D((2, 4), (1, 2)), 2D((1, 3), (1, 2)), 2D((2, 3), (1, 3)), 2D((2, 3), (1, 4)), 2D((1, 4), (1, 2))]
[1468 1124 1067;
 1502 1382 1132;
 1571 1503 1257]        2D[2D((1, 4), (3, 4)), 2D((2, 4), (3, 4)), 2D((1, 3), (2, 4)), 2D((1, 3), (2, 3)), 2D((1, 2), (2, 4))]    true    2D[2D((2, 4), (1, 3)), 2D((2, 3), (1, 3)), 2D((2, 4), (2, 3))]
[1855 1449 1457;
 1332 1360 1407;
 653 1040 1453] 2D[2D((2, 4), (1, 3)), 2D((2, 4), (1, 2)), 2D((2, 3), (1, 3))]      true    2D[2D((1, 3), (2, 4)), 2D((2, 3), (2, 4)), 2D((1, 3), (1, 2)), 2D((1, 3), (2, 3)), 2D((1, 3), (1, 4)), 2D((1, 3), (1, 3)), 2D((2, 3), (1, 4)), 2D((2, 3), (1, 3))]
[1620 1408 1343;
 1724 1398 1252;
 1177 1703 1367]        2D[2D((1, 3), (3, 4))]        true    2D[2D((1, 2), (1, 4)), 2D((1, 2), (2, 4))]
[1240 1374 1342;
 1450 1395 1391;
 1400 1461 1457]        2D[2D((1, 3), (1, 2)), 2D((1, 2), (1, 3))]    true    2D[2D((2, 4), (1, 3)), 2D((2, 4), (1, 4)), 2D((2, 4), (1, 2)), 2D((2, 3), (1, 3)), 2D((2, 3), (1, 4)), 2D((1, 3), (2, 4)), 2D((1, 4), (2, 4)), 2D((1, 2), (2, 4)), 2D((1, 3), (2, 3)), 2D((1, 4), (2, 3))]
[849 1202 1253;
 1229 1247 1360;
 1241 1377 1354] 2D[2D((1, 4), (1, 4)), 2D((2, 4), (1, 4)), 2D((1, 4), (2, 4)), 2D((2, 4), (2, 4)), 2D((1, 4), (3, 4)), 2D((2, 4), (3, 4)), 2D((3, 4), (1, 4)), 2D((3, 4), (2, 4)), 2D((1, 3), (1, 4)), 2D((1, 3), (2, 4)), 2D((1, 3), (3, 4)), 2D((1, 2), (1, 4)), 2D((1, 2), (2, 4)), 2D((1, 4), (1, 3)), 2D((2, 4), (1, 3)), 2D((1, 4), (1, 2)), 2D((2, 4), (1, 2)), 2D((3, 4), (1, 3)), 2D((1, 4), (2, 3)), 2D((2, 4), (2, 3)), 2D((1, 3), (1, 3)), 2D((1, 3), (2, 3)), 2D((1, 2), (1, 3)), 2D((2, 3), (1, 4)), 2D((2, 3), (2, 4)), 2D((1, 3), (1, 2)), 2D((2, 3), (1, 3))]  true    2D[2D((3, 4), (2, 4)), 2D((2, 4), (3, 4))]
[1174 1207 1301;
 1203 1149 1240;
 1328 1217 1227]        2D[2D((1, 4), (1, 4)), 2D((2, 4), (1, 4)), 2D((1, 4), (2, 4)), 2D((2, 4), (2, 4)), 2D((1, 4), (3, 4)), 2D((2, 4), (3, 4)), 2D((3, 4), (1, 4)), 2D((3, 4), (2, 4)), 2D((1, 3), (1, 4)), 2D((1, 3), (2, 4)), 2D((1, 3), (3, 4)), 2D((1, 2), (1, 4)), 2D((1, 2), (2, 4)), 2D((1, 4), (1, 3)), 2D((2, 4), (1, 3)), 2D((1, 4), (1, 2)), 2D((2, 4), (1, 2)), 2D((3, 4), (1, 3)), 2D((1, 3), (1, 3)), 2D((1, 3), (1, 2)), 2D((1, 2), (1, 3)), 2D((1, 4), (2, 3)), 2D((2, 4), (2, 3)), 2D((1, 3), (2, 3)), 2D((2, 3), (1, 4)), 2D((2, 3), (2, 4)), 2D((2, 3), (1, 3))]  false2D[2D((1, 4), (1, 4)), 2D((2, 4), (1, 4)), 2D((1, 4), (2, 4)), 2D((2, 4), (2, 4)), 2D((1, 4), (3, 4)), 2D((2, 4), (3, 4)), 2D((3, 4), (1, 4)), 2D((3, 4), (2, 4)), 2D((1, 3), (1, 4)), 2D((1, 3), (2, 4)), 2D((1, 3), (3, 4)), 2D((1, 2), (1, 4)), 2D((1, 2), (2, 4)), 2D((1, 4), (1, 3)), 2D((2, 4), (1, 3)), 2D((1, 4), (1, 2)), 2D((2, 4), (1, 2)), 2D((3, 4), (1, 3)), 2D((1, 3), (1, 3)), 2D((1, 3), (1, 2)), 2D((1, 2), (1, 3)), 2D((1, 4), (2, 3)), 2D((2, 4), (2, 3)), 2D((1, 3), (2, 3)), 2D((2, 3), (1, 4)), 2D((2, 3), (2, 4)), 2D((2, 3), (1, 3))]
[1216 1482 1351;
 1832 1494 1119;
 1871 1392 1366]        2D[2D((2, 4), (3, 4)), 2D((3, 4), (2, 4))]    true    2D[2D((3, 4), (1, 4)), 2D((3, 4), (2, 4)), 2D((2, 4), (1, 3)), 2D((3, 4), (1, 3)), 2D((1, 4), (2, 3)), 2D((2, 4), (2, 3))]
[1446 1391 1399;
 1360 1467 1415;
 1365 1383 1422]        2D[2D((2, 4), (1, 2))]        true    2D[2D((1, 3), (1, 3)), 2D((1, 3), (1, 4)), 2D((1, 3), (1, 2)), 2D((2, 3), (1, 3)), 2D((3, 4), (1, 3)), 2D((2, 3), (1, 4)), 2D((3, 4), (1, 4))]
[1391 1388 1371;
 1341 1348 1380;
 1380 1341 1336]        2D[2D((1, 3), (2, 4)), 2D((1, 3), (3, 4)), 2D((1, 2), (1, 4)), 2D((1, 2), (2, 4)), 2D((1, 2), (1, 3)), 2D((1, 3), (2, 3)), 2D((2, 3), (2, 4))]  true    2D[2D((2, 4), (1, 3)), 2D((1, 2), (1, 3)), 2D((2, 3), (1, 3)), 2D((1, 4), (1, 3)), 2D((1, 3), (1, 3)), 2D((2, 4), (2, 3)), 2D((2, 4), (3, 4)), 2D((2, 4), (1, 4)), 2D((2, 4), (2, 4)), 2D((1, 2), (1, 4)), 2D((2, 3), (1, 4)), 2D((1, 4), (2, 3)), 2D((1, 4), (3, 4)), 2D((1, 2), (2, 4)), 2D((2, 3), (2, 4)), 2D((1, 3), (1, 2)), 2D((1, 4), (1, 2)), 2D((1, 3), (2, 4)), 2D((1, 4), (2, 4)), 2D((1, 3), (3, 4)), 2D((1, 3), (2, 3))]
[1306 1561 1582;
 1268 1377 1675;
 1214 1442 1670]        2D[2D((1, 4), (1, 2)), 2D((2, 4), (1, 2)), 2D((1, 3), (1, 2))]      true    2D[2D((1, 2), (1, 3)), 2D((1, 3), (1, 3)), 2D((1, 2), (1, 4)), 2D((1, 3), (1, 4)), 2D((2, 3), (1, 3)), 2D((2, 3), (1, 4)), 2D((1, 3), (1, 2))]
[1076 1230 1638;
 1113 1073 1342;
 1127 1117 1263]        2D[2D((2, 4), (1, 4)), 2D((2, 4), (2, 4)), 2D((2, 4), (3, 4)), 2D((3, 4), (1, 4)), 2D((3, 4), (2, 4)), 2D((2, 3), (1, 4)), 2D((2, 3), (2, 4))]  true    2D[2D((1, 3), (3, 4))]
[1538 1455 1454;
 1549 1462 1328;
 1523 1487 1425]        2D[2D((1, 3), (3, 4))]        true    2D[2D((2, 4), (1, 4)), 2D((2, 4), (2, 4)), 2D((2, 4), (3, 4)), 2D((1, 2), (1, 4)), 2D((2, 3), (1, 4)), 2D((1, 2), (2, 4)), 2D((2, 3), (2, 4))]
[1142 1014 1154;
 1028 1102 1186;
 1141 1191 1156]        2D[2D((1, 4), (1, 4)), 2D((2, 4), (1, 4)), 2D((1, 4), (2, 4)), 2D((2, 4), (2, 4)), 2D((1, 4), (3, 4)), 2D((2, 4), (3, 4)), 2D((3, 4), (1, 4)), 2D((3, 4), (2, 4)), 2D((1, 3), (1, 4)), 2D((1, 3), (2, 4)), 2D((1, 3), (3, 4)), 2D((1, 2), (1, 4)), 2D((1, 2), (2, 4)), 2D((1, 3), (1, 3)), 2D((1, 4), (1, 3)), 2D((1, 3), (1, 2)), 2D((1, 4), (1, 2)), 2D((1, 2), (1, 3)), 2D((2, 4), (1, 3)), 2D((1, 4), (2, 3)), 2D((2, 4), (2, 3)), 2D((3, 4), (1, 3)), 2D((2, 3), (1, 4)), 2D((2, 3), (2, 4))]        false   2D[2D((1, 4), (1, 4)), 2D((2, 4), (1, 4)), 2D((1, 4), (2, 4)), 2D((2, 4), (2, 4)), 2D((1, 4), (3, 4)), 2D((2, 4), (3, 4)), 2D((3, 4), (1, 4)), 2D((3, 4), (2, 4)), 2D((1, 3), (1, 4)), 2D((1, 3), (2, 4)), 2D((1, 3), (3, 4)), 2D((1, 2), (1, 4)), 2D((1, 2), (2, 4)), 2D((1, 3), (1, 3)), 2D((1, 4), (1, 3)), 2D((1, 3), (1, 2)), 2D((1, 4), (1, 2)), 2D((1, 2), (1, 3)), 2D((2, 4), (1, 3)), 2D((1, 4), (2, 3)), 2D((2, 4), (2, 3)), 2D((3, 4), (1, 3)), 2D((2, 3), (1, 4)), 2D((2, 3), (2, 4))]
[1279 1370 1329;
 1172 1324 1423;
 1163 1354 1403]        2D[2D((2, 4), (3, 4)), 2D((1, 3), (1, 2)), 2D((1, 4), (1, 2)), 2D((1, 2), (1, 3)), 2D((2, 4), (1, 2))]    true    2D[2D((1, 3), (2, 4)), 2D((1, 3), (3, 4)), 2D((2, 3), (2, 4)), 2D((3, 4), (2, 4)), 2D((1, 2), (1, 3)), 2D((1, 2), (1, 4)), 2D((1, 4), (2, 4)), 2D((1, 2), (2, 4)), 2D((1, 3), (2, 3)), 2D((1, 4), (2, 3))]
[528 1051 1235;
 1113 1305 1414;
 1370 1425 1412] 2D[2D((1, 3), (1, 4)), 2D((1, 3), (2, 4)), 2D((1, 3), (3, 4)), 2D((1, 2), (1, 4)), 2D((1, 2), (2, 4)), 2D((1, 4), (1, 2)), 2D((2, 4), (1, 2)), 2D((2, 3), (1, 4)), 2D((2, 3), (2, 4))]        true 2D[2D((2, 4), (2, 4)), 2D((2, 4), (3, 4)), 2D((2, 4), (2, 3)), 2D((2, 3), (2, 4)), 2D((3, 4), (1, 3)), 2D((3, 4), (1, 4))]
ERROR: Something's wrong with the optimization steps.
Different unsatisfied and best_unsatisfied:
computed: [1, 1, 0, 0, 1, 0, 0, 1, 0, 0, 0, 0, 0, 0, 1, 0, 0]
12
actual: [0, 1, 0, 0, 0, 0, 0, 1, 0, 0, 0, 0, 0, 0, 1, 0, 0]
14
