┌ LogLevel(-500):  Branch (7+28=35 samples) on condition: <TPP> (V1 >= 1337), purity -1.1355863385289013
└ @ DecisionTree.treeclassifier ~/.julia/dev/DecisionTree/src/modal-classification/tree.jl:407
[901 1220 1220; 1345 1085 1225; 869 1114 1114]  [((2, 3), (1, 4))]  true    DecisionTree.ModalLogic.Interval2D[((2, 3), (1, 2))]
[1300 1124 1265; 1203 1174 1108; 1401 796 1233] [((1, 3), (1, 4)), (DecisionTree.ModalLogic.Interval(1, 4), (3, 4)), ((1, 3), (2, 4)), (DecisionTree.ModalLogic.Interval(1, 2), (1, 4)), ((1, 4), (1, 2)), (DecisionTree.ModalLogic.Interval(1, 3), (1, 3))]        true    [((3, 4), (1, 2))]
[912 1496 1127; 1160 889 816; 1297 1120 1144]   [((3, 4), (1, 4))]  false   DecisionTree.ModalLogic.Interval2D[((3, 4), (1, 4))]
[816 806 900; 999 1333 1032; 1119 950 1268]     [((2, 4), (1, 4)), (DecisionTree.ModalLogic.Interval(2, 4), (2, 4))]    false   [((2, 4), (1, 4)),
 ((2, 4), (2, 4))]
[1401 796 1233; 1160 1133 1277; 866 932 766]    [((2, 3), (1, 4))]  false   DecisionTree.ModalLogic.Interval2D[((2, 3), (1, 4))]
[1123 1137 1368; 972 1354 1001; 1550 1121 1055] [((1, 3), (1, 4)), (DecisionTree.ModalLogic.Interval(1, 4), (1, 4)), ((1, 3), (2, 4)), (DecisionTr
ee.ModalLogic.Interval(1, 4), (2, 4)), ((1, 2), (1, 4)), (DecisionTree.ModalLogic.Interval(2, 4), (1, 4)), ((1, 4), (1, 3)), (DecisionTree.ModalLogi
c.Interval(2, 4), (1, 3)), ((3, 4), (1, 4))]  true    [DecisionTree.ModalLogic.Interval2D((1, 2), (3, 4)), ((2, 3), (2, 3)), DecisionTree.ModalLogic.Interval2D((3, 4), (1, 2))]

[1300 1261 649;
 1553 829 1078;
 1191 1017 1236]  [((1, 4), (1, 2))]  true    DecisionTree.ModalLogic.Interval2D[((2, 3), (1, 2))]

[1380 1195 793; 1306 569 1022; 963 1272 1020]   [((1, 4), (1, 2)), (DecisionTree.ModalLogic.Interval(3, 4), (1, 4))]    true    [((1, 2), (1, 2))]
[1416 1025 1148; 1009 1009 820; 1584 690 1405]  [((1, 3), (1, 3)), (DecisionTree.ModalLogic.Interval(1, 2), (1, 4))]    true    [((1, 2), (1, 2))]
[1091 870 980; 1214 1079 1479; 1615 983 1103]   [((1, 4), (1, 2)), (DecisionTree.ModalLogic.Interval(2, 4), (1, 3)), ((2, 4), (1, 4)), (DecisionTr
ee.ModalLogic.Interval(1, 4), (3, 4)), ((2, 4), (2, 4)), (DecisionTree.ModalLogic.Interval(2, 3), (1, 4))]        true    [((3, 4), (1, 2)), Decisio
nTree.ModalLogic.Interval2D((2, 3), (3, 4))]
[1095 1314 1492; 958 1082 1222; 1135 957 1041]  [((1, 4), (1, 4)), (DecisionTree.ModalLogic.Interval(1, 4), (2, 4)), ((1, 3), (1, 4)), (DecisionTr
ee.ModalLogic.Interval(1, 4), (3, 4)), ((1, 3), (2, 4)), (DecisionTree.ModalLogic.Interval(1, 2), (1, 4)), ((1, 4), (1, 3)), (DecisionTree.ModalLogi
c.Interval(1, 4), (2, 3)), ((1, 3), (1, 3))]  true    [DecisionTree.Modal$
