┌ LogLevel(-500):  Branch (5+7=12 samples) on condition: <DC> (V1 >= 822), purity -0.6351805770154195                                                                                                                                         
└ @ DecisionTree.treeclassifier ~/.julia/dev/DecisionTree/src/modal-classification/tree.jl:403
[847 689 992;
908 740 619;
449 778 696]            [((1, 3), (1, 2))]true               [((1, 2), (3, 4))]                                                                                                                      
[915 860 941;
 302 886 651;
 895 613 677]            [((1, 2), (1, 3)), ((1, 2), (1, 4)), ((1, 2), (2, 4))]      true    [((3, 4), (1, 2))]
[722 1056 853;
 912 328 699;
 506 738 634]                   [((1, 2), (2, 4))]        false              [((1, 2), (2, 4))]
[754 481 939;
 599 790 761;
 500 937 760]            [((2, 4), (2, 3))]false              [((2, 4), (2, 3))]
[731 987 885;
 883 873 618;
 956 866 839]            [((2, 4), (1, 3)), ((2, 4), (1, 2)), ((3, 4), (1, 3)), ((3, 4), (1, 4)), ((1, 3), (2, 3)), ((1, 4), (2, 3)), ((1, 2), (2, 4))]  true                [((1, 2), (3, 4)), ((3, 4), (3, 4)), ((1, 2), (2, 3)), ((1, 2), (2, 4)), ((3, 4), (1, 2)), ((3, 4), (1, 3)), ((3, 4), (2, 3)), ((3, 4), (1, 4)), ((3, 4), (2, 4))]
[1044 797 833;
 861 406 739;
 531 957 784]                   [((1, 3), (1, 2)), ((1, 2), (1, 3)), ((1, 2), (1, 4))]      true               [((1, 2), (3, 4)), ((3, 4), (2, 3))]
[577 871 898;
 931 678 871;
 679 857 964]            [((1, 4), (3, 4)), ((2, 4), (3, 4)), ((3, 4), (2, 4))]      true    [((2, 3), (1, 2)), ((1, 2), (2, 3)), ((1, 2), (2, 4)), ((1, 2), (3, 4))]
[819 958 594;
 749 665 383;
 991 493 572]            [((1, 2), (1, 3))]true               [((3, 4), (1, 2))]
[729 724 894;
 710 893 961;
 578 872 712]            [((1, 3), (3, 4)), ((2, 3), (2, 4))]    false              [((1, 3), (3, 4)), ((2, 3), (2, 4))]
[822 540 723;
 690 346 990;
 641 666 882]            [((2, 4), (3, 4))]true               [((1, 2), (1, 2))]
[427 521 467;
 727 688 616;
 904 803 609]            [((3, 4), (1, 3))]false              [((3, 4), (1, 3))]
[819 421 522;
 996 515 366;
 423 552 706]            [((1, 3), (1, 2))]false              [((1, 3), (1, 2))]
 ERROR: Something's wrong with the optimization steps.                                                                  
ERROR: Something's wrong with the optimization steps.                                                                                                                                         
Different unsatisfied and best_unsatisfied:                                                                                                                                                   
computed: [0, 1, 1, 1, 0, 0, 0, 1, 1, 0, 1, 1]                                                                                                                                                                     
5                                                                                                                                                                                                                  
actual: [0, 0, 1, 1, 0, 0, 0, 0, 1, 0, 1, 1]                                                                                                                                                                       
7                                        