┌ LogLevel(-500):  Branch (37+72=109 samples) on condition: <EC> (V1 >= 986), purity -1.6713120117625782                                                                                                                                      
└ @ DecisionTree.treeclassifier ~/.julia/dev/DecisionTree/src/modal-classification/tree.jl:403                                                                                                                                                
[561 646 820; 773 551 696; 595 746 966] 									false                                           
[895 975 779; 809 1027 878; 1174 206 1001]      									        true                            
[427 521 467; 727 688 616; 904 803 609] 									false                                           
[115 643 728; 628 261 247; 354 798 532] 									false                                           
[131 494 508; 241 946 873; 640 912 611] 									false                                           
[819 958 594; 749 665 383; 991 493 572] 									true                                            
[778 621 589; 436 573 452; 582 563 649] 									false                                           
[1128 392 1269; 759 1207 1096; 768 1030 712]    									        true                            
[718 655 472; 284 647 729; 814 797 580] 									false                                           
[137 407 737; 190 401 439; 927 312 247] 									false                                           
[476 503 510; 440 859 837; 385 416 858] 									false                                                                             
[1281 1252 542; 833 593 1389; 1021 899 1145]    									        true                                                              
[1229 621 1327; 1060 1086 864; 969 766 1532]    									        true                                                              
[157 248 1046; 744 626 894; 682 633 845]        									        true                                                              
[754 481 939; 599 790 761; 500 937 760] 									false                                                                             
[1035 909 929; 691 707 594; 837 770 581]        									        true                                                              
[847 689 992; 908 740 619; 449 778 696] 									true                                                                              
[827 1024 700; 1065 582 908; 619 788 997]       									        true                                                              
[575 418 540; 755 846 591; 697 552 150] 									false                                                                             
[892 1028 648; 616 1014 407; 392 546 686]       									        true                                                              
[1044 797 833; 861 406 739; 531 957 784]        									        true                                                              
[127 449 698; 0 318 614; 568 308 841]   									false                                                                             
[510 609 551; 895 719 721; 851 489 357] 									false                                                                             
[1452 1439 512; 1267 804 1658; 1341 1367 1472]  									        true                                                              
[503 626 968; 667 1345 452; 778 1057 974]       									        true                                                              
[851 628 951; 1073 1032 977; 788 1174 321]      									        true                                                                                                                                                                           
[638 368 411; 632 420 618; 283 887 654] 									false                                                                                                                                                                                          
[953 728 233; 183 602 662; 845 1092 650]        									        true                                                                                                                                                                           
[977 869 640; 951 402 844; 782 681 642] 									false                                                                                                                                                                                          
[461 912 580; 729 459 768; 552 556 542] 									false                                                                                                                                                                                          
[1370 1115 965; 622 1700 1186; 1582 1037 1264]  									        true                                                                                                                                                                           
[963 1032 530; 672 818 1135; 908 263 1051]      									        true                                                                                                                                                                           
[424 675 706; 872 900 1156; 686 571 641]        									        true                                                                                                                                                                           
[935 317 283; 634 694 530; 785 835 508] 									false                                                                                                                                                                                          
[878 1277 619; 1041 929 912; 881 1175 898]      									        true                                                                                                                                                                           
[729 376 569; 473 747 633; 285 617 797] 									false                                                                                                                                                                                          
[488 625 645; 270 397 666; 277 346 779] 									false                                                                                                                                                                                          
[351 481 916; 240 724 547; 659 690 1000]        									        true                                                                                                                                                                           
[778 1017 1235; 998 457 1039; 794 1110 660]     									        true                                                                                                                                                                           
[697 852 1134; 886 1088 1124; 852 743 629]      									        true                                                                                                                                                                           
[900 753 1038; 766 778 535; 660 521 382]        									        true                                                                                                                                                                           
[1067 1189 905; 955 883 525; 605 609 1105]      									        true                                                                                                                                                                           
[2266 2403 1278; 1615 1376 564; 953 840 432]    									        true                                                                                                                                                                           
[922 969 1455; 1453 609 1149; 1170 1347 1145]   									        true                                                                                                                                                                           
[414 765 939; 613 465 732; 968 1067 527]        									        true                                                                                                                                                                           
[1095 209 377; 513 265 752; 1075 702 461]       									        true                                                                                                                                                                           
[918 1227 1474; 1541 1081 874; 893 961 559]     									        true                                                                                                                                                                           
[599 753 803; 769 735 568; 708 716 1005]        									        true                                                                                                                                                                           
[359 838 563; 469 926 739; 944 719 654] 									false                                                                                                                                                                                          
[601 1336 428; 1059 849 933; 456 175 815]       									        true                                                                                                                                                                           
[1028 582 552; 373 773 641; 766 872 338]        									        true                                                                                                                                                                           
[593 1072 1123; 944 1075 662; 1204 920 1118]    									        true                                                                                                                                                                           
[819 421 522; 996 515 366; 423 552 706] 									true                                                                                                                                                                                           
[221 312 51; 387 661 441; 440 728 641]  									false                                                                                                                                                                                          
[677 787 420; 691 727 562; 819 700 791] 									false                                                                                                                                                                                          
[1382 554 902; 966 962 700; 765 986 1159]       									        true                                                                                                                                                                           
[1005 1102 677; 596 961 1052; 862 879 955]      									        true                                                                                                                                                                           
[652 846 714; 892 534 675; 421 557 1002]        									        true                                                                                                                                                                           
[345 866 813; 689 895 439; 604 91 429]  									false                                                                                                                                                                                          
[1300 343 1376; 1161 1173 1482; 1086 746 1289]  									        true                                                                                                                                                                           
[559 503 771; 694 1069 917; 930 660 713]        									        false                                                                                                                                                                          
[453 710 758; 498 448 733; 863 1081 808]        									        true                                                                                                                                                                           
[632 665 634; 995 718 785; 910 468 484] 									true                                                                                                                                                                                           
[981 1428 462; 1060 819 168; 944 177 570]       									        true                                                                                                                                                                           
[1380 1195 793; 1306 569 1022; 963 1272 1020]   									        true                                                                                                                                                                           
[441 684 348; 374 486 1071; 963 788 374]        									        true                                                                                                                                                                           
[618 510 609; 446 895 719; 830 851 489] 									false                                                                                                                                                                                          
[783 1179 946; 468 684 713; 936 746 682]        									        true                                                                                                                                                                           
[1128 403 388; 853 389 766; 767 984 825]        									        true                                                                                                                                                                           
[822 540 723; 690 346 990; 641 666 882] 									true                                                                                                                                                                                           
[820 1200 1512; 658 1216 1144; 251 467 784]     									        true                                                                                                                                                                           
[927 1176 1068; 1170 627 849; 934 813 1328]     									        true                                                                                                                                                                           
[1306 443 961; 918 421 355; 0 367 921]  									true                                                                                                                                                                                           
[1209 982 1026; 668 1345 506; 1016 813 881]     									        true                                                                                                                                                                           
[729 724 894; 710 893 961; 578 872 712] 									false                                                                                                                                                                                          
[751 533 759; 761 622 769; 787 257 497] 									false                                                                                                                                                                                          
[662 531 1070; 1136 750 683; 633 810 458]       									        true                                                                                                                                                                           
[277 489 982; 1117 850 1021; 884 1153 901]      									        true                                                                                                                                                                           
[656 976 688; 744 410 226; 516 411 823] 									false                                                                                                                                                                                          
[685 1063 441; 725 845 1019; 940 1084 758]      									        true                                                                                                                                                                           
[577 871 898; 931 678 871; 679 857 964] 									false                                                                                                                                                                                          
[572 237 459; 779 997 641; 600 513 891] 									false                                                                                                                                                                                          
[1235 735 1712; 898 715 1013; 961 259 740]      									        true                            
[915 860 941; 302 886 651; 895 613 677] 									false                                           
[959 598 1142; 1130 957 792; 1003 1156 1004]    									        true                                                                                                                                                                           
[866 849 819; 784 1161 708; 752 1 530]  									false                                                                                                                          
[1291 725 688; 759 799 655; 495 953 422]        									        true                                                                                                                                                                                                                                                                          
[995 1189 1069; 942 1221 1184; 809 554 944]     									        true                                                                                                           
[725 629 205; 622 876 1015; 717 617 1086]       									        true                                                                                                           
[329 353 587; 613 575 418; 520 755 846] 									false                                                                                                                                                                                          
[731 987 885; 883 873 618; 956 866 839] 									true                                                                                                                                                                                           
[894 988 616; 1262 1566 1066; 966 1430 1479]    									        true                                                                                                                                                                                                                                                                          
[759 731 688; 1214 426 723; 884 708 697]        									        true                                                                                                                                                                           
[562 757 536; 598 601 942; 783 832 536] 									false                                                                                                                                                                                                                                                                                         
[508 1151 625; 1019 825 834; 393 970 886]       									        true                                                                                                                                                                                                                                                                          
[597 558 464; 911 781 610; 532 711 697] 									false                                                                                                                          
[489 559 619; 771 1317 854; 874 878 1278]       									        true                                                                                                           
[709 774 632; 901 977 840; 1060 663 672]        									        true                                                                                                           
[464 622 687; 552 752 475; 699 711 528] 									false                                                                                                                          
[722 1056 853; 912 328 699; 506 738 634]        									        true                                                                                                           
[1022 1337 669; 513 1172 582; 461 1292 1090]    									        true                                                                                                           
[696 1112 1682; 1250 1329 605; 1008 959 1034]   									        true                                                                                                           
[1055 686 444; 975 779 830; 1027 878 938]       									        true                                                                                                           
[705 770 458; 693 151 808; 383 618 183] 									false                                                                                                                          
[613 753 630; 710 578 219; 604 606 1028]        									        true                                                                                                           
[604 1042 1171; 823 771 634; 141 703 988]       									        true                                                                                                           
[827 1050 1051; 546 1195 1082; 589 1161 358]    									        true                                                                                                           
[553 1168 1345; 615 872 1347; 949 1201 951]     									        true                                                                                                           
[52 517 699; 454 1141 483; 856 936 860] 									false                                                                                                                          
ERROR: Something's wrong with the optimization steps.                                                                                                         
unsatisfied_flags:                                                                                                                                            
[1, 0, 1, 1, 1, 0, 1, 0, 1, 1, 1, 0, 0, 0, 1, 0, 0, 0, 1, 0, 0, 1, 1, 0, 0, 0, 1, 0, 1, 1, 0, 0, 0, 1, 0, 1, 1, 0, 0, 0, 0, 0, 0, 0, 0, 0, 0, 0, 1, 0, 0, 0, 0, 1, 1, 0, 0, 0, 1, 0, 1, 0, 0, 0, 0, 0, 1, 0, 0, 0, 0, 0, 0, 0, 1, 1, 0, 0, 1, 0, 1, 1, 0, 1, 0, 1, 0, 0, 0, 1, 0, 0, 0, 1, 0, 1, 0, 0, 1, 0, 0, 0, 0, 1, 0, 0, 0, 0, 1]                                                                                                                                                                                                                                                                                                                    
52                                                                                                                                                            
72                                                                                                                                                            

[0] 0:[tmux]*                                                                                                                                                                                                                                                                                                                                                                                