┌ LogLevel(-500):  Branch (9+0=9 samples) on condition: <Id,L> (V1 >= 872), purity -0.5279280773517969
└ @ DecisionTree.treeclassifier ~/.julia/dev/DecisionTree/src/modal-classification/tree.jl:403
[822 540 723;
 690 346 990;
 641 666 882]         [((1, 4), (1, 2))]  false
[562 757 536;
 598 601 942;
 783 832 536]         [((1, 4), (1, 2))]  false
[900 753 1038;
 766 778 535;
 660 521 382]        [((1, 4), (1, 2))]   false
[1291 725 688;
 759 799 655;
 495 953 422]        [((1, 4), (1, 2))]   false
[892 1028 648;
 616 1014 407;
 392 546 686]       [((1, 4), (1, 2))]   false
[1028 582 552;
 373 773 641;
 766 872 338]        [((1, 4), (1, 2))]   false
[613 753 630;
 710 578 219;
 604 606 1028]        [((1, 4), (1, 2))]   false
[778 621 589;
 436 573 452;
 582 563 649]         [((1, 4), (1, 2))]  false
[656 976 688;
 744 410 226;
 516 411 823]         [((1, 4), (1, 2))]  false
ERROR: Something's wrong with the optimization steps.
Uninformative split.
[1, 1, 1, 1, 1, 1, 1, 1, 1]
unsatisfied_flags:
[1, 1, 1, 1, 1, 1, 1, 1, 1]
4
0
