

[1015 1045 1482;
 1314 980 1002;
 929 1180 1789]  Interval2D[Interval2D((1, 3), (1, 4)), Interval2D((1, 3), (2, 4))]    false
[553 1168 1345;
 615 872 1347;
 949 1201 951]     Interval2D[Interval2D((1, 3), (2, 4))] false
[1245 723 1203;
 1410 1263 1065;
 1271 1078 836]  Interval2D[Interval2D((1, 3), (1, 4)), Interval2D((1, 3), (2, 4))]    false
[3818 3614 4047;
 3694 3323 3164;
 3011 2625 2307]        Interval2D[Interval2D((1, 3), (1, 4)), Interval2D((1, 3), (2, 4))]    true
[3770 3673 4053;
 3594 3618 3135;
 2842 2529 2413]        Interval2D[Interval2D((1, 3), (1, 4)), Interval2D((1, 3), (2, 4))]    true
[741 1231 1311;
 1024 1236 1372;
 1505 1342 896]  Interval2D[Interval2D((1, 3), (1, 4)), Interval2D((1, 3), (2, 4))]    false
[1229 621 1327;
 1060 1086 864;
 969 766 1532]    Interval2D[Interval2D((1, 3), (1, 4)), Interval2D((1, 3), (2, 4))]    false
[696 1112 1682;
 1250 1329 605;
 1008 959 1034]   Interval2D[Interval2D((1, 3), (1, 4)), Interval2D((1, 3), (2, 4))]    false
[2296 2402 2322;
 2562 2658 2477;
 2157 2788 2746]        Interval2D[Interval2D((1, 3), (1, 4)), Interval2D((1, 3), (2, 4))]    false
[3627 3482 3552;
 3755 3699 3720;
 3610 3439 3224]        Interval2D[Interval2D((1, 3), (1, 4)), Interval2D((1, 3), (2, 4))]    true
[1215 1259 986;
 1196 1263 949;
 1627 1593 781]   Interval2D[Interval2D((1, 3), (1, 4)), Interval2D((1, 3), (2, 4))]    false
[1173 692 1121;
 1141 1335 1284;
 991 1083 1327]  Interval2D[Interval2D((1, 3), (1, 4)), Interval2D((1, 3), (2, 4))]    false
[1517 1025 1734;
 1274 1437 1459;
 1221 1032 1559]        Interval2D[Interval2D((1, 3), (1, 4)), Interval2D((1, 3), (2, 4))]    false
[2973 2990 3481;
 2870 2961 3491;
 3038 3388 3207]        Interval2D[Interval2D((1, 3), (1, 4)), Interval2D((1, 3), (2, 4))]    true
[1430 1392 1312;
 1140 908 913;
 1113 1130 1245]  Interval2D[Interval2D((1, 3), (1, 4)), Interval2D((1, 3), (2, 4))]    false
[1665 2712 3256;
 3307 3881 3479;
 3534 3637 3622]        Interval2D[Interval2D((1, 3), (1, 4)), Interval2D((1, 3), (2, 4))]    true
[1284 976 1266;
 1345 1797 1179;
 1371 1547 1210] Interval2D[Interval2D((1, 3), (1, 4)), Interval2D((1, 3), (2, 4))]    false
[1104 1330 1289;
 986 1345 1221;
 949 1452 1349]  Interval2D[Interval2D((1, 3), (1, 4)), Interval2D((1, 3), (2, 4))]    false
[1370 1115 965;
 622 1700 1186;
 1582 1037 1264]  Interval2D[Interval2D((1, 3), (1, 4)), Interval2D((1, 3), (2, 4))]    false
[2979 2350 2289;
 2257 2087 2511;
 2288 2088 2126]        Interval2D[Interval2D((1, 3), (1, 4)), Interval2D((1, 3), (2, 4))]    false
[3774 3689 3008;
 3122 2780 2412;
 2429 2291 2510]        Interval2D[Interval2D((1, 3), (1, 4)), Interval2D((1, 3), (2, 4))]    false
[1179 1154 1216;
 976 1173 1197;
 1594 1555 1273] Interval2D[Interval2D((1, 3), (1, 4)), Interval2D((1, 3), (2, 4))]    false
[3974 3633 2587;
 3263 2831 2344;
 2679 2601 2209]        Interval2D[Interval2D((1, 3), (1, 4)), Interval2D((1, 3), (2, 4))]    false
[1099 1332 1163;
 1135 1317 1500;
 1190 1305 895] Interval2D[Interval2D((1, 3), (1, 4)), Interval2D((1, 3), (2, 4))]    false
[995 1420 842;
 797 1196 1519;
 902 1092 959]     Interval2D[Interval2D((1, 3), (1, 4)), Interval2D((1, 3), (2, 4))]    false
[1924 1411 878;
 1361 1476 1510;
 1334 1713 1435] Interval2D[Interval2D((1, 3), (1, 4)), Interval2D((1, 3), (2, 4))]    false
[1232 1891 2700;
 676 1758 1813;
 910 1362 1724]  Interval2D[Interval2D((1, 3), (1, 4)), Interval2D((1, 3), (2, 4))]    false
[874 1233 1499;
 958 1283 914;
 1472 1372 1201]   Interval2D[Interval2D((1, 3), (1, 4)), Interval2D((1, 3), (2, 4))]    false
[1481 1042 1191;
 1538 1270 1041;
 1099 1372 887] Interval2D[Interval2D((1, 3), (1, 4)), Interval2D((1, 3), (2, 4))]    false
[1274 994 1526;
 1476 1343 892;
 1389 1765 1764]  Interval2D[Interval2D((1, 3), (1, 4)), Interval2D((1, 3), (2, 4))]    false
[748 868 1436;
 758 1396 1138;
 1174 1294 832]    Interval2D[Interval2D((1, 3), (1, 4)), Interval2D((1, 3), (2, 4))]    false
[3518 3528 3227;
 2907 2219 2586;
 2073 2286 1937]        Interval2D[Interval2D((1, 3), (1, 4)), Interval2D((1, 3), (2, 4))]    false
[927 1176 1068;
 1170 627 849;
 934 813 1328]     Interval2D[Interval2D((1, 3), (1, 4)), Interval2D((1, 3), (2, 4))]    false
[1214 945 1579;
 1418 762 1285;
 1512 1242 1124]  Interval2D[Interval2D((1, 3), (1, 4)), Interval2D((1, 3), (2, 4))]    false
[1606 1596 1389;
 1948 1046 1522;
 1241 1157 1491]        Interval2D[Interval2D((1, 3), (1, 4)), Interval2D((1, 3), (2, 4))]    false
[2342 2881 3418;
 3137 3307 2859;
 2513 2490 2774]        Interval2D[Interval2D((1, 3), (1, 4)), Interval2D((1, 3), (2, 4))]    true
[1598 1696 1588;
 2104 1633 1459;
 1995 1284 1908]        Interval2D[Interval2D((1, 3), (1, 4)), Interval2D((1, 3), (2, 4))]    false
[1428 1406 1396;
 1551 1384 1646;
 1340 1576 1682]        Interval2D[Interval2D((1, 3), (1, 4)), Interval2D((1, 3), (2, 4))]    false
[1582 1512 942;
 764 1266 851;
 902 1031 1113]    Interval2D[Interval2D((1, 3), (1, 4)), Interval2D((1, 3), (2, 4))]    false
[1367 1398 1304;
 1177 1070 1415;
 1112 1577 1656]        Interval2D[Interval2D((1, 3), (1, 4)), Interval2D((1, 3), (2, 4))]    false
[3624 3298 2476;
 2683 2688 2199;
 2096 2202 2117]        Interval2D[Interval2D((1, 3), (1, 4)), Interval2D((1, 3), (2, 4))]    false
[1358 1138 1356;
 1161 1077 1537;
 1283 1091 1371]        Interval2D[Interval2D((1, 3), (1, 4)), Interval2D((1, 3), (2, 4))]    false
[1220 1610 1122;
 1357 1362 1351;
 1304 1255 1407]        Interval2D[Interval2D((1, 3), (1, 4)), Interval2D((1, 3), (2, 4))]    false
[1579 1613 1609;
 1643 1967 1306;
 1406 1649 1502]        Interval2D[Interval2D((1, 3), (1, 4)), Interval2D((1, 3), (2, 4))]    false
[3420 2853 2815;
 2574 2461 2749;
 2225 2335 2880]        Interval2D[Interval2D((1, 3), (1, 4)), Interval2D((1, 3), (2, 4))]    false
[3264 3021 2391;
 2450 2502 2148;
 2127 2500 2205]        Interval2D[Interval2D((1, 3), (1, 4)), Interval2D((1, 3), (2, 4))]    false
[981 845 1019;
 813 1254 1191;
 1341 875 1044]    Interval2D[Interval2D((1, 3), (1, 4)), Interval2D((1, 3), (2, 4))]    false
[1300 343 1376;
 1161 1173 1482;
 1086 746 1289]  Interval2D[Interval2D((1, 3), (1, 4)), Interval2D((1, 3), (2, 4))]    false
[3603 3308 3451;
 3471 3586 3709;
 3670 3444 3065]        Interval2D[Interval2D((1, 3), (1, 4)), Interval2D((1, 3), (2, 4))]    true
[1955 3011 4027;
 2437 3720 3898;
 3673 3843 3525]        Interval2D[Interval2D((1, 3), (1, 4)), Interval2D((1, 3), (2, 4))]    true
[1406 1224 1269;
 1864 1142 1327;
 1468 1282 1378]        Interval2D[Interval2D((1, 3), (1, 4)), Interval2D((1, 3), (2, 4))]    false
[1582 1512 942;
 764 1266 851;
 902 1031 1113]    Interval2D[Interval2D((1, 3), (1, 4)), Interval2D((1, 3), (2, 4))]    false
[991 1159 1233;
 1723 1245 1195;
 1386 940 799]   Interval2D[Interval2D((1, 3), (1, 4)), Interval2D((1, 3), (2, 4))]    false
[1144 1119 791;
 1096 1026 1102;
 1721 1278 1363] Interval2D[Interval2D((1, 3), (1, 4)), Interval2D((1, 3), (2, 4))]    false
[1626 984 1348;
 989 663 1186;
 1192 1102 1020]   Interval2D[Interval2D((1, 3), (1, 4)), Interval2D((1, 3), (2, 4))]    false
[1237 1068 1046;
 1546 1269 947;
 2463 1647 1408] Interval2D[Interval2D((1, 3), (1, 4)), Interval2D((1, 3), (2, 4))]    false
[2958 2715 2835;
 2778 3129 2977;
 2480 3052 3044]        Interval2D[Interval2D((1, 3), (1, 4)), Interval2D((1, 3), (2, 4))]    true
[1089 740 930;
 1110 882 809;
 802 1280 1276]     Interval2D[Interval2D((1, 3), (1, 4)), Interval2D((1, 3), (2, 4))]    false
[2668 3144 2853;
 2798 2762 3014;
 2551 2704 2973]        Interval2D[Interval2D((1, 3), (1, 4)), Interval2D((1, 3), (2, 4))]    true
[3091 3575 3446;
 3753 3488 3451;
 3737 4018 4090]        Interval2D[Interval2D((1, 3), (1, 4)), Interval2D((1, 3), (2, 4))]    true
[1452 1439 512;
 1267 804 1658;
 1341 1367 1472]  Interval2D[Interval2D((1, 3), (1, 4)), Interval2D((1, 3), (2, 4))]    false
[3375 3560 3625;
 3784 3526 3719;
 3671 3088 2812]        Interval2D[Interval2D((1, 3), (1, 4)), Interval2D((1, 3), (2, 4))]    true
[807 915 1722;
 1578 1505 1269;
 1025 1148 1261]  Interval2D[Interval2D((1, 3), (1, 4)), Interval2D((1, 3), (2, 4))]    false
[1195 1082 1046;
 1025 1010 1261;
 770 832 1078]  Interval2D[Interval2D((1, 3), (1, 4)), Interval2D((1, 3), (2, 4))]    false
[1491 1275 1393;
 1462 1498 896;
 1418 1235 882]  Interval2D[Interval2D((1, 3), (1, 4)), Interval2D((1, 3), (2, 4))]    false
[1591 1060 1037;
 1424 1578 1276;
 1112 953 1256] Interval2D[Interval2D((1, 3), (1, 4)), Interval2D((1, 3), (2, 4))]    false
[901 1220 1220;
 1345 1085 1225;
 869 1114 1114]  Interval2D[Interval2D((1, 3), (1, 4)), Interval2D((1, 3), (2, 4))]    false
[3464 3259 3469;
 3888 3633 2640;
 3212 2836 2262]        Interval2D[Interval2D((1, 3), (1, 4)), Interval2D((1, 3), (2, 4))]    false
[3627 3482 3552;
 3755 3699 3720;
 3610 3439 3224]        Interval2D[Interval2D((1, 3), (1, 4)), Interval2D((1, 3), (2, 4))]    true
[1477 1158 1553;
 1556 991 1442;
 1459 1043 1323] Interval2D[Interval2D((1, 3), (1, 4)), Interval2D((1, 3), (2, 4))]    false
[1584 1245 1223;
 1486 1550 1309;
 1710 1150 1629]        Interval2D[Interval2D((1, 3), (1, 4)), Interval2D((1, 3), (2, 4))]    false
[3956 3583 3804;
 3894 3523 2979;
 3126 2919 2257]        Interval2D[Interval2D((1, 3), (1, 4)), Interval2D((1, 3), (2, 4))]    true
ERROR: Something's wrong with the optimization steps.
unsatisfied_flags:
[1, 1, 1, 0, 0, 1, 1, 1, 1, 0, 1, 1, 1, 0, 1, 0, 1, 1, 1, 1, 1, 1, 1, 1, 1, 1, 1, 1, 1, 1, 1, 1, 1, 1, 1, 0, 1, 1, 1, 1, 1, 1, 1, 1, 1, 1, 1, 1, 0, 0, 1, 1, 1, 1, 1, 1, 0, 1, 0, 0, 1, 0, 1, 1, 1, 1, 1, 1, 0, 1, 1, 0]
