1[3818 3614 4047;
 3694 3323 3164;
 3011 2625 2307]           Interval2D[Interval2D((1, 4), (1, 3)), Interval2D((2, 4), (1, 3))]

1[3770 3673 4053;
 3594 3618 3135;
 2842 2529 2413]           Interval2D[Interval2D((1, 4), (1, 3)), Interval2D((2, 4), (1, 3))]

1[2342 2881 3418;
 3137 3307 2859;
 2513 2490 2774]           Interval2D[Interval2D((1, 4), (1, 3)), Interval2D((2, 4), (1, 3))]

1[1955 3011 4027;
 2437 3720 3898;
 3673 3843 3525]           Interval2D[Interval2D((1, 4), (1, 3)), Interval2D((2, 4), (1, 3))]

1[2958 2715 2835;
 2778 3129 2977;
 2480 3052 3044]           Interval2D[Interval2D((1, 4), (1, 3)), Interval2D((2, 4), (1, 3))]

1[2668 3144 2853;
 2798 2762 3014;
 2551 2704 2973]           Interval2D[Interval2D((1, 4), (1, 3)), Interval2D((2, 4), (1, 3))]

0[3464 3259 3469;
 3888 3633 2640;
 3212 2836 2262]           Interval2D[Interval2D((1, 4), (1, 3)), Interval2D((2, 4), (1, 3))]
