┌ LogLevel(-500):  Branch (124+191=315 samples) on condition: ⟨T̅P̅P̅⟩ (V11 ⫺₇₅ 858), purity -1.6053032136588257
└ @ DecisionTree.treeclassifier ~/.julia/dev/DecisionTree/src/modal-classification/tree.jl:360
[974 1031 964; 1011 1022 875; 929 1010 1046]    DecisionTree.ModalLogic.Interval2D[((2−3)×(2−3))]     true    DecisionTree.ModalLogic.Interval2D[((2−4)×(2−4)), ((1−3)×(2−4)), ((2−4)×(1−3)), ((1−3)×(1−3)), ((2−4)×(1−4)), ((1−3)×(1−4)), ((1−4)×(2−4)), ((1−4)×(1−3)), ((2−4)×(2−3)), ((1−3)×(2−3)), ((2−3)×(2−4)), ((2−3)×(1−3)), ((1−4)×(2−3)), ((2−3)×(1−4))]
[383 442 587; 353 371 419; 350 408 537] DecisionTree.ModalLogic.Interval2D[((2−3)×(2−3))]     false   DecisionTree.ModalLogic.Interval2D[((2−3)×(2−3))]
[1459 1352 1252; 1331 1407 1249; 1411 1368 1244]        DecisionTree.ModalLogic.Interval2D[((2−3)×(2−3))]     true    DecisionTree.ModalLogic.Interval2D[((2−4)×(2−4)), ((1−3)×(2−4)), ((2−4)×(1−3)), ((1−3)×(1−3)), ((2−4)×(1−4)), ((1−3)×(1−4)), ((1−4)×(2−4)), ((1−4)×(1−3)), ((2−4)×(2−3)), ((1−3)×(2−3)), ((2−3)×(2−4)), ((2−3)×(1−3)), ((1−4)×(2−3)), ((2−3)×(1−4))]
[261 330 279; 296 282 348; 252 244 325] DecisionTree.ModalLogic.Interval2D[((2−3)×(2−3))]     false   DecisionTree.ModalLogic.Interval2D[((2−3)×(2−3))]
[5753 5749 5701; 5822 5064 4230; 4181 3356 3120]        DecisionTree.ModalLogic.Interval2D[((2−3)×(2−3))]     true    DecisionTree.ModalLogic.Interval2D[((2−4)×(2−4)), ((1−3)×(2−4)), ((2−4)×(1−3)), ((1−3)×(1−3)), ((2−4)×(1−4)), ((1−3)×(1−4)), ((1−4)×(2−4)), ((1−4)×(1−3)), ((2−4)×(2−3)), ((1−3)×(2−3)), ((2−3)×(2−4)), ((2−3)×(1−3)), ((1−4)×(2−3)), ((2−3)×(1−4))]
[870 658 529; 1136 580 523; 733 527 480]        DecisionTree.ModalLogic.Interval2D[((2−3)×(2−3))]     false   DecisionTree.ModalLogic.Interval2D[((2−3)×(2−3))]
[1143 980 1327; 1184 1256 1303; 1274 1347 1362] DecisionTree.ModalLogic.Interval2D[((2−3)×(2−3))]     true    DecisionTree.ModalLogic.Interval2D[((2−4)×(2−4)), ((1−3)×(2−4)), ((2−4)×(1−3)), ((1−3)×(1−3)), ((2−4)×(1−4)), ((1−3)×(1−4)), ((1−4)×(2−4)), ((1−4)×(1−3)), ((2−4)×(2−3)), ((1−3)×(2−3)), ((2−3)×(2−4)), ((2−3)×(1−3)), ((1−4)×(2−3)), ((2−3)×(1−4))]
[1392 1425 1312; 1397 1439 1396; 1320 1401 1427]        DecisionTree.ModalLogic.Interval2D[((2−3)×(2−3))]     true    DecisionTree.ModalLogic.Interval2D[((2−4)×(2−4)), ((1−3)×(2−4)), ((2−4)×(1−3)), ((1−3)×(1−3)), ((2−4)×(1−4)), ((1−3)×(1−4)), ((1−4)×(2−4)), ((1−4)×(1−3)), ((2−4)×(2−3)), ((1−3)×(2−3)), ((2−3)×(2−4)), ((2−3)×(1−3)), ((1−4)×(2−3)), ((2−3)×(1−4))]
[205 176 114; 230 229 105; 218 201 195] DecisionTree.ModalLogic.Interval2D[((2−3)×(2−3))]     false   DecisionTree.ModalLogic.Interval2D[((2−3)×(2−3))]
[1335 1329 1245; 1130 1392 1292; 1089 1278 1336]        DecisionTree.ModalLogic.Interval2D[((2−3)×(2−3))]     true    DecisionTree.ModalLogic.Interval2D[((2−4)×(2−4)), ((1−3)×(2−4)), ((2−4)×(1−3)), ((1−3)×(1−3)), ((2−4)×(1−4)), ((1−3)×(1−4)), ((1−4)×(2−4)), ((1−4)×(1−3)), ((2−4)×(2−3)), ((1−3)×(2−3)), ((2−3)×(2−4)), ((2−3)×(1−3)), ((1−4)×(2−3)), ((2−3)×(1−4))]
[695 785 717; 773 608 711; 767 792 745] DecisionTree.ModalLogic.Interval2D[((2−3)×(2−3))]     false   DecisionTree.ModalLogic.Interval2D[((2−3)×(2−3))]
[1149 1110 1035; 985 1095 1139; 1121 1117 1043] DecisionTree.ModalLogic.Interval2D[((2−3)×(2−3))]     true    DecisionTree.ModalLogic.Interval2D[((2−4)×(2−4)), ((1−3)×(2−4)), ((2−4)×(1−3)), ((1−3)×(1−3)), ((2−4)×(1−4)), ((1−3)×(1−4)), ((1−4)×(2−4)), ((1−4)×(1−3)), ((2−4)×(2−3)), ((1−3)×(2−3)), ((2−3)×(2−4)), ((2−3)×(1−3)), ((1−4)×(2−3)), ((2−3)×(1−4))]
[161 298 258; 183 312 236; 243 296 255] DecisionTree.ModalLogic.Interval2D[((2−3)×(2−3))]     false   DecisionTree.ModalLogic.Interval2D[((2−3)×(2−3))]
[4536 4739 5664; 4517 5126 5828; 4921 5814 5017]        DecisionTree.ModalLogic.Interval2D[((2−3)×(2−3))]     true    DecisionTree.ModalLogic.Interval2D[((2−4)×(2−4)), ((1−3)×(2−4)), ((2−4)×(1−3)), ((1−3)×(1−3)), ((2−4)×(1−4)), ((1−3)×(1−4)), ((1−4)×(2−4)), ((1−4)×(1−3)), ((2−4)×(2−3)), ((1−3)×(2−3)), ((2−3)×(2−4)), ((2−3)×(1−3)), ((1−4)×(2−3)), ((2−3)×(1−4))]
[607 516 543; 481 539 483; 477 501 467] DecisionTree.ModalLogic.Interval2D[((2−3)×(2−3))]     false   DecisionTree.ModalLogic.Interval2D[((2−3)×(2−3))]
[1383 1390 1413; 1402 1323 1245; 1450 1311 1411]        DecisionTree.ModalLogic.Interval2D[((2−3)×(2−3))]     true    DecisionTree.ModalLogic.Interval2D[((2−4)×(2−4)), ((1−3)×(2−4)), ((2−4)×(1−3)), ((1−3)×(1−3)), ((2−4)×(1−4)), ((1−3)×(1−4)), ((1−4)×(2−4)), ((1−4)×(1−3)), ((2−4)×(2−3)), ((1−3)×(2−3)), ((2−3)×(2−4)), ((2−3)×(1−3)), ((1−4)×(2−3)), ((2−3)×(1−4))]
[1175 1324 1278; 1328 1350 1375; 1444 1439 1347]        DecisionTree.ModalLogic.Interval2D[((2−3)×(2−3))]     true    DecisionTree.ModalLogic.Interval2D[((2−4)×(2−4)), ((1−3)×(2−4)), ((2−4)×(1−3)), ((1−3)×(1−3)), ((2−4)×(1−4)), ((1−3)×(1−4)), ((1−4)×(2−4)), ((1−4)×(1−3)), ((2−4)×(2−3)), ((1−3)×(2−3)), ((2−3)×(2−4)), ((2−3)×(1−3)), ((1−4)×(2−3)), ((2−3)×(1−4))]
[167 216 202; 142 215 133; 201 235 144] DecisionTree.ModalLogic.Interval2D[((2−3)×(2−3))]     false   DecisionTree.ModalLogic.Interval2D[((2−3)×(2−3))]
[938 805 733; 1174 886 820; 1214 882 825]       DecisionTree.ModalLogic.Interval2D[((2−3)×(2−3))]     true    DecisionTree.ModalLogic.Interval2D[((2−4)×(1−3)), ((1−3)×(1−3)), ((1−4)×(1−3)), ((2−4)×(2−3)), ((2−3)×(1−3))]
[593 552 623; 625 659 683; 622 675 703] DecisionTree.ModalLogic.Interval2D[((2−3)×(2−3))]     false   DecisionTree.ModalLogic.Interval2D[((2−3)×(2−3))]
[1002 955 948; 1025 1072 1019; 1049 1069 1000]  DecisionTree.ModalLogic.Interval2D[((2−3)×(2−3))]     true    DecisionTree.ModalLogic.Interval2D[((2−4)×(2−4)), ((1−3)×(2−4)), ((2−4)×(1−3)), ((1−3)×(1−3)), ((2−4)×(1−4)), ((1−3)×(1−4)), ((1−4)×(2−4)), ((1−4)×(1−3)), ((2−4)×(2−3)), ((1−3)×(2−3)), ((2−3)×(2−4)), ((2−3)×(1−3)), ((1−4)×(2−3)), ((2−3)×(1−4))]
[913 514 285; 720 621 224; 809 722 243] DecisionTree.ModalLogic.Interval2D[((2−3)×(2−3))]     false   DecisionTree.ModalLogic.Interval2D[((2−3)×(2−3))]
[5883 5383 4384; 4362 3576 3268; 3265 3158 3133]        DecisionTree.ModalLogic.Interval2D[((2−3)×(2−3))]     true    DecisionTree.ModalLogic.Interval2D[((2−4)×(2−4)), ((1−3)×(2−4)), ((2−4)×(1−3)), ((1−3)×(1−3)), ((2−4)×(1−4)), ((1−3)×(1−4)), ((1−4)×(2−4)), ((1−4)×(1−3)), ((2−4)×(2−3)), ((1−3)×(2−3)), ((2−3)×(2−4)), ((2−3)×(1−3)), ((1−4)×(2−3)), ((2−3)×(1−4))]
[1312 1292 1292; 1350 1371 1468; 1331 1400 1376]        DecisionTree.ModalLogic.Interval2D[((2−3)×(2−3))]     true    DecisionTree.ModalLogic.Interval2D[((2−4)×(2−4)), ((1−3)×(2−4)), ((2−4)×(1−3)), ((1−3)×(1−3)), ((2−4)×(1−4)), ((1−3)×(1−4)), ((1−4)×(2−4)), ((1−4)×(1−3)), ((2−4)×(2−3)), ((1−3)×(2−3)), ((2−3)×(2−4)), ((2−3)×(1−3)), ((1−4)×(2−3)), ((2−3)×(1−4))]
[1171 1282 1236; 1183 1263 1269; 1249 1248 1350]        DecisionTree.ModalLogic.Interval2D[((2−3)×(2−3))]     true    DecisionTree.ModalLogic.Interval2D[((2−4)×(2−4)), ((1−3)×(2−4)), ((2−4)×(1−3)), ((1−3)×(1−3)), ((2−4)×(1−4)), ((1−3)×(1−4)), ((1−4)×(2−4)), ((1−4)×(1−3)), ((2−4)×(2−3)), ((1−3)×(2−3)), ((2−3)×(2−4)), ((2−3)×(1−3)), ((1−4)×(2−3)), ((2−3)×(1−4))]
[1658 1608 1670; 1653 1610 1589; 1694 1647 1664]        DecisionTree.ModalLogic.Interval2D[((2−3)×(2−3))]     true    DecisionTree.ModalLogic.Interval2D[((2−4)×(2−4)), ((1−3)×(2−4)), ((2−4)×(1−3)), ((1−3)×(1−3)), ((2−4)×(1−4)), ((1−3)×(1−4)), ((1−4)×(2−4)), ((1−4)×(1−3)), ((2−4)×(2−3)), ((1−3)×(2−3)), ((2−3)×(2−4)), ((2−3)×(1−3)), ((1−4)×(2−3)), ((2−3)×(1−4))]
[217 392 363; 162 299 365; 222 272 364] DecisionTree.ModalLogic.Interval2D[((2−3)×(2−3))]     false   DecisionTree.ModalLogic.Interval2D[((2−3)×(2−3))]
[756 814 742; 869 858 811; 786 725 715] DecisionTree.ModalLogic.Interval2D[((2−3)×(2−3))]     true    DecisionTree.ModalLogic.Interval2D[((2−3)×(1−3))]
[480 360 308; 489 330 400; 438 426 527] DecisionTree.ModalLogic.Interval2D[((2−3)×(2−3))]     false   DecisionTree.ModalLogic.Interval2D[((2−3)×(2−3))]
[1323 1374 1483; 1493 1405 1322; 1384 1396 1437]        DecisionTree.ModalLogic.Interval2D[((2−3)×(2−3))]     true    DecisionTree.ModalLogic.Interval2D[((2−4)×(2−4)), ((1−3)×(2−4)), ((2−4)×(1−3)), ((1−3)×(1−3)), ((2−4)×(1−4)), ((1−3)×(1−4)), ((1−4)×(2−4)), ((1−4)×(1−3)), ((2−4)×(2−3)), ((1−3)×(2−3)), ((2−3)×(2−4)), ((2−3)×(1−3)), ((1−4)×(2−3)), ((2−3)×(1−4))]
[371 327 335; 247 437 326; 371 343 304] DecisionTree.ModalLogic.Interval2D[((2−3)×(2−3))]     false   DecisionTree.ModalLogic.Interval2D[((2−3)×(2−3))]
[5810 5187 3859; 4057 3346 3297; 3186 3084 3100]        DecisionTree.ModalLogic.Interval2D[((2−3)×(2−3))]     true    DecisionTree.ModalLogic.Interval2D[((2−4)×(2−4)), ((1−3)×(2−4)), ((2−4)×(1−3)), ((1−3)×(1−3)), ((2−4)×(1−4)), ((1−3)×(1−4)), ((1−4)×(2−4)), ((1−4)×(1−3)), ((2−4)×(2−3)), ((1−3)×(2−3)), ((2−3)×(2−4)), ((2−3)×(1−3)), ((1−4)×(2−3)), ((2−3)×(1−4))]
[771 958 1209; 771 1029 1238; 856 876 1247]     DecisionTree.ModalLogic.Interval2D[((2−3)×(2−3))]     true    DecisionTree.ModalLogic.Interval2D[((2−4)×(2−4)), ((1−3)×(2−4)), ((1−4)×(2−4)), ((2−4)×(2−3)), ((1−3)×(2−3)), ((2−3)×(2−4)), ((1−4)×(2−3))]
[860 1157 1187; 1160 1202 1261; 1126 1260 1186] DecisionTree.ModalLogic.Interval2D[((2−3)×(2−3))]     true    DecisionTree.ModalLogic.Interval2D[((2−4)×(2−4)), ((1−3)×(2−4)), ((2−4)×(1−3)), ((1−3)×(1−3)), ((2−4)×(1−4)), ((1−3)×(1−4)), ((1−4)×(2−4)), ((1−4)×(1−3)), ((2−4)×(2−3)), ((1−3)×(2−3)), ((2−3)×(2−4)), ((2−3)×(1−3)), ((1−4)×(2−3)), ((2−3)×(1−4))]
[1570 1677 1736; 1803 1563 1728; 1205 1573 1684]        DecisionTree.ModalLogic.Interval2D[((2−3)×(2−3))]     true    DecisionTree.ModalLogic.Interval2D[((2−4)×(2−4)), ((1−3)×(2−4)), ((2−4)×(1−3)), ((1−3)×(1−3)), ((2−4)×(1−4)), ((1−3)×(1−4)), ((1−4)×(2−4)), ((1−4)×(1−3)), ((2−4)×(2−3)), ((1−3)×(2−3)), ((2−3)×(2−4)), ((2−3)×(1−3)), ((1−4)×(2−3)), ((2−3)×(1−4))]
[469 436 346; 259 349 387; 337 198 233] DecisionTree.ModalLogic.Interval2D[((2−3)×(2−3))]     false   DecisionTree.ModalLogic.Interval2D[((2−3)×(2−3))]
[1466 1173 1004; 1073 1482 1160; 902 1350 1120] DecisionTree.ModalLogic.Interval2D[((2−3)×(2−3))]     true    DecisionTree.ModalLogic.Interval2D[((2−4)×(2−4)), ((1−3)×(2−4)), ((2−4)×(1−3)), ((1−3)×(1−3)), ((2−4)×(1−4)), ((1−3)×(1−4)), ((1−4)×(2−4)), ((1−4)×(1−3)), ((2−4)×(2−3)), ((1−3)×(2−3)), ((2−3)×(2−4)), ((2−3)×(1−3)), ((1−4)×(2−3)), ((2−3)×(1−4))]
[783 833 779; 856 728 819; 862 807 869] DecisionTree.ModalLogic.Interval2D[((2−3)×(2−3))]     false   DecisionTree.ModalLogic.Interval2D[((2−3)×(2−3))]
[1601 1382 1438; 1592 1344 1250; 1121 1629 1301]        DecisionTree.ModalLogic.Interval2D[((2−3)×(2−3))]     true    DecisionTree.ModalLogic.Interval2D[((2−4)×(2−4)), ((1−3)×(2−4)), ((2−4)×(1−3)), ((1−3)×(1−3)), ((2−4)×(1−4)), ((1−3)×(1−4)), ((1−4)×(2−4)), ((1−4)×(1−3)), ((2−4)×(2−3)), ((1−3)×(2−3)), ((2−3)×(2−4)), ((2−3)×(1−3)), ((1−4)×(2−3)), ((2−3)×(1−4))]
[321 186 233; 273 280 246; 304 362 316] DecisionTree.ModalLogic.Interval2D[((2−3)×(2−3))]     false   DecisionTree.ModalLogic.Interval2D[((2−3)×(2−3))]
[5526 4639 3622; 4011 3346 3078; 3061 3023 3030]        DecisionTree.ModalLogic.Interval2D[((2−3)×(2−3))]     true    DecisionTree.ModalLogic.Interval2D[((2−4)×(2−4)), ((1−3)×(2−4)), ((2−4)×(1−3)), ((1−3)×(1−3)), ((2−4)×(1−4)), ((1−3)×(1−4)), ((1−4)×(2−4)), ((1−4)×(1−3)), ((2−4)×(2−3)), ((1−3)×(2−3)), ((2−3)×(2−4)), ((2−3)×(1−3)), ((1−4)×(2−3)), ((2−3)×(1−4))]
[466 513 518; 626 603 523; 583 541 503] DecisionTree.ModalLogic.Interval2D[((2−3)×(2−3))]     false   DecisionTree.ModalLogic.Interval2D[((2−3)×(2−3))]
[1176 1105 1062; 1050 1207 1166; 1157 1187 1284]        DecisionTree.ModalLogic.Interval2D[((2−3)×(2−3))]     true    DecisionTree.ModalLogic.Interval2D[((2−4)×(2−4)), ((1−3)×(2−4)), ((2−4)×(1−3)), ((1−3)×(1−3)), ((2−4)×(1−4)), ((1−3)×(1−4)), ((1−4)×(2−4)), ((1−4)×(1−3)), ((2−4)×(2−3)), ((1−3)×(2−3)), ((2−3)×(2−4)), ((2−3)×(1−3)), ((1−4)×(2−3)), ((2−3)×(1−4))]
[1615 1621 1557; 1756 1677 1631; 1498 1614 1582]        DecisionTree.ModalLogic.Interval2D[((2−3)×(2−3))]     true    DecisionTree.ModalLogic.Interval2D[((2−4)×(2−4)), ((1−3)×(2−4)), ((2−4)×(1−3)), ((1−3)×(1−3)), ((2−4)×(1−4)), ((1−3)×(1−4)), ((1−4)×(2−4)), ((1−4)×(1−3)), ((2−4)×(2−3)), ((1−3)×(2−3)), ((2−3)×(2−4)), ((2−3)×(1−3)), ((1−4)×(2−3)), ((2−3)×(1−4))]
[272 254 270; 249 216 204; 191 187 166] DecisionTree.ModalLogic.Interval2D[((2−3)×(2−3))]     false   DecisionTree.ModalLogic.Interval2D[((2−3)×(2−3))]
[1076 956 932; 1113 1017 957; 1464 1061 986]    DecisionTree.ModalLogic.Interval2D[((2−3)×(2−3))]     true    DecisionTree.ModalLogic.Interval2D[((2−4)×(2−4)), ((1−3)×(2−4)), ((2−4)×(1−3)), ((1−3)×(1−3)), ((2−4)×(1−4)), ((1−3)×(1−4)), ((1−4)×(2−4)), ((1−4)×(1−3)), ((2−4)×(2−3)), ((1−3)×(2−3)), ((2−3)×(2−4)), ((2−3)×(1−3)), ((1−4)×(2−3)), ((2−3)×(1−4))]
[959 995 929; 935 990 1025; 1030 1001 943]      DecisionTree.ModalLogic.Interval2D[((2−3)×(2−3))]     true    DecisionTree.ModalLogic.Interval2D[((2−4)×(2−4)), ((1−3)×(2−4)), ((2−4)×(1−3)), ((1−3)×(1−3)), ((2−4)×(1−4)), ((1−3)×(1−4)), ((1−4)×(2−4)), ((1−4)×(1−3)), ((2−4)×(2−3)), ((1−3)×(2−3)), ((2−3)×(2−4)), ((2−3)×(1−3)), ((1−4)×(2−3)), ((2−3)×(1−4))]
[1753 1461 1389; 1313 1254 1534; 806 975 1458]  DecisionTree.ModalLogic.Interval2D[((2−3)×(2−3))]     true    DecisionTree.ModalLogic.Interval2D[((2−4)×(2−4)), ((1−3)×(2−4)), ((2−4)×(1−3)), ((1−3)×(1−3)), ((2−4)×(1−4)), ((1−3)×(1−4)), ((1−4)×(2−4)), ((1−4)×(1−3)), ((2−4)×(2−3)), ((1−3)×(2−3)), ((2−3)×(2−4)), ((2−3)×(1−3)), ((1−4)×(2−3)), ((2−3)×(1−4))]
[160 246 250; 131 180 185; 175 148 181] DecisionTree.ModalLogic.Interval2D[((2−3)×(2−3))]     false   DecisionTree.ModalLogic.Interval2D[((2−3)×(2−3))]
[2781 4704 5564; 3986 5766 5894; 5606 5889 5780]        DecisionTree.ModalLogic.Interval2D[((2−3)×(2−3))]     true    DecisionTree.ModalLogic.Interval2D[((2−4)×(2−4)), ((1−3)×(2−4)), ((2−4)×(1−3)), ((1−3)×(1−3)), ((2−4)×(1−4)), ((1−3)×(1−4)), ((1−4)×(2−4)), ((1−4)×(1−3)), ((2−4)×(2−3)), ((1−3)×(2−3)), ((2−3)×(2−4)), ((2−3)×(1−3)), ((1−4)×(2−3)), ((2−3)×(1−4))]
[2516 950 606; 2867 1811 694; 2912 3072 1668]   DecisionTree.ModalLogic.Interval2D[((2−3)×(2−3))]     true    DecisionTree.ModalLogic.Interval2D[((2−4)×(2−4)), ((2−4)×(1−3)), ((1−3)×(1−3)), ((2−4)×(1−4)), ((1−4)×(1−3)), ((2−4)×(2−3)), ((1−3)×(2−3)), ((2−3)×(1−3)), ((1−4)×(2−3))]
[1296 1197 1132; 1331 1137 1162; 1231 1232 1181]        DecisionTree.ModalLogic.Interval2D[((2−3)×(2−3))]     true    DecisionTree.ModalLogic.Interval2D[((2−4)×(2−4)), ((1−3)×(2−4)), ((2−4)×(1−3)), ((1−3)×(1−3)), ((2−4)×(1−4)), ((1−3)×(1−4)), ((1−4)×(2−4)), ((1−4)×(1−3)), ((2−4)×(2−3)), ((1−3)×(2−3)), ((2−3)×(2−4)), ((2−3)×(1−3)), ((1−4)×(2−3)), ((2−3)×(1−4))]
[1446 1443 1419; 1390 1463 1313; 1336 1351 1429]        DecisionTree.ModalLogic.Interval2D[((2−3)×(2−3))]     true    DecisionTree.ModalLogic.Interval2D[((2−4)×(2−4)), ((1−3)×(2−4)), ((2−4)×(1−3)), ((1−3)×(1−3)), ((2−4)×(1−4)), ((1−3)×(1−4)), ((1−4)×(2−4)), ((1−4)×(1−3)), ((2−4)×(2−3)), ((1−3)×(2−3)), ((2−3)×(2−4)), ((2−3)×(1−3)), ((1−4)×(2−3)), ((2−3)×(1−4))]
[192 178 93; 143 245 219; 154 135 177]  DecisionTree.ModalLogic.Interval2D[((2−3)×(2−3))]     false   DecisionTree.ModalLogic.Interval2D[((2−3)×(2−3))]
[1228 971 1042; 1344 1003 1017; 1412 1276 1109] DecisionTree.ModalLogic.Interval2D[((2−3)×(2−3))]     true    DecisionTree.ModalLogic.Interval2D[((2−4)×(2−4)), ((1−3)×(2−4)), ((2−4)×(1−3)), ((1−3)×(1−3)), ((2−4)×(1−4)), ((1−3)×(1−4)), ((1−4)×(2−4)), ((1−4)×(1−3)), ((2−4)×(2−3)), ((1−3)×(2−3)), ((2−3)×(2−4)), ((2−3)×(1−3)), ((1−4)×(2−3)), ((2−3)×(1−4))]
[314 382 426; 449 394 399; 415 316 426] DecisionTree.ModalLogic.Interval2D[((2−3)×(2−3))]     false   DecisionTree.ModalLogic.Interval2D[((2−3)×(2−3))]
[1042 970 1021; 1084 1028 1023; 1105 1014 1169] DecisionTree.ModalLogic.Interval2D[((2−3)×(2−3))]     true    DecisionTree.ModalLogic.Interval2D[((2−4)×(2−4)), ((1−3)×(2−4)), ((2−4)×(1−3)), ((1−3)×(1−3)), ((2−4)×(1−4)), ((1−3)×(1−4)), ((1−4)×(2−4)), ((1−4)×(1−3)), ((2−4)×(2−3)), ((1−3)×(2−3)), ((2−3)×(2−4)), ((2−3)×(1−3)), ((1−4)×(2−3)), ((2−3)×(1−4))]
[750 520 478; 658 356 371; 550 494 344] DecisionTree.ModalLogic.Interval2D[((2−3)×(2−3))]     false   DecisionTree.ModalLogic.Interval2D[((2−3)×(2−3))]
[4397 4579 4638; 4486 4444 4466; 4192 4561 4536]        DecisionTree.ModalLogic.Interval2D[((2−3)×(2−3))]     true    DecisionTree.ModalLogic.Interval2D[((2−4)×(2−4)), ((1−3)×(2−4)), ((2−4)×(1−3)), ((1−3)×(1−3)), ((2−4)×(1−4)), ((1−3)×(1−4)), ((1−4)×(2−4)), ((1−4)×(1−3)), ((2−4)×(2−3)), ((1−3)×(2−3)), ((2−3)×(2−4)), ((2−3)×(1−3)), ((1−4)×(2−3)), ((2−3)×(1−4))]
[713 580 654; 911 801 704; 1051 677 576]        DecisionTree.ModalLogic.Interval2D[((2−3)×(2−3))]     false   DecisionTree.ModalLogic.Interval2D[((2−3)×(2−3))]
[1634 1392 1437; 1533 1405 1468; 1418 1439 1379]        DecisionTree.ModalLogic.Interval2D[((2−3)×(2−3))]     true    DecisionTree.ModalLogic.Interval2D[((2−4)×(2−4)), ((1−3)×(2−4)), ((2−4)×(1−3)), ((1−3)×(1−3)), ((2−4)×(1−4)), ((1−3)×(1−4)), ((1−4)×(2−4)), ((1−4)×(1−3)), ((2−4)×(2−3)), ((1−3)×(2−3)), ((2−3)×(2−4)), ((2−3)×(1−3)), ((1−4)×(2−3)), ((2−3)×(1−4))]
[887 1147 1163; 1184 1210 1358; 1268 1343 1301] DecisionTree.ModalLogic.Interval2D[((2−3)×(2−3))]     true    DecisionTree.ModalLogic.Interval2D[((2−4)×(2−4)), ((1−3)×(2−4)), ((2−4)×(1−3)), ((1−3)×(1−3)), ((2−4)×(1−4)), ((1−3)×(1−4)), ((1−4)×(2−4)), ((1−4)×(1−3)), ((2−4)×(2−3)), ((1−3)×(2−3)), ((2−3)×(2−4)), ((2−3)×(1−3)), ((1−4)×(2−3)), ((2−3)×(1−4))]
[277 267 253; 273 263 202; 252 271 314] DecisionTree.ModalLogic.Interval2D[((2−3)×(2−3))]     false   DecisionTree.ModalLogic.Interval2D[((2−3)×(2−3))]
[884 799 1130; 1073 834 936; 1261 930 916]      DecisionTree.ModalLogic.Interval2D[((2−3)×(2−3))]     true    DecisionTree.ModalLogic.Interval2D[((2−4)×(2−4)), ((2−4)×(1−3)), ((2−4)×(1−4))]
[743 655 770; 728 734 692; 685 642 786] DecisionTree.ModalLogic.Interval2D[((2−3)×(2−3))]     false   DecisionTree.ModalLogic.Interval2D[((2−3)×(2−3))]
[1353 1363 1344; 1378 1339 1371; 1366 1264 1367]        DecisionTree.ModalLogic.Interval2D[((2−3)×(2−3))]     true    DecisionTree.ModalLogic.Interval2D[((2−4)×(2−4)), ((1−3)×(2−4)), ((2−4)×(1−3)), ((1−3)×(1−3)), ((2−4)×(1−4)), ((1−3)×(1−4)), ((1−4)×(2−4)), ((1−4)×(1−3)), ((2−4)×(2−3)), ((1−3)×(2−3)), ((2−3)×(2−4)), ((2−3)×(1−3)), ((1−4)×(2−3)), ((2−3)×(1−4))]
[356 372 371; 432 467 503; 435 482 443] DecisionTree.ModalLogic.Interval2D[((2−3)×(2−3))]     false   DecisionTree.ModalLogic.Interval2D[((2−3)×(2−3))]
[5506 5452 5535; 5969 5230 4730; 5086 4057 3084]        DecisionTree.ModalLogic.Interval2D[((2−3)×(2−3))]     true    DecisionTree.ModalLogic.Interval2D[((2−4)×(2−4)), ((1−3)×(2−4)), ((2−4)×(1−3)), ((1−3)×(1−3)), ((2−4)×(1−4)), ((1−3)×(1−4)), ((1−4)×(2−4)), ((1−4)×(1−3)), ((2−4)×(2−3)), ((1−3)×(2−3)), ((2−3)×(2−4)), ((2−3)×(1−3)), ((1−4)×(2−3)), ((2−3)×(1−4))]
[405 480 486; 381 503 511; 397 406 346] DecisionTree.ModalLogic.Interval2D[((2−3)×(2−3))]     false   DecisionTree.ModalLogic.Interval2D[((2−3)×(2−3))]
[1299 1212 1434; 1404 1286 1322; 1270 1309 1254]        DecisionTree.ModalLogic.Interval2D[((2−3)×(2−3))]     true    DecisionTree.ModalLogic.Interval2D[((2−4)×(2−4)), ((1−3)×(2−4)), ((2−4)×(1−3)), ((1−3)×(1−3)), ((2−4)×(1−4)), ((1−3)×(1−4)), ((1−4)×(2−4)), ((1−4)×(1−3)), ((2−4)×(2−3)), ((1−3)×(2−3)), ((2−3)×(2−4)), ((2−3)×(1−3)), ((1−4)×(2−3)), ((2−3)×(1−4))]
[1336 1420 1331; 1705 1450 978; 1813 1324 1413] DecisionTree.ModalLogic.Interval2D[((2−3)×(2−3))]     true    DecisionTree.ModalLogic.Interval2D[((2−4)×(2−4)), ((1−3)×(2−4)), ((2−4)×(1−3)), ((1−3)×(1−3)), ((2−4)×(1−4)), ((1−3)×(1−4)), ((1−4)×(2−4)), ((1−4)×(1−3)), ((2−4)×(2−3)), ((1−3)×(2−3)), ((2−3)×(2−4)), ((2−3)×(1−3)), ((1−4)×(2−3)), ((2−3)×(1−4))]
[180 201 286; 200 222 178; 184 146 227] DecisionTree.ModalLogic.Interval2D[((2−3)×(2−3))]     false   DecisionTree.ModalLogic.Interval2D[((2−3)×(2−3))]
[1201 1263 1270;
 1275 1245 1252;
 1321 1306 1279]        DecisionTree.ModalLogic.Interval2D[((2−3)×(2−3))]     true    DecisionTree.ModalLogic.Interval2D[((2−4)×(2−4)), ((1−3)×(2−4)), ((2−4)×(1−3)), ((1−3)×(1−3)), ((2−4)×(1−4)), ((1−3)×(1−4)), ((1−4)×(2−4)), ((1−4)×(1−3)), ((2−4)×(2−3)), ((1−3)×(2−3)), ((2−3)×(2−4)), ((2−3)×(1−3)), ((1−4)×(2−3)), ((2−3)×(1−4))]
[954 860 846;
 1069 816 875;
 897 838 837]        DecisionTree.ModalLogic.Interval2D[((2−3)×(2−3))]     true    DecisionTree.ModalLogic.Interval2D[((1−3)×(1−3))]
[1349 1340 1279; 1308 1451 1394; 1360 1335 1555]        DecisionTree.ModalLogic.Interval2D[((2−3)×(2−3))]     true    DecisionTree.ModalLogic.Interval2D[((2−4)×(2−4)), ((1−3)×(2−4)), ((2−4)×(1−3)), ((1−3)×(1−3)), ((2−4)×(1−4)), ((1−3)×(1−4)), ((1−4)×(2−4)), ((1−4)×(1−3)), ((2−4)×(2−3)), ((1−3)×(2−3)), ((2−3)×(2−4)), ((2−3)×(1−3)), ((1−4)×(2−3)), ((2−3)×(1−4))]
[230 235 327; 287 299 306; 322 270 305] DecisionTree.ModalLogic.Interval2D[((2−3)×(2−3))]     false   DecisionTree.ModalLogic.Interval2D[((2−3)×(2−3))]
[5564 5447 5696; 5873 5597 5654; 5673 5345 4500]        DecisionTree.ModalLogic.Interval2D[((2−3)×(2−3))]     true    DecisionTree.ModalLogic.Interval2D[((2−4)×(2−4)), ((1−3)×(2−4)), ((2−4)×(1−3)), ((1−3)×(1−3)), ((2−4)×(1−4)), ((1−3)×(1−4)), ((1−4)×(2−4)), ((1−4)×(1−3)), ((2−4)×(2−3)), ((1−3)×(2−3)), ((2−3)×(2−4)), ((2−3)×(1−3)), ((1−4)×(2−3)), ((2−3)×(1−4))]
[565 684 578; 592 495 496; 435 642 529] DecisionTree.ModalLogic.Interval2D[((2−3)×(2−3))]     false   DecisionTree.ModalLogic.Interval2D[((2−3)×(2−3))]
[1292 1440 1240; 1293 1379 1235; 1199 1251 1415]        DecisionTree.ModalLogic.Interval2D[((2−3)×(2−3))]     true    DecisionTree.ModalLogic.Interval2D[((2−4)×(2−4)), ((1−3)×(2−4)), ((2−4)×(1−3)), ((1−3)×(1−3)), ((2−4)×(1−4)), ((1−3)×(1−4)), ((1−4)×(2−4)), ((1−4)×(1−3)), ((2−4)×(2−3)), ((1−3)×(2−3)), ((2−3)×(2−4)), ((2−3)×(1−3)), ((1−4)×(2−3)), ((2−3)×(1−4))]
[1015 1149 1560; 1035 1015 1259; 1075 1091 1192]        DecisionTree.ModalLogic.Interval2D[((2−3)×(2−3))]     true    DecisionTree.ModalLogic.Interval2D[((2−4)×(2−4)), ((1−3)×(2−4)), ((2−4)×(1−3)), ((1−3)×(1−3)), ((2−4)×(1−4)), ((1−3)×(1−4)), ((1−4)×(2−4)), ((1−4)×(1−3)), ((2−4)×(2−3)), ((1−3)×(2−3)), ((2−3)×(2−4)), ((2−3)×(1−3)), ((1−4)×(2−3)), ((2−3)×(1−4))]
[157 229 234; 213 277 236; 220 253 263] DecisionTree.ModalLogic.Interval2D[((2−3)×(2−3))]     false   DecisionTree.ModalLogic.Interval2D[((2−3)×(2−3))]
[2175 1516 1727; 2267 1904 1421; 1560 2340 1864]        DecisionTree.ModalLogic.Interval2D[((2−3)×(2−3))]     true    DecisionTree.ModalLogic.Interval2D[((2−4)×(2−4)), ((1−3)×(2−4)), ((2−4)×(1−3)), ((1−3)×(1−3)), ((2−4)×(1−4)), ((1−3)×(1−4)), ((1−4)×(2−4)), ((1−4)×(1−3)), ((2−4)×(2−3)), ((1−3)×(2−3)), ((2−3)×(2−4)), ((2−3)×(1−3)), ((1−4)×(2−3)), ((2−3)×(1−4))]
[655 654 655; 538 530 574; 444 408 459] DecisionTree.ModalLogic.Interval2D[((2−3)×(2−3))]     false   DecisionTree.ModalLogic.Interval2D[((2−3)×(2−3))]
[1312 1397 1195; 1309 1331 1293; 1311 1253 1313]        DecisionTree.ModalLogic.Interval2D[((2−3)×(2−3))]     true    DecisionTree.ModalLogic.Interval2D[((2−4)×(2−4)), ((1−3)×(2−4)), ((2−4)×(1−3)), ((1−3)×(1−3)), ((2−4)×(1−4)), ((1−3)×(1−4)), ((1−4)×(2−4)), ((1−4)×(1−3)), ((2−4)×(2−3)), ((1−3)×(2−3)), ((2−3)×(2−4)), ((2−3)×(1−3)), ((1−4)×(2−3)), ((2−3)×(1−4))]
[151 139 211; 141 188 208; 195 138 204] DecisionTree.ModalLogic.Interval2D[((2−3)×(2−3))]     false   DecisionTree.ModalLogic.Interval2D[((2−3)×(2−3))]
[4451 4354 4386; 4363 4224 4594; 4061 4455 4525]        DecisionTree.ModalLogic.Interval2D[((2−3)×(2−3))]     true    DecisionTree.ModalLogic.Interval2D[((2−4)×(2−4)), ((1−3)×(2−4)), ((2−4)×(1−3)), ((1−3)×(1−3)), ((2−4)×(1−4)), ((1−3)×(1−4)), ((1−4)×(2−4)), ((1−4)×(1−3)), ((2−4)×(2−3)), ((1−3)×(2−3)), ((2−3)×(2−4)), ((2−3)×(1−3)), ((1−4)×(2−3)), ((2−3)×(1−4))]
[588 845 898; 595 601 813; 511 514 717] DecisionTree.ModalLogic.Interval2D[((2−3)×(2−3))]     false   DecisionTree.ModalLogic.Interval2D[((2−3)×(2−3))]
[780 976 1338; 878 1354 1292; 931 1379 1266]    DecisionTree.ModalLogic.Interval2D[((2−3)×(2−3))]     true    DecisionTree.ModalLogic.Interval2D[((2−4)×(2−4)), ((1−3)×(2−4)), ((2−4)×(1−3)), ((1−3)×(1−3)), ((2−4)×(1−4)), ((1−3)×(1−4)), ((1−4)×(2−4)), ((1−4)×(1−3)), ((2−4)×(2−3)), ((1−3)×(2−3)), ((2−3)×(2−4)), ((2−3)×(1−3)), ((1−4)×(2−3)), ((2−3)×(1−4))]
[1581 1466 1448; 1357 1366 1402; 1424 1461 1438]        DecisionTree.ModalLogic.Interval2D[((2−3)×(2−3))]     true    DecisionTree.ModalLogic.Interval2D[((2−4)×(2−4)), ((1−3)×(2−4)), ((2−4)×(1−3)), ((1−3)×(1−3)), ((2−4)×(1−4)), ((1−3)×(1−4)), ((1−4)×(2−4)), ((1−4)×(1−3)), ((2−4)×(2−3)), ((1−3)×(2−3)), ((2−3)×(2−4)), ((2−3)×(1−3)), ((1−4)×(2−3)), ((2−3)×(1−4))]
[290 377 246; 376 236 138; 238 150 182] DecisionTree.ModalLogic.Interval2D[((2−3)×(2−3))]     false   DecisionTree.ModalLogic.Interval2D[((2−3)×(2−3))]
[969 1113 1544; 1086 958 1183; 1154 1003 1082]  DecisionTree.ModalLogic.Interval2D[((2−3)×(2−3))]     true    DecisionTree.ModalLogic.Interval2D[((2−4)×(2−4)), ((1−3)×(2−4)), ((2−4)×(1−3)), ((1−3)×(1−3)), ((2−4)×(1−4)), ((1−3)×(1−4)), ((1−4)×(2−4)), ((1−4)×(1−3)), ((2−4)×(2−3)), ((1−3)×(2−3)), ((2−3)×(2−4)), ((2−3)×(1−3)), ((1−4)×(2−3)), ((2−3)×(1−4))]
[483 515 383; 434 444 533; 438 483 473] DecisionTree.ModalLogic.Interval2D[((2−3)×(2−3))]     false   DecisionTree.ModalLogic.Interval2D[((2−3)×(2−3))]
[1601 1382 1438; 1592 1344 1250; 1121 1629 1301]        DecisionTree.ModalLogic.Interval2D[((2−3)×(2−3))]     true    DecisionTree.ModalLogic.Interval2D[((2−4)×(2−4)), ((1−3)×(2−4)), ((2−4)×(1−3)), ((1−3)×(1−3)), ((2−4)×(1−4)), ((1−3)×(1−4)), ((1−4)×(2−4)), ((1−4)×(1−3)), ((2−4)×(2−3)), ((1−3)×(2−3)), ((2−3)×(2−4)), ((2−3)×(1−3)), ((1−4)×(2−3)), ((2−3)×(1−4))]
[260 284 306; 266 313 375; 373 374 377] DecisionTree.ModalLogic.Interval2D[((2−3)×(2−3))]     false   DecisionTree.ModalLogic.Interval2D[((2−3)×(2−3))]
[4751 3844 3232; 3273 3080 3155; 3026 3009 3117]        DecisionTree.ModalLogic.Interval2D[((2−3)×(2−3))]     true    DecisionTree.ModalLogic.Interval2D[((2−4)×(2−4)), ((1−3)×(2−4)), ((2−4)×(1−3)), ((1−3)×(1−3)), ((2−4)×(1−4)), ((1−3)×(1−4)), ((1−4)×(2−4)), ((1−4)×(1−3)), ((2−4)×(2−3)), ((1−3)×(2−3)), ((2−3)×(2−4)), ((2−3)×(1−3)), ((1−4)×(2−3)), ((2−3)×(1−4))]
[1471 1414 1500; 1345 1325 1446; 1361 1302 1820]        DecisionTree.ModalLogic.Interval2D[((2−3)×(2−3))]     true    DecisionTree.ModalLogic.Interval2D[((2−4)×(2−4)), ((1−3)×(2−4)), ((2−4)×(1−3)), ((1−3)×(1−3)), ((2−4)×(1−4)), ((1−3)×(1−4)), ((1−4)×(2−4)), ((1−4)×(1−3)), ((2−4)×(2−3)), ((1−3)×(2−3)), ((2−3)×(2−4)), ((2−3)×(1−3)), ((1−4)×(2−3)), ((2−3)×(1−4))]
[931 1290 1265; 808 1237 1390; 652 1200 1270]   DecisionTree.ModalLogic.Interval2D[((2−3)×(2−3))]     true    DecisionTree.ModalLogic.Interval2D[((2−4)×(2−4)), ((1−3)×(2−4)), ((1−3)×(1−3)), ((1−3)×(1−4)), ((1−4)×(2−4)), ((2−4)×(2−3)), ((1−3)×(2−3)), ((2−3)×(2−4)), ((1−4)×(2−3))]
[1371 1427 1563; 1065 1431 1482; 1031 1451 1494]        DecisionTree.ModalLogic.Interval2D[((2−3)×(2−3))]     true    DecisionTree.ModalLogic.Interval2D[((2−4)×(2−4)), ((1−3)×(2−4)), ((2−4)×(1−3)), ((1−3)×(1−3)), ((2−4)×(1−4)), ((1−3)×(1−4)), ((1−4)×(24)), ((1−4)×(1−3)), ((2−4)×(2−3)), ((1−3)×(2−3)), ((2−3)×(2−4)), ((2−3)×(1−3)), ((1−4)×(2−3)), ((2−3)×(1−4))]
[481 397 330; 227 354 281; 298 235 309] DecisionTree.ModalLogic.Interval2D[((2−3)×(2−3))]     false   DecisionTree.ModalLogic.Interval2D[((2−3)×(2−3))]
[1038 1335 1497; 1054 1133 1577; 974 1015 1536] DecisionTree.ModalLogic.Interval2D[((2−3)×(2−3))]     true    DecisionTree.ModalLogic.Interval2D[((2−4)×(2−4)), ((1−3)×(2−4)), ((2−4)×(1−3)), ((1−3)×(1−3)), ((2−4)×(1−4)), ((1−3)×(1−4)), ((1−4)×(2−4)), ((1−4)×(1−3)), ((2−4)×(2−3)), ((1−3)×(2−3)), ((2−3)×(2−4)), ((2−3)×(1−3)), ((1−4)×(2−3)), ((2−3)×(1−4))]
[362 397 361; 388 332 427; 345 351 404] DecisionTree.ModalLogic.Interval2D[((2−3)×(2−3))]     false   DecisionTree.ModalLogic.Interval2D[((2−3)×(2−3))]
[1273 1277 1091; 1125 1238 1232; 1410 1226 1198]        DecisionTree.ModalLogic.Interval2D[((2−3)×(2−3))]     true    DecisionTree.ModalLogic.Interval2D[((2−4)×(2−4)), ((1−3)×(2−4)), ((2−4)×(1−3)), ((1−3)×(1−3)), ((2−4)×(1−4)), ((1−3)×(1−4)), ((1−4)×(2−4)), ((1−4)×(1−3)), ((2−4)×(2−3)), ((1−3)×(2−3)), ((2−3)×(2−4)), ((2−3)×(1−3)), ((1−4)×(2−3)), ((2−3)×(1−4))]
[511 519 406; 368 392 344; 302 393 365] DecisionTree.ModalLogic.Interval2D[((2−3)×(2−3))]     false   DecisionTree.ModalLogic.Interval2D[((2−3)×(2−3))]
[1437 2322 3645; 1056 1867 3056; 1057 1629 2666]        DecisionTree.ModalLogic.Interval2D[((2−3)×(2−3))]     true    DecisionTree.ModalLogic.Interval2D[((2−4)×(2−4)), ((1−3)×(2−4)), ((2−4)×(1−3)), ((1−3)×(1−3)), ((2−4)×(1−4)), ((1−3)×(1−4)), ((1−4)×(2−4)), ((1−4)×(1−3)), ((2−4)×(2−3)), ((1−3)×(2−3)), ((2−3)×(2−4)), ((2−3)×(1−3)), ((1−4)×(2−3)), ((2−3)×(1−4))]
[1152 1136 580; 1020 733 527; 910 622 437]      DecisionTree.ModalLogic.Interval2D[((2−3)×(2−3))]     true    DecisionTree.ModalLogic.Interval2D[((1−3)×(1−3))]
[1152 1184 1295; 1282 1287 1220; 1221 1316 1210]        DecisionTree.ModalLogic.Interval2D[((2−3)×(2−3))]     true    DecisionTree.ModalLogic.Interval2D[((2−4)×(2−4)), ((1−3)×(2−4)), ((2−4)×(1−3)), ((1−3)×(1−3)), ((2−4)×(1−4)), ((1−3)×(1−4)), ((1−4)×(2−4)), ((1−4)×(1−3)), ((2−4)×(2−3)), ((1−3)×(2−3)), ((2−3)×(2−4)), ((2−3)×(1−3)), ((1−4)×(2−3)), ((2−3)×(1−4))]
[860 1614 1589; 643 1179 1505; 566 1079 1523]   DecisionTree.ModalLogic.Interval2D[((2−3)×(2−3))]     true    DecisionTree.ModalLogic.Interval2D[((2−4)×(2−4)), ((1−3)×(2−4)), ((1−3)×(1−3)), ((1−3)×(1−4)), ((1−4)×(2−4)), ((2−4)×(2−3)), ((1−3)×(2−3)), ((2−3)×(2−4)), ((1−4)×(2−3))]
[208 119 206; 205 157 176; 211 253 209] DecisionTree.ModalLogic.Interval2D[((2−3)×(2−3))]     false   DecisionTree.ModalLogic.Interval2D[((2−3)×(2−3))]
[1515 1670 1361; 1513 2230 1674; 1120 1273 1408]        DecisionTree.ModalLogic.Interval2D[((2−3)×(2−3))]     true    DecisionTree.ModalLogic.Interval2D[((2−4)×(2−4)), ((1−3)×(2−4)), ((2−4)×(1−3)), ((1−3)×(1−3)), ((2−4)×(1−4)), ((1−3)×(1−4)), ((1−4)×(2−4)), ((1−4)×(1−3)), ((2−4)×(2−3)), ((1−3)×(2−3)), ((2−3)×(2−4)), ((2−3)×(1−3)), ((1−4)×(2−3)), ((2−3)×(1−4))]
[472 423 406; 481 409 399; 486 324 396] DecisionTree.ModalLogic.Interval2D[((2−3)×(2−3))]     false   DecisionTree.ModalLogic.Interval2D[((2−3)×(2−3))]
[1335 1313 1364; 1239 1280 1342; 1222 1250 1412]        DecisionTree.ModalLogic.Interval2D[((2−3)×(2−3))]     true    DecisionTree.ModalLogic.Interval2D[((2−4)×(2−4)), ((1−3)×(2−4)), ((2−4)×(1−3)), ((1−3)×(1−3)), ((2−4)×(1−4)), ((1−3)×(1−4)), ((1−4)×(2−4)), ((1−4)×(1−3)), ((2−4)×(2−3)), ((1−3)×(2−3)), ((2−3)×(2−4)), ((2−3)×(1−3)), ((1−4)×(2−3)), ((2−3)×(1−4))]
[325 389 284; 356 383 338; 302 369 227] DecisionTree.ModalLogic.Interval2D[((2−3)×(2−3))]     false   DecisionTree.ModalLogic.Interval2D[((2−3)×(2−3))]
[2463 4310 5107; 4783 5849 6073; 5822 6046 5943]        DecisionTree.ModalLogic.Interval2D[((2−3)×(2−3))]     true    DecisionTree.ModalLogic.Interval2D[((2−4)×(2−4)), ((1−3)×(2−4)), ((2−4)×(1−3)), ((1−3)×(1−3)), ((2−4)×(1−4)), ((1−3)×(1−4)), ((1−4)×(2−4)), ((1−4)×(1−3)), ((2−4)×(2−3)), ((1−3)×(2−3)), ((2−3)×(2−4)), ((2−3)×(1−3)), ((1−4)×(2−3)), ((2−3)×(1−4))]
[574 517 402; 581 541 447; 588 489 537] DecisionTree.ModalLogic.Interval2D[((2−3)×(2−3))]     false   DecisionTree.ModalLogic.Interval2D[((2−3)×(2−3))]
[827 1243 1358; 807 1183 1297; 796 1249 1359]   DecisionTree.ModalLogic.Interval2D[((2−3)×(2−3))]     true    DecisionTree.ModalLogic.Interval2D[((2−4)×(2−4)), ((1−3)×(2−4)), ((1−4)×(2−4)), ((2−4)×(2−3)), ((1−3)×(2−3)), ((2−3)×(2−4)), ((1−4)×(2−3))]
[1394 1451 1462; 1443 1392 1544; 1244 1433 1445]        DecisionTree.ModalLogic.Interval2D[((2−3)×(2−3))]     true    DecisionTree.ModalLogic.Interval2D[((2−4)×(2−4)), ((1−3)×(2−4)), ((2−4)×(1−3)), ((1−3)×(1−3)), ((2−4)×(1−4)), ((1−3)×(1−4)), ((1−4)×(2−4)), ((1−4)×(1−3)), ((2−4)×(2−3)), ((1−3)×(2−3)), ((2−3)×(2−4)), ((2−3)×(1−3)), ((1−4)×(2−3)), ((2−3)×(1−4))]
[160 9 89; 347 65 115; 652 140 124]     DecisionTree.ModalLogic.Interval2D[((2−3)×(2−3))]     false   DecisionTree.ModalLogic.Interval2D[((2−3)×(2−3))]
[1188 1157 1137; 1270 1171 1069; 1333 1321 1055]        DecisionTree.ModalLogic.Interval2D[((2−3)×(2−3))]     true    DecisionTree.ModalLogic.Interval2D[((2−4)×(2−4)), ((1−3)×(2−4)), ((2−4)×(1−3)), ((1−3)×(1−3)), ((2−4)×(1−4)), ((1−3)×(1−4)), ((1−4)×(2−4)), ((1−4)×(1−3)), ((2−4)×(2−3)), ((1−3)×(2−3)), ((2−3)×(2−4)), ((2−3)×(1−3)), ((1−4)×(2−3)), ((2−3)×(1−4))]
[854 881 860; 928 787 928; 915 807 921] DecisionTree.ModalLogic.Interval2D[((2−3)×(2−3))]     true    DecisionTree.ModalLogic.Interval2D[((1−3)×(2−4))]
[1241 1292 1311; 1198 1311 1310; 1360 1259 1184]        DecisionTree.ModalLogic.Interval2D[((2−3)×(2−3))]     true    DecisionTree.ModalLogic.Interval2D[((2−4)×(2−4)), ((1−3)×(2−4)), ((2−4)×(1−3)), ((1−3)×(1−3)), ((2−4)×(1−4)), ((1−3)×(1−4)), ((1−4)×(2−4)), ((1−4)×(1−3)), ((2−4)×(2−3)), ((1−3)×(2−3)), ((2−3)×(2−4)), ((2−3)×(1−3)), ((1−4)×(2−3)), ((2−3)×(1−4))]
[236 328 202; 336 291 194; 241 168 251] DecisionTree.ModalLogic.Interval2D[((2−3)×(2−3))]     false   DecisionTree.ModalLogic.Interval2D[((2−3)×(2−3))]
[5834 5970 5812; 5798 5285 4193; 4183 3331 3002]        DecisionTree.ModalLogic.Interval2D[((2−3)×(2−3))]     true    DecisionTree.ModalLogic.Interval2D[((2−4)×(2−4)), ((1−3)×(2−4)), ((2−4)×(1−3)), ((1−3)×(1−3)), ((2−4)×(1−4)), ((1−3)×(1−4)), ((1−4)×(2−4)), ((1−4)×(1−3)), ((2−4)×(2−3)), ((1−3)×(2−3)), ((2−3)×(2−4)), ((2−3)×(1−3)), ((1−4)×(2−3)), ((2−3)×(1−4))]
[537 617 817; 589 447 607; 621 680 744] DecisionTree.ModalLogic.Interval2D[((2−3)×(2−3))]     false   DecisionTree.ModalLogic.Interval2D[((2−3)×(2−3))]
[1270 1309 1254; 1236 1279 1332; 1104 1223 1304]        DecisionTree.ModalLogic.Interval2D[((2−3)×(2−3))]     true    DecisionTree.ModalLogic.Interval2D[((2−4)×(2−4)), ((1−3)×(2−4)), ((2−4)×(1−3)), ((1−3)×(1−3)), ((2−4)×(1−4)), ((1−3)×(1−4)), ((1−4)×(2−4)), ((1−4)×(1−3)), ((2−4)×(2−3)), ((1−3)×(2−3)), ((2−3)×(2−4)), ((2−3)×(1−3)), ((1−4)×(2−3)), ((2−3)×(1−4))]
[1213 1533 1623; 1159 1397 1511; 1142 1345 1663]        DecisionTree.ModalLogic.Interval2D[((2−3)×(2−3))]     true    DecisionTree.ModalLogic.Interval2D[((2−4)×(2−4)), ((1−3)×(2−4)), ((2−4)×(1−3)), ((1−3)×(1−3)), ((2−4)×(1−4)), ((1−3)×(1−4)), ((1−4)×(2−4)), ((1−4)×(1−3)), ((2−4)×(2−3)), ((1−3)×(2−3)), ((2−3)×(2−4)), ((2−3)×(1−3)), ((1−4)×(2−3)), ((2−3)×(1−4))]
[215 133 231; 235 144 255; 179 319 336] DecisionTree.ModalLogic.Interval2D[((2−3)×(2−3))]     false   DecisionTree.ModalLogic.Interval2D[((2−3)×(2−3))]
[1315 1314 1271; 1191 1297 1303; 1273 1254 1262]        DecisionTree.ModalLogic.Interval2D[((2−3)×(2−3))]     true    DecisionTree.ModalLogic.Interval2D[((2−4)×(2−4)), ((1−3)×(2−4)), ((2−4)×(1−3)), ((1−3)×(1−3)), ((2−4)×(1−4)), ((1−3)×(1−4)), ((1−4)×(2−4)), ((1−4)×(1−3)), ((2−4)×(2−3)), ((1−3)×(2−3)), ((2−3)×(2−4)), ((2−3)×(1−3)), ((1−4)×(2−3)), ((2−3)×(1−4))]
[517 654 665; 547 684 735; 566 689 725] DecisionTree.ModalLogic.Interval2D[((2−3)×(2−3))]     false   DecisionTree.ModalLogic.Interval2D[((2−3)×(2−3))]
[1160 1151 1095; 1288 1016 1193; 1395 1315 1115]        DecisionTree.ModalLogic.Interval2D[((2−3)×(2−3))]     true    DecisionTree.ModalLogic.Interval2D[((2−4)×(2−4)), ((1−3)×(2−4)), ((2−4)×(1−3)), ((1−3)×(1−3)), ((2−4)×(1−4)), ((1−3)×(1−4)), ((1−4)×(2−4)), ((1−4)×(1−3)), ((2−4)×(2−3)), ((1−3)×(2−3)), ((2−3)×(2−4)), ((2−3)×(1−3)), ((1−4)×(2−3)), ((2−3)×(1−4))]
[186 233 270; 280 246 243; 362 316 217] DecisionTree.ModalLogic.Interval2D[((2−3)×(2−3))]     false   DecisionTree.ModalLogic.Interval2D[((2−3)×(2−3))]
[5564 5447 5696; 5873 5597 5654; 5673 5345 4500]        DecisionTree.ModalLogic.Interval2D[((2−3)×(2−3))]     true    DecisionTree.ModalLogic.Interval2D[((2−4)×(2−4)), ((1−3)×(2−4)), ((2−4)×(1−3)), ((1−3)×(1−3)), ((2−4)×(1−4)), ((1−3)×(1−4)), ((1−4)×(2−4)), ((1−4)×(1−3)), ((2−4)×(2−3)), ((1−3)×(2−3)), ((2−3)×(2−4)), ((2−3)×(1−3)), ((1−4)×(2−3)), ((2−3)×(1−4))]
[717 762 794; 865 773 756; 700 846 846] DecisionTree.ModalLogic.Interval2D[((2−3)×(2−3))]     false   DecisionTree.ModalLogic.Interval2D[((2−3)×(2−3))]
[1329 1194 1387; 1201 1122 1300; 1229 1157 1274]        DecisionTree.ModalLogic.Interval2D[((2−3)×(2−3))]     true    DecisionTree.ModalLogic.Interval2D[((2−4)×(2−4)), ((1−3)×(2−4)), ((2−4)×(1−3)), ((1−3)×(1−3)), ((2−4)×(1−4)), ((1−3)×(1−4)), ((1−4)×(2−4)), ((1−4)×(1−3)), ((2−4)×(2−3)), ((1−3)×(2−3)), ((2−3)×(2−4)), ((2−3)×(1−3)), ((1−4)×(2−3)), ((2−3)×(1−4))]
[1509 1432 1443; 1457 1581 1379; 1380 1435 1431]        DecisionTree.ModalLogic.Interval2D[((2−3)×(2−3))]     true    DecisionTree.ModalLogic.Interval2D[((2−4)×(2−4)), ((1−3)×(2−4)), ((2−4)×(1−3)), ((1−3)×(1−3)), ((2−4)×(1−4)), ((1−3)×(1−4)), ((1−4)×(2−4)), ((1−4)×(1−3)), ((2−4)×(2−3)), ((1−3)×(2−3)), ((2−3)×(2−4)), ((2−3)×(1−3)), ((1−4)×(2−3)), ((2−3)×(1−4))]
[632 394 346; 344 347 467; 499 445 454] DecisionTree.ModalLogic.Interval2D[((2−3)×(2−3))]     false   DecisionTree.ModalLogic.Interval2D[((2−3)×(2−3))]
[1102 1047 860; 1057 977 1047; 1268 1170 981]   DecisionTree.ModalLogic.Interval2D[((2−3)×(2−3))]     true    DecisionTree.ModalLogic.Interval2D[((2−4)×(2−4)), ((1−3)×(2−4)), ((2−4)×(1−3)), ((1−3)×(1−3)), ((2−4)×(1−4)), ((1−3)×(1−4)), ((1−4)×(2−4)), ((1−4)×(1−3)), ((2−4)×(2−3)), ((1−3)×(2−3)), ((2−3)×(2−4)), ((2−3)×(1−3)), ((1−4)×(2−3)), ((2−3)×(1−4))]
[345 301 348; 299 311 267; 281 331 367] DecisionTree.ModalLogic.Interval2D[((2−3)×(2−3))]     false   DecisionTree.ModalLogic.Interval2D[((2−3)×(2−3))]
[1363 1397 1272; 1491 1524 1288; 1576 1542 1485]        DecisionTree.ModalLogic.Interval2D[((2−3)×(2−3))]     true    DecisionTree.ModalLogic.Interval2D[((2−4)×(2−4)), ((1−3)×(2−4)), ((2−4)×(1−3)), ((1−3)×(1−3)), ((2−4)×(1−4)), ((1−3)×(1−4)), ((1−4)×(2−4)), ((1−4)×(1−3)), ((2−4)×(2−3)), ((1−3)×(2−3)), ((2−3)×(2−4)), ((2−3)×(1−3)), ((1−4)×(2−3)), ((2−3)×(1−4))]
[694 457 506; 565 406 387; 415 425 416] DecisionTree.ModalLogic.Interval2D[((2−3)×(2−3))]     false   DecisionTree.ModalLogic.Interval2D[((2−3)×(2−3))]
[5747 5382 4510; 4809 3857 3245; 3276 3149 3138]        DecisionTree.ModalLogic.Interval2D[((2−3)×(2−3))]     true    DecisionTree.ModalLogic.Interval2D[((2−4)×(2−4)), ((1−3)×(2−4)), ((2−4)×(1−3)), ((1−3)×(1−3)), ((2−4)×(1−4)), ((1−3)×(1−4)), ((1−4)×(2−4)), ((1−4)×(1−3)), ((2−4)×(2−3)), ((1−3)×(2−3)), ((2−3)×(2−4)), ((2−3)×(1−3)), ((1−4)×(2−3)), ((2−3)×(1−4))]
[429 361 404; 518 404 341; 523 469 363] DecisionTree.ModalLogic.Interval2D[((2−3)×(2−3))]     false   DecisionTree.ModalLogic.Interval2D[((2−3)×(2−3))]
[1261 1160 1247; 1186 1226 1174; 1250 1268 1226]        DecisionTree.ModalLogic.Interval2D[((2−3)×(2−3))]     true    DecisionTree.ModalLogic.Interval2D[((2−4)×(2−4)), ((1−3)×(2−4)), ((2−4)×(1−3)), ((1−3)×(1−3)), ((2−4)×(1−4)), ((1−3)×(1−4)), ((1−4)×(2−4)), ((1−4)×(1−3)), ((2−4)×(2−3)), ((1−3)×(2−3)), ((2−3)×(2−4)), ((2−3)×(1−3)), ((1−4)×(2−3)), ((2−3)×(1−4))]
[1449 1475 1378; 1519 1401 1412; 1510 1530 1415]        DecisionTree.ModalLogic.Interval2D[((2−3)×(2−3))]     true    DecisionTree.ModalLogic.Interval2D[((2−4)×(2−4)), ((1−3)×(2−4)), ((2−4)×(1−3)), ((1−3)×(1−3)), ((2−4)×(1−4)), ((1−3)×(1−4)), ((1−4)×(2−4)), ((1−4)×(1−3)), ((2−4)×(2−3)), ((1−3)×(2−3)), ((2−3)×(2−4)), ((2−3)×(1−3)), ((1−4)×(2−3)), ((2−3)×(1−4))]
[264 206 235; 313 233 132; 212 110 178] DecisionTree.ModalLogic.Interval2D[((2−3)×(2−3))]     false   DecisionTree.ModalLogic.Interval2D[((2−3)×(2−3))]
[895 1327 1294; 780 856 1357; 802 867 1286]     DecisionTree.ModalLogic.Interval2D[((2−3)×(2−3))]     true    DecisionTree.ModalLogic.Interval2D[((2−4)×(2−4)), ((1−3)×(2−4)), ((1−4)×(2−4))]
[645 714 649; 678 666 638; 646 628 627] DecisionTree.ModalLogic.Interval2D[((2−3)×(2−3))]     false   DecisionTree.ModalLogic.Interval2D[((2−3)×(2−3))]
[2168 1426 1329; 2369 1519 1327; 2154 2181 1480]        DecisionTree.ModalLogic.Interval2D[((2−3)×(2−3))]     true    DecisionTree.ModalLogic.Interval2D[((2−4)×(2−4)), ((1−3)×(2−4)), ((2−4)×(1−3)), ((1−3)×(1−3)), ((2−4)×(1−4)), ((1−3)×(1−4)), ((1−4)×(2−4)), ((1−4)×(1−3)), ((2−4)×(2−3)), ((1−3)×(2−3)), ((2−3)×(2−4)), ((2−3)×(1−3)), ((1−4)×(2−3)), ((2−3)×(1−4))]
[295 211 351; 341 288 223; 292 339 240] DecisionTree.ModalLogic.Interval2D[((2−3)×(2−3))]     false   DecisionTree.ModalLogic.Interval2D[((2−3)×(2−3))]
[4953 3965 3295; 3472 3295 3180; 3160 3242 3105]        DecisionTree.ModalLogic.Interval2D[((2−3)×(2−3))]     true    DecisionTree.ModalLogic.Interval2D[((2−4)×(2−4)), ((1−3)×(2−4)), ((2−4)×(1−3)), ((1−3)×(1−3)), ((2−4)×(1−4)), ((1−3)×(1−4)), ((1−4)×(2−4)), ((1−4)×(1−3)), ((2−4)×(2−3)), ((1−3)×(2−3)), ((2−3)×(2−4)), ((2−3)×(1−3)), ((1−4)×(2−3)), ((2−3)×(1−4))]
[2904 2524 1487; 1847 1084 436; 640 465 369]    DecisionTree.ModalLogic.Interval2D[((2−3)×(2−3))]     true    DecisionTree.ModalLogic.Interval2D[((1−3)×(2−4)), ((1−3)×(1−3)), ((1−3)×(1−4)), ((1−3)×(2−3)), ((2−3)×(1−3))]
[1290 1198 1292; 1290 1252 1314; 1337 1232 1332]        DecisionTree.ModalLogic.Interval2D[((2−3)×(2−3))]     true    DecisionTree.ModalLogic.Interval2D[((2−4)×(2−4)), ((1−3)×(2−4)), ((2−4)×(1−3)), ((1−3)×(1−3)), ((2−4)×(1−4)), ((1−3)×(1−4)), ((1−4)×(2−4)), ((1−4)×(1−3)), ((2−4)×(2−3)), ((1−3)×(2−3)), ((2−3)×(2−4)), ((2−3)×(1−3)), ((1−4)×(2−3)), ((2−3)×(1−4))]
[1496 1170 1022; 1538 1307 1185; 1564 1417 1200]        DecisionTree.ModalLogic.Interval2D[((2−3)×(2−3))]     true    DecisionTree.ModalLogic.Interval2D[((2−4)×(2−4)), ((1−3)×(2−4)), ((2−4)×(1−3)), ((1−3)×(1−3)), ((2−4)×(1−4)), ((1−3)×(1−4)), ((1−4)×(2−4)), ((1−4)×(1−3)), ((2−4)×(2−3)), ((1−3)×(2−3)), ((2−3)×(2−4)), ((2−3)×(1−3)), ((1−4)×(2−3)), ((2−3)×(1−4))]
[481 400 402; 581 489 507; 470 568 445] DecisionTree.ModalLogic.Interval2D[((2−3)×(2−3))]     false   DecisionTree.ModalLogic.Interval2D[((2−3)×(2−3))]
[1560 1573 1251; 1251 1105 1194; 1048 1253 1527]        DecisionTree.ModalLogic.Interval2D[((2−3)×(2−3))]     true    DecisionTree.ModalLogic.Interval2D[((2−4)×(2−4)), ((1−3)×(2−4)), ((2−4)×(1−3)), ((1−3)×(1−3)), ((2−4)×(1−4)), ((1−3)×(1−4)), ((1−4)×(2−4)), ((1−4)×(1−3)), ((2−4)×(2−3)), ((1−3)×(2−3)), ((2−3)×(2−4)), ((2−3)×(1−3)), ((1−4)×(2−3)), ((2−3)×(1−4))]
[458 457 404; 428 371 420; 458 395 391] DecisionTree.ModalLogic.Interval2D[((2−3)×(2−3))]     false   DecisionTree.ModalLogic.Interval2D[((2−3)×(2−3))]
[1253 1329 1284; 1131 1227 1305; 1208 1218 1276]        DecisionTree.ModalLogic.Interval2D[((2−3)×(2−3))]     true    DecisionTree.ModalLogic.Interval2D[((2−4)×(2−4)), ((1−3)×(2−4)), ((2−4)×(1−3)), ((1−3)×(1−3)), ((2−4)×(1−4)), ((1−3)×(1−4)), ((1−4)×(2−4)), ((1−4)×(1−3)), ((2−4)×(2−3)), ((1−3)×(2−3)), ((2−3)×(2−4)), ((2−3)×(1−3)), ((1−4)×(2−3)), ((2−3)×(1−4))]
[1080 714 368; 696 580 378; 346 420 363]        DecisionTree.ModalLogic.Interval2D[((2−3)×(2−3))]     false   DecisionTree.ModalLogic.Interval2D[((2−3)×(2−3))]
[5927 5621 5281; 6044 5875 5515; 5846 4994 3853]        DecisionTree.ModalLogic.Interval2D[((2−3)×(2−3))]     true    DecisionTree.ModalLogic.Interval2D[((2−4)×(2−4)), ((1−3)×(2−4)), ((2−4)×(1−3)), ((1−3)×(1−3)), ((2−4)×(1−4)), ((1−3)×(1−4)), ((1−4)×(2−4)), ((1−4)×(1−3)), ((2−4)×(2−3)), ((1−3)×(2−3)), ((2−3)×(2−4)), ((2−3)×(1−3)), ((1−4)×(2−3)), ((2−3)×(1−4))]
[712 750 643; 1115 882 844; 1252 1008 1046]     DecisionTree.ModalLogic.Interval2D[((2−3)×(2−3))]     true    DecisionTree.ModalLogic.Interval2D[((2−4)×(2−4)), ((2−4)×(1−3)), ((2−4)×(1−4)), ((2−4)×(2−3)), ((2−3)×(1−3))]
[1254 1203 1213; 1260 1292 1241; 1179 1184 1286]        DecisionTree.ModalLogic.Interval2D[((2−3)×(2−3))]     true    DecisionTree.ModalLogic.Interval2D[((2−4)×(2−4)), ((1−3)×(2−4)), ((2−4)×(1−3)), ((1−3)×(1−3)), ((2−4)×(1−4)), ((1−3)×(1−4)), ((1−4)×(2−4)), ((1−4)×(1−3)), ((2−4)×(2−3)), ((1−3)×(2−3)), ((2−3)×(2−4)), ((2−3)×(1−3)), ((1−4)×(2−3)), ((2−3)×(1−4))]
[1495 1553 1627; 1501 1527 1537; 1332 1658 1538]        DecisionTree.ModalLogic.Interval2D[((2−3)×(2−3))]     true    DecisionTree.ModalLogic.Interval2D[((2−4)×(2−4)), ((1−3)×(2−4)), ((2−4)×(1−3)), ((1−3)×(1−3)), ((2−4)×(1−4)), ((1−3)×(1−4)), ((1−4)×(2−4)), ((1−4)×(1−3)), ((2−4)×(2−3)), ((1−3)×(2−3)), ((2−3)×(2−4)), ((2−3)×(1−3)), ((1−4)×(2−3)), ((2−3)×(1−4))]
[206 227 145; 159 202 163; 93 178 226]  DecisionTree.ModalLogic.Interval2D[((2−3)×(2−3))]     false   DecisionTree.ModalLogic.Interval2D[((2−3)×(2−3))]
[1186 1013 932; 1014 959 950; 963 914 997]      DecisionTree.ModalLogic.Interval2D[((2−3)×(2−3))]     true    DecisionTree.ModalLogic.Interval2D[((2−4)×(2−4)), ((1−3)×(2−4)), ((2−4)×(1−3)), ((1−3)×(1−3)), ((2−4)×(1−4)), ((1−3)×(1−4)), ((1−4)×(2−4)), ((1−4)×(1−3)), ((2−4)×(2−3)), ((1−3)×(2−3)), ((2−3)×(2−4)), ((2−3)×(1−3)), ((1−4)×(2−3)), ((2−3)×(1−4))]
[522 534 579; 536 553 509; 590 537 523] DecisionTree.ModalLogic.Interval2D[((2−3)×(2−3))]     false   DecisionTree.ModalLogic.Interval2D[((2−3)×(2−3))]
[1293 1353 1308; 1385 1400 1363; 1426 1383 1362]        DecisionTree.ModalLogic.Interval2D[((2−3)×(2−3))]     true    DecisionTree.ModalLogic.Interval2D[((2−4)×(2−4)), ((1−3)×(2−4)), ((2−4)×(1−3)), ((1−3)×(1−3)), ((2−4)×(1−4)), ((1−3)×(1−4)), ((1−4)×(2−4)), ((1−4)×(1−3)), ((2−4)×(2−3)), ((1−3)×(2−3)), ((2−3)×(2−4)), ((2−3)×(1−3)), ((1−4)×(2−3)), ((2−3)×(1−4))]
[401 339 268; 283 282 351; 364 350 310] DecisionTree.ModalLogic.Interval2D[((2−3)×(2−3))]     false   DecisionTree.ModalLogic.Interval2D[((2−3)×(2−3))]
[6080 5914 5704; 6011 5460 4461; 4453 3412 3155]        DecisionTree.ModalLogic.Interval2D[((2−3)×(2−3))]     true    DecisionTree.ModalLogic.Interval2D[((2−4)×(2−4)), ((1−3)×(2−4)), ((2−4)×(1−3)), ((1−3)×(1−3)), ((2−4)×(1−4)), ((1−3)×(1−4)), ((1−4)×(2−4)), ((1−4)×(1−3)), ((2−4)×(2−3)), ((1−3)×(2−3)), ((2−3)×(2−4)), ((2−3)×(1−3)), ((1−4)×(2−3)), ((2−3)×(1−4))]
[436 356 268; 463 386 349; 459 491 338] DecisionTree.ModalLogic.Interval2D[((2−3)×(2−3))]     false   DecisionTree.ModalLogic.Interval2D[((2−3)×(2−3))]
[1226 1425 1345; 1385 1344 1357; 1440 1404 1392]        DecisionTree.ModalLogic.Interval2D[((2−3)×(2−3))]     true    DecisionTree.ModalLogic.Interval2D[((2−4)×(2−4)), ((1−3)×(2−4)), ((2−4)×(1−3)), ((1−3)×(1−3)), ((2−4)×(1−4)), ((1−3)×(1−4)), ((1−4)×(2−4)), ((1−4)×(1−3)), ((2−4)×(2−3)), ((1−3)×(2−3)), ((2−3)×(2−4)), ((2−3)×(1−3)), ((1−4)×(2−3)), ((2−3)×(1−4))]
[1259 1329 1307; 1359 1352 1393; 1265 1310 1371]        DecisionTree.ModalLogic.Interval2D[((2−3)×(2−3))]     true    DecisionTree.ModalLogic.Interval2D[((2−4)×(2−4)), ((1−3)×(2−4)), ((2−4)×(1−3)), ((1−3)×(1−3)), ((2−4)×(1−4)), ((1−3)×(1−4)), ((1−4)×(2−4)), ((1−4)×(1−3)), ((2−4)×(2−3)), ((1−3)×(2−3)), ((2−3)×(2−4)), ((2−3)×(1−3)), ((1−4)×(2−3)), ((2−3)×(1−4))]
[886 371 239; 286 142 149; 107 281 214] DecisionTree.ModalLogic.Interval2D[((2−3)×(2−3))]     false   DecisionTree.ModalLogic.Interval2D[((2−3)×(2−3))]
[1107 1059 1048; 1034 1066 1077; 1021 1001 1105]        DecisionTree.ModalLogic.Interval2D[((2−3)×(2−3))]     true    DecisionTree.ModalLogic.Interval2D[((2−4)×(2−4)), ((1−3)×(2−4)), ((2−4)×(1−3)), ((1−3)×(1−3)), ((2−4)×(1−4)), ((1−3)×(1−4)), ((1−4)×(2−4)), ((1−4)×(1−3)), ((2−4)×(2−3)), ((1−3)×(2−3)), ((2−3)×(2−4)), ((2−3)×(1−3)), ((1−4)×(2−3)), ((2−3)×(1−4))]
[356 338 345; 257 312 414; 302 353 439] DecisionTree.ModalLogic.Interval2D[((2−3)×(2−3))]     false   DecisionTree.ModalLogic.Interval2D[((2−3)×(2−3))]
[679 1272 1485; 1321 1246 1119; 1110 1035 1212] DecisionTree.ModalLogic.Interval2D[((2−3)×(2−3))]     true    DecisionTree.ModalLogic.Interval2D[((2−4)×(2−4)), ((1−3)×(2−4)), ((2−4)×(1−3)), ((1−3)×(1−3)), ((2−4)×(1−4)), ((1−3)×(1−4)), ((1−4)×(2−4)), ((1−4)×(1−3)), ((2−4)×(2−3)), ((1−3)×(2−3)), ((2−3)×(2−4)), ((2−3)×(1−3)), ((1−4)×(2−3)), ((2−3)×(1−4))]
[886 1066 759; 601 620 463; 437 401 486]        DecisionTree.ModalLogic.Interval2D[((2−3)×(2−3))]     false   DecisionTree.ModalLogic.Interval2D[((2−3)×(2−3))]
[4753 5653 5726; 5657 5744 5881; 5901 5734 5827]        DecisionTree.ModalLogic.Interval2D[((2−3)×(2−3))]     true    DecisionTree.ModalLogic.Interval2D[((2−4)×(2−4)), ((1−3)×(2−4)), ((2−4)×(1−3)), ((1−3)×(1−3)), ((2−4)×(1−4)), ((1−3)×(1−4)), ((1−4)×(2−4)), ((1−4)×(1−3)), ((2−4)×(2−3)), ((1−3)×(2−3)), ((2−3)×(2−4)), ((2−3)×(1−3)), ((1−4)×(2−3)), ((2−3)×(1−4))]
[425 496 527; 372 411 491; 464 454 489] DecisionTree.ModalLogic.Interval2D[((2−3)×(2−3))]     false   DecisionTree.ModalLogic.Interval2D[((2−3)×(2−3))]
[1166 1349 1313; 658 1053 1274; 367 520 931]    DecisionTree.ModalLogic.Interval2D[((2−3)×(2−3))]     true    DecisionTree.ModalLogic.Interval2D[((2−4)×(2−4)), ((1−3)×(2−4)), ((1−3)×(1−3)), ((1−3)×(1−4)), ((1−4)×(2−4)), ((1−3)×(2−3)), ((2−3)×(2−4))]
[1072 1511 1579; 1021 1546 1676; 2627 1383 1580]        DecisionTree.ModalLogic.Interval2D[((2−3)×(2−3))]     true    DecisionTree.ModalLogic.Interval2D[((2−4)×(2−4)), ((1−3)×(2−4)), ((2−4)×(1−3)), ((1−3)×(1−3)), ((2−4)×(1−4)), ((1−3)×(1−4)), ((1−4)×(2−4)), ((1−4)×(1−3)), ((2−4)×(2−3)), ((1−3)×(2−3)), ((2−3)×(2−4)), ((2−3)×(1−3)), ((1−4)×(2−3)), ((2−3)×(1−4))]
[890 427 280; 205 251 131; 72 89 147]   DecisionTree.ModalLogic.Interval2D[((2−3)×(2−3))]     false   DecisionTree.ModalLogic.Interval2D[((2−3)×(2−3))]
[1304 1337 1309; 1339 1411 1378; 1350 1348 1316]        DecisionTree.ModalLogic.Interval2D[((2−3)×(2−3))]     true    DecisionTree.ModalLogic.Interval2D[((2−4)×(2−4)), ((1−3)×(2−4)), ((2−4)×(1−3)), ((1−3)×(1−3)), ((2−4)×(1−4)), ((1−3)×(1−4)), ((1−4)×(2−4)), ((1−4)×(1−3)), ((2−4)×(2−3)), ((1−3)×(2−3)), ((2−3)×(2−4)), ((2−3)×(1−3)), ((1−4)×(2−3)), ((2−3)×(1−4))]
[671 534 654; 759 633 594; 712 671 613] DecisionTree.ModalLogic.Interval2D[((2−3)×(2−3))]     false   DecisionTree.ModalLogic.Interval2D[((2−3)×(2−3))]
[1439 1236 1193; 1580 1371 1212; 1341 1469 1255]        DecisionTree.ModalLogic.Interval2D[((2−3)×(2−3))]     true    DecisionTree.ModalLogic.Interval2D[((2−4)×(2−4)), ((1−3)×(2−4)), ((2−4)×(1−3)), ((1−3)×(1−3)), ((2−4)×(1−4)), ((1−3)×(1−4)), ((1−4)×(2−4)), ((1−4)×(1−3)), ((2−4)×(2−3)), ((1−3)×(2−3)), ((2−3)×(2−4)), ((2−3)×(1−3)), ((1−4)×(2−3)), ((2−3)×(1−4))]
[691 864 952; 378 416 417; 208 239 247] DecisionTree.ModalLogic.Interval2D[((2−3)×(2−3))]     false   DecisionTree.ModalLogic.Interval2D[((2−3)×(2−3))]
[5782 5876 5691; 5833 5737 5557; 5532 4884 4043]        DecisionTree.ModalLogic.Interval2D[((2−3)×(2−3))]     true    DecisionTree.ModalLogic.Interval2D[((2−4)×(2−4)), ((1−3)×(2−4)), ((2−4)×(1−3)), ((1−3)×(1−3)), ((2−4)×(1−4)), ((1−3)×(1−4)), ((1−4)×(2−4)), ((1−4)×(1−3)), ((2−4)×(2−3)), ((1−3)×(2−3)), ((2−3)×(2−4)), ((2−3)×(1−3)), ((1−4)×(2−3)), ((2−3)×(1−4))]
[586 678 497; 657 673 580; 664 642 601] DecisionTree.ModalLogic.Interval2D[((2−3)×(2−3))]     false   DecisionTree.ModalLogic.Interval2D[((2−3)×(2−3))]
[1200 1015 1029; 1159 1282 1119; 1160 1210 1230]        DecisionTree.ModalLogic.Interval2D[((2−3)×(2−3))]     true    DecisionTree.ModalLogic.Interval2D[((2−4)×(2−4)), ((1−3)×(2−4)), ((2−4)×(1−3)), ((1−3)×(1−3)), ((2−4)×(1−4)), ((1−3)×(1−4)), ((1−4)×(2−4)), ((1−4)×(1−3)), ((2−4)×(2−3)), ((1−3)×(2−3)), ((2−3)×(2−4)), ((2−3)×(1−3)), ((1−4)×(2−3)), ((2−3)×(1−4))]
[1374 1326 1393; 1339 1393 1371; 1500 1444 1450]        DecisionTree.ModalLogic.Interval2D[((2−3)×(2−3))]     true    DecisionTree.ModalLogic.Interval2D[((2−4)×(2−4)), ((1−3)×(2−4)), ((2−4)×(1−3)), ((1−3)×(1−3)), ((2−4)×(1−4)), ((1−3)×(1−4)), ((1−4)×(2−4)), ((1−4)×(1−3)), ((2−4)×(2−3)), ((1−3)×(2−3)), ((2−3)×(2−4)), ((2−3)×(1−3)), ((1−4)×(2−3)), ((2−3)×(1−4))]
[209 171 222; 269 225 131; 270 234 182] DecisionTree.ModalLogic.Interval2D[((2−3)×(2−3))]     false   DecisionTree.ModalLogic.Interval2D[((2−3)×(2−3))]
[867 1286 1375; 820 876 1355; 843 797 1072]     DecisionTree.ModalLogic.Interval2D[((2−3)×(2−3))]     true    DecisionTree.ModalLogic.Interval2D[((2−4)×(2−4)), ((1−3)×(2−4)), ((1−3)×(1−3)), ((1−3)×(1−4)), ((1−4)×(2−4)), ((1−3)×(2−3)), ((2−3)×(2−4))]
[456 416 471; 445 410 482; 470 491 502] DecisionTree.ModalLogic.Interval2D[((2−3)×(2−3))]     false   DecisionTree.ModalLogic.Interval2D[((2−3)×(2−3))]
[1318 1400 1391; 1423 1373 1388; 1330 1403 1420]        DecisionTree.ModalLogic.Interval2D[((2−3)×(2−3))]     true    DecisionTree.ModalLogic.Interval2D[((2−4)×(2−4)), ((1−3)×(2−4)), ((2−4)×(1−3)), ((1−3)×(1−3)), ((2−4)×(1−4)), ((1−3)×(1−4)), ((1−4)×(2−4)), ((1−4)×(1−3)), ((2−4)×(2−3)), ((1−3)×(2−3)), ((2−3)×(2−4)), ((2−3)×(1−3)), ((1−4)×(2−3)), ((2−3)×(1−4))]
[328 314 319; 309 272 410; 268 259 248] DecisionTree.ModalLogic.Interval2D[((2−3)×(2−3))]     false   DecisionTree.ModalLogic.Interval2D[((2−3)×(2−3))]
[4084 4033 5138; 5226 4401 4273; 4246 3580 3684]        DecisionTree.ModalLogic.Interval2D[((2−3)×(2−3))]     true    DecisionTree.ModalLogic.Interval2D[((2−4)×(2−4)), ((1−3)×(2−4)), ((2−4)×(1−3)), ((1−3)×(1−3)), ((2−4)×(1−4)), ((1−3)×(1−4)), ((1−4)×(2−4)), ((1−4)×(1−3)), ((2−4)×(2−3)), ((1−3)×(2−3)), ((2−3)×(2−4)), ((2−3)×(1−3)), ((1−4)×(2−3)), ((2−3)×(1−4))]
[1229 1402 1311; 1324 1273 1016; 1215 1111 989] DecisionTree.ModalLogic.Interval2D[((2−3)×(2−3))]     true    DecisionTree.ModalLogic.Interval2D[((2−4)×(2−4)), ((1−3)×(2−4)), ((2−4)×(1−3)), ((1−3)×(1−3)), ((2−4)×(1−4)), ((1−3)×(1−4)), ((1−4)×(2−4)), ((1−4)×(1−3)), ((2−4)×(2−3)), ((1−3)×(2−3)), ((2−3)×(2−4)), ((2−3)×(1−3)), ((1−4)×(2−3)), ((2−3)×(1−4))]
[1346 1117 1294; 1266 1143 980; 1263 1184 1256] DecisionTree.ModalLogic.Interval2D[((2−3)×(2−3))]     true    DecisionTree.ModalLogic.Interval2D[((2−4)×(2−4)), ((1−3)×(2−4)), ((2−4)×(1−3)), ((1−3)×(1−3)), ((2−4)×(1−4)), ((1−3)×(1−4)), ((1−4)×(2−4)), ((1−4)×(1−3)), ((2−4)×(2−3)), ((1−3)×(2−3)), ((2−3)×(2−4)), ((2−3)×(1−3)), ((1−4)×(2−3)), ((2−3)×(1−4))]
[1557 1437 1466; 1527 1529 1376; 1436 1484 1458]        DecisionTree.ModalLogic.Interval2D[((2−3)×(2−3))]     true    DecisionTree.ModalLogic.Interval2D[((2−4)×(2−4)), ((1−3)×(2−4)), ((2−4)×(1−3)), ((1−3)×(1−3)), ((2−4)×(1−4)), ((1−3)×(1−4)), ((1−4)×(2−4)), ((1−4)×(1−3)), ((2−4)×(2−3)), ((1−3)×(2−3)), ((2−3)×(2−4)), ((2−3)×(1−3)), ((1−4)×(2−3)), ((2−3)×(1−4))]
[386 461 493; 326 334 491; 460 385 522] DecisionTree.ModalLogic.Interval2D[((2−3)×(2−3))]     false   DecisionTree.ModalLogic.Interval2D[((2−3)×(2−3))]
[916 837 868; 865 868 873; 1023 742 783]        DecisionTree.ModalLogic.Interval2D[((2−3)×(2−3))]     true    DecisionTree.ModalLogic.Interval2D[((1−3)×(2−4)), ((2−4)×(1−3)), ((1−3)×(1−3)), ((1−3)×(1−4)), ((2−3)×(2−4)), ((2−3)×(1−3)), ((2−3)×(1−4))]
[804 718 618; 756 838 896; 770 852 726] DecisionTree.ModalLogic.Interval2D[((2−3)×(2−3))]     false   DecisionTree.ModalLogic.Interval2D[((2−3)×(2−3))]
[1202 1325 1379; 1181 1360 1340; 1225 1380 1385]        DecisionTree.ModalLogic.Interval2D[((2−3)×(2−3))]     true    DecisionTree.ModalLogic.Interval2D[((2−4)×(2−4)), ((1−3)×(2−4)), ((2−4)×(1−3)), ((1−3)×(1−3)), ((2−4)×(1−4)), ((1−3)×(1−4)), ((1−4)×(2−4)), ((1−4)×(1−3)), ((2−4)×(2−3)), ((1−3)×(2−3)), ((2−3)×(2−4)), ((2−3)×(1−3)), ((1−4)×(2−3)), ((2−3)×(1−4))]
[517 417 363; 303 362 274; 249 290 257] DecisionTree.ModalLogic.Interval2D[((2−3)×(2−3))]     false   DecisionTree.ModalLogic.Interval2D[((2−3)×(2−3))]
[4461 3264 3076; 3155 3140 3053; 3080 3063 3058]        DecisionTree.ModalLogic.Interval2D[((2−3)×(2−3))]     true    DecisionTree.ModalLogic.Interval2D[((2−4)×(2−4)), ((1−3)×(2−4)), ((2−4)×(1−3)), ((1−3)×(1−3)), ((2−4)×(1−4)), ((1−3)×(1−4)), ((1−4)×(2−4)), ((1−4)×(1−3)), ((2−4)×(2−3)), ((1−3)×(2−3)), ((2−3)×(2−4)), ((2−3)×(1−3)), ((1−4)×(2−3)), ((2−3)×(1−4))]
[690 582 675; 753 744 651; 916 721 733] DecisionTree.ModalLogic.Interval2D[((2−3)×(2−3))]     false   DecisionTree.ModalLogic.Interval2D[((2−3)×(2−3))]
[1422 1330 1263; 1340 1346 1278; 1338 1290 1396]        DecisionTree.ModalLogic.Interval2D[((2−3)×(2−3))]     true    DecisionTree.ModalLogic.Interval2D[((2−4)×(2−4)), ((1−3)×(2−4)), ((2−4)×(1−3)), ((1−3)×(1−3)), ((2−4)×(1−4)), ((1−3)×(1−4)), ((1−4)×(2−4)), ((1−4)×(1−3)), ((2−4)×(2−3)), ((1−3)×(2−3)), ((2−3)×(2−4)), ((2−3)×(1−3)), ((1−4)×(2−3)), ((2−3)×(1−4))]
[1471 1328 1365; 1360 1430 1390; 1394 1417 1466]        DecisionTree.ModalLogic.Interval2D[((2−3)×(2−3))]     true    DecisionTree.ModalLogic.Interval2D[((2−4)×(2−4)), ((1−3)×(2−4)), ((2−4)×(1−3)), ((1−3)×(1−3)), ((2−4)×(1−4)), ((1−3)×(1−4)), ((1−4)×(2−4)), ((1−4)×(1−3)), ((2−4)×(2−3)), ((1−3)×(2−3)), ((2−3)×(2−4)), ((2−3)×(1−3)), ((1−4)×(2−3)), ((2−3)×(1−4))]
[255 289 159; 243 279 217; 505 413 286] DecisionTree.ModalLogic.Interval2D[((2−3)×(2−3))]     false   DecisionTree.ModalLogic.Interval2D[((2−3)×(2−3))]
[1161 923 903; 1278 866 819; 1037 1132 884]     DecisionTree.ModalLogic.Interval2D[((2−3)×(2−3))]     true    DecisionTree.ModalLogic.Interval2D[((2−4)×(2−4)), ((1−3)×(2−4)), ((2−4)×(1−3)), ((1−3)×(1−3)), ((2−4)×(1−4)), ((1−3)×(1−4)), ((1−4)×(2−4)), ((1−4)×(1−3)), ((2−4)×(2−3)), ((1−3)×(2−3)), ((2−3)×(1−3)), ((1−4)×(2−3))]
[394 342 360; 390 392 309; 418 452 440] DecisionTree.ModalLogic.Interval2D[((2−3)×(2−3))]     false   DecisionTree.ModalLogic.Interval2D[((2−3)×(2−3))]
[1189 1224 1239; 1292 1222 1222; 1273 1280 1323]        DecisionTree.ModalLogic.Interval2D[((2−3)×(2−3))]     true    DecisionTree.ModalLogic.Interval2D[((2−4)×(2−4)), ((1−3)×(2−4)), ((2−4)×(1−3)), ((1−3)×(1−3)), ((2−4)×(1−4)), ((1−3)×(1−4)), ((1−4)×(2−4)), ((1−4)×(1−3)), ((2−4)×(2−3)), ((1−3)×(2−3)), ((2−3)×(2−4)), ((2−3)×(1−3)), ((1−4)×(2−3)), ((2−3)×(1−4))]
[315 294 297; 212 261 208; 254 316 208] DecisionTree.ModalLogic.Interval2D[((2−3)×(2−3))]     false   DecisionTree.ModalLogic.Interval2D[((2−3)×(2−3))]
[3765 3880 3980; 3802 3788 3957; 3924 3735 3836]        DecisionTree.ModalLogic.Interval2D[((2−3)×(2−3))]     true    DecisionTree.ModalLogic.Interval2D[((2−4)×(2−4)), ((1−3)×(2−4)), ((2−4)×(1−3)), ((1−3)×(1−3)), ((2−4)×(1−4)), ((1−3)×(1−4)), ((1−4)×(2−4)), ((1−4)×(1−3)), ((2−4)×(2−3)), ((1−3)×(2−3)), ((2−3)×(2−4)), ((2−3)×(1−3)), ((1−4)×(2−3)), ((2−3)×(1−4))]
[1447 1534 1463; 1486 1548 1400; 1562 1518 1375]        DecisionTree.ModalLogic.Interval2D[((2−3)×(2−3))]     true    DecisionTree.ModalLogic.Interval2D[((2−4)×(2−4)), ((1−3)×(2−4)), ((2−4)×(1−3)), ((1−3)×(1−3)), ((2−4)×(1−4)), ((1−3)×(1−4)), ((1−4)×(2−4)), ((1−4)×(1−3)), ((2−4)×(2−3)), ((1−3)×(2−3)), ((2−3)×(2−4)), ((2−3)×(1−3)), ((1−4)×(2−3)), ((2−3)×(1−4))]
[1261 1275 1275; 1157 1241 1256; 1245 1245 1275]        DecisionTree.ModalLogic.Interval2D[((2−3)×(2−3))]     true    DecisionTree.ModalLogic.Interval2D[((2−4)×(2−4)), ((1−3)×(2−4)), ((2−4)×(1−3)), ((1−3)×(1−3)), ((2−4)×(1−4)), ((1−3)×(1−4)), ((1−4)×(2−4)), ((1−4)×(1−3)), ((2−4)×(2−3)), ((1−3)×(2−3)), ((2−3)×(2−4)), ((2−3)×(1−3)), ((1−4)×(2−3)), ((2−3)×(1−4))]
[619 916 1262; 1077 1277 1305; 1351 1312 1371]  DecisionTree.ModalLogic.Interval2D[((2−3)×(2−3))]     true    DecisionTree.ModalLogic.Interval2D[((2−4)×(2−4)), ((1−3)×(2−4)), ((2−4)×(1−3)), ((1−3)×(1−3)), ((2−4)×(1−4)), ((1−3)×(1−4)), ((1−4)×(2−4)), ((1−4)×(1−3)), ((2−4)×(2−3)), ((1−3)×(2−3)), ((2−3)×(2−4)), ((2−3)×(1−3)), ((1−4)×(2−3)), ((2−3)×(1−4))]
[129 171 218; 230 184 162; 335 224 262] DecisionTree.ModalLogic.Interval2D[((2−3)×(2−3))]     false   DecisionTree.ModalLogic.Interval2D[((2−3)×(2−3))]
[880 1160 1497; 919 1089 1461; 951 1038 1335]   DecisionTree.ModalLogic.Interval2D[((2−3)×(2−3))]     true    DecisionTree.ModalLogic.Interval2D[((2−4)×(2−4)), ((1−3)×(2−4)), ((2−4)×(1−3)), ((1−3)×(1−3)), ((2−4)×(1−4)), ((1−3)×(1−4)), ((1−4)×(2−4)), ((1−4)×(1−3)), ((2−4)×(2−3)), ((1−3)×(2−3)), ((2−3)×(2−4)), ((2−3)×(1−3)), ((1−4)×(2−3)), ((2−3)×(1−4))]
[291 252 363; 358 258 194; 290 299 269] DecisionTree.ModalLogic.Interval2D[((2−3)×(2−3))]     false   DecisionTree.ModalLogic.Interval2D[((2−3)×(2−3))]
[1301 1193 1129; 1370 1230 1238; 1469 1394 1138]        DecisionTree.ModalLogic.Interval2D[((2−3)×(2−3))]     true    DecisionTree.ModalLogic.Interval2D[((2−4)×(2−4)), ((1−3)×(2−4)), ((2−4)×(1−3)), ((1−3)×(1−3)), ((2−4)×(1−4)), ((1−3)×(1−4)), ((1−4)×(2−4)), ((1−4)×(1−3)), ((2−4)×(2−3)), ((1−3)×(2−3)), ((2−3)×(2−4)), ((2−3)×(1−3)), ((1−4)×(2−3)), ((2−3)×(1−4))]
[440 294 314; 381 294 198; 312 337 203] DecisionTree.ModalLogic.Interval2D[((2−3)×(2−3))]     false   DecisionTree.ModalLogic.Interval2D[((2−3)×(2−3))]
[5889 5780 5822; 5544 5112 4181; 4383 3315 3239]        DecisionTree.ModalLogic.Interval2D[((2−3)×(2−3))]     true    DecisionTree.ModalLogic.Interval2D[((2−4)×(2−4)), ((1−3)×(2−4)), ((2−4)×(1−3)), ((1−3)×(1−3)), ((2−4)×(1−4)), ((1−3)×(1−4)), ((1−4)×(2−4)), ((1−4)×(1−3)), ((2−4)×(2−3)), ((1−3)×(2−3)), ((2−3)×(2−4)), ((2−3)×(1−3)), ((1−4)×(2−3)), ((2−3)×(1−4))]
[1324 1311 1448; 1330 1295 1060; 1318 1149 975] DecisionTree.ModalLogic.Interval2D[((2−3)×(2−3))]     true    DecisionTree.ModalLogic.Interval2D[((2−4)×(2−4)), ((1−3)×(2−4)), ((2−4)×(1−3)), ((1−3)×(1−3)), ((2−4)×(1−4)), ((1−3)×(1−4)), ((1−4)×(2−4)), ((1−4)×(1−3)), ((2−4)×(2−3)), ((1−3)×(2−3)), ((2−3)×(2−4)), ((2−3)×(1−3)), ((1−4)×(2−3)), ((2−3)×(1−4))]
[1425 1322 1351; 1469 1479 1336; 1441 1539 1427]        DecisionTree.ModalLogic.Interval2D[((2−3)×(2−3))]     true    DecisionTree.ModalLogic.Interval2D[((2−4)×(2−4)), ((1−3)×(2−4)), ((2−4)×(1−3)), ((1−3)×(1−3)), ((2−4)×(1−4)), ((1−3)×(1−4)), ((1−4)×(2−4)), ((1−4)×(1−3)), ((2−4)×(2−3)), ((1−3)×(2−3)), ((2−3)×(2−4)), ((2−3)×(1−3)), ((1−4)×(2−3)), ((2−3)×(1−4))]
[1474 1538 1475; 1195 1546 1453; 1120 1258 1538]        DecisionTree.ModalLogic.Interval2D[((2−3)×(2−3))]     true    DecisionTree.ModalLogic.Interval2D[((2−4)×(2−4)), ((1−3)×(2−4)), ((2−4)×(1−3)), ((1−3)×(1−3)), ((2−4)×(1−4)), ((1−3)×(1−4)), ((1−4)×(2−4)), ((1−4)×(1−3)), ((2−4)×(2−3)), ((1−3)×(2−3)), ((2−3)×(2−4)), ((2−3)×(1−3)), ((1−4)×(2−3)), ((2−3)×(1−4))]
[157 229 234; 213 277 236; 220 253 263] DecisionTree.ModalLogic.Interval2D[((2−3)×(2−3))]     false   DecisionTree.ModalLogic.Interval2D[((2−3)×(2−3))]
[1446 1531 1161; 1763 1180 1141; 1418 1147 1147]        DecisionTree.ModalLogic.Interval2D[((2−3)×(2−3))]     true    DecisionTree.ModalLogic.Interval2D[((2−4)×(2−4)), ((1−3)×(2−4)), ((2−4)×(1−3)), ((1−3)×(1−3)), ((2−4)×(1−4)), ((1−3)×(1−4)), ((1−4)×(2−4)), ((1−4)×(1−3)), ((2−4)×(2−3)), ((1−3)×(2−3)), ((2−3)×(2−4)), ((2−3)×(1−3)), ((1−4)×(2−3)), ((2−3)×(1−4))]
[683 524 612; 557 619 710; 575 573 654] DecisionTree.ModalLogic.Interval2D[((2−3)×(2−3))]     false   DecisionTree.ModalLogic.Interval2D[((2−3)×(2−3))]
[1976 1529 1339; 2268 1994 1441; 2024 1722 1366]        DecisionTree.ModalLogic.Interval2D[((2−3)×(2−3))]     true    DecisionTree.ModalLogic.Interval2D[((2−4)×(2−4)), ((1−3)×(2−4)), ((2−4)×(1−3)), ((1−3)×(1−3)), ((2−4)×(1−4)), ((1−3)×(1−4)), ((1−4)×(2−4)), ((1−4)×(1−3)), ((2−4)×(2−3)), ((1−3)×(2−3)), ((2−3)×(2−4)), ((2−3)×(1−3)), ((1−4)×(2−3)), ((2−3)×(1−4))]
[225 146 373; 323 311 213; 422 254 205] DecisionTree.ModalLogic.Interval2D[((2−3)×(2−3))]     false   DecisionTree.ModalLogic.Interval2D[((2−3)×(2−3))]
[3593 3035 3107; 3071 3047 3063; 3046 3105 3071]        DecisionTree.ModalLogic.Interval2D[((2−3)×(2−3))]     true    DecisionTree.ModalLogic.Interval2D[((2−4)×(2−4)), ((1−3)×(2−4)), ((2−4)×(1−3)), ((1−3)×(1−3)), ((2−4)×(1−4)), ((1−3)×(1−4)), ((1−4)×(2−4)), ((1−4)×(1−3)), ((2−4)×(2−3)), ((1−3)×(2−3)), ((2−3)×(2−4)), ((2−3)×(1−3)), ((1−4)×(2−3)), ((2−3)×(1−4))]
[477 501 467; 441 513 562; 404 430 528] DecisionTree.ModalLogic.Interval2D[((2−3)×(2−3))]     false   DecisionTree.ModalLogic.Interval2D[((2−3)×(2−3))]
[1434 1264 1120; 1322 1216 1200; 1254 1231 1224]        DecisionTree.ModalLogic.Interval2D[((2−3)×(2−3))]     true    DecisionTree.ModalLogic.Interval2D[((2−4)×(2−4)), ((1−3)×(2−4)), ((2−4)×(1−3)), ((1−3)×(1−3)), ((2−4)×(1−4)), ((1−3)×(1−4)), ((1−4)×(2−4)), ((1−4)×(1−3)), ((2−4)×(2−3)), ((1−3)×(2−3)), ((2−3)×(2−4)), ((2−3)×(1−3)), ((1−4)×(2−3)), ((2−3)×(1−4))]
[1593 1510 1408; 1577 1534 1474; 1483 1631 1461]        DecisionTree.ModalLogic.Interval2D[((2−3)×(2−3))]     true    DecisionTree.ModalLogic.Interval2D[((2−4)×(2−4)), ((1−3)×(2−4)), ((2−4)×(1−3)), ((1−3)×(1−3)), ((2−4)×(1−4)), ((1−3)×(1−4)), ((1−4)×(2−4)), ((1−4)×(1−3)), ((2−4)×(2−3)), ((1−3)×(2−3)), ((2−3)×(2−4)), ((2−3)×(1−3)), ((1−4)×(2−3)), ((2−3)×(1−4))]
[349 346 93; 182 251 187; 121 231 120]  DecisionTree.ModalLogic.Interval2D[((2−3)×(2−3))]     false   DecisionTree.ModalLogic.Interval2D[((2−3)×(2−3))]
[1772 1254 1117; 1314 2226 1657; 1433 2802 1472]        DecisionTree.ModalLogic.Interval2D[((2−3)×(2−3))]     true    DecisionTree.ModalLogic.Interval2D[((2−4)×(2−4)), ((1−3)×(2−4)), ((2−4)×(1−3)), ((1−3)×(1−3)), ((2−4)×(1−4)), ((1−3)×(1−4)), ((1−4)×(2−4)), ((1−4)×(1−3)), ((2−4)×(2−3)), ((1−3)×(2−3)), ((2−3)×(2−4)), ((2−3)×(1−3)), ((1−4)×(2−3)), ((2−3)×(1−4))]
[884 795 799; 789 759 785; 876 828 836] DecisionTree.ModalLogic.Interval2D[((2−3)×(2−3))]     false   DecisionTree.ModalLogic.Interval2D[((2−3)×(2−3))]
[1537 1505 1483; 2375 1552 1533; 1821 1580 1469]        DecisionTree.ModalLogic.Interval2D[((2−3)×(2−3))]     true    DecisionTree.ModalLogic.Interval2D[((2−4)×(2−4)), ((1−3)×(2−4)), ((2−4)×(1−3)), ((1−3)×(1−3)), ((2−4)×(1−4)), ((1−3)×(1−4)), ((1−4)×(2−4)), ((1−4)×(1−3)), ((2−4)×(2−3)), ((1−3)×(2−3)), ((2−3)×(2−4)), ((2−3)×(1−3)), ((1−4)×(2−3)), ((2−3)×(1−4))]
[259 244 144; 289 172 325; 259 340 315] DecisionTree.ModalLogic.Interval2D[((2−3)×(2−3))]     false   DecisionTree.ModalLogic.Interval2D[((2−3)×(2−3))]
[1876 3458 3827; 1437 2322 3645; 1056 1867 3056]        DecisionTree.ModalLogic.Interval2D[((2−3)×(2−3))]     true    DecisionTree.ModalLogic.Interval2D[((2−4)×(2−4)), ((1−3)×(2−4)), ((2−4)×(1−3)), ((1−3)×(1−3)), ((2−4)×(1−4)), ((1−3)×(1−4)), ((1−4)×(2−4)), ((1−4)×(1−3)), ((2−4)×(2−3)), ((1−3)×(2−3)), ((2−3)×(2−4)), ((2−3)×(1−3)), ((1−4)×(2−3)), ((2−3)×(1−4))]
[855 763 573; 425 563 382; 622 531 513] DecisionTree.ModalLogic.Interval2D[((2−3)×(2−3))]     false   DecisionTree.ModalLogic.Interval2D[((2−3)×(2−3))]
[1017 930 1117; 1175 1240 1311; 1267 1232 1316] DecisionTree.ModalLogic.Interval2D[((2−3)×(2−3))]     true    DecisionTree.ModalLogic.Interval2D[((2−4)×(2−4)), ((1−3)×(2−4)), ((2−4)×(1−3)), ((1−3)×(1−3)), ((2−4)×(1−4)), ((1−3)×(1−4)), ((1−4)×(2−4)), ((1−4)×(1−3)), ((2−4)×(2−3)), ((1−3)×(2−3)), ((2−3)×(2−4)), ((2−3)×(1−3)), ((1−4)×(2−3)), ((2−3)×(1−4))]
[1371 1320 1346; 1305 1427 1312; 1423 1377 1438]        DecisionTree.ModalLogic.Interval2D[((2−3)×(2−3))]     true    DecisionTree.ModalLogic.Interval2D[((2−4)×(2−4)), ((1−3)×(2−4)), ((2−4)×(1−3)), ((1−3)×(1−3)), ((2−4)×(1−4)), ((1−3)×(1−4)), ((1−4)×(2−4)), ((1−4)×(1−3)), ((2−4)×(2−3)), ((1−3)×(2−3)), ((2−3)×(2−4)), ((2−3)×(1−3)), ((1−4)×(2−3)), ((2−3)×(1−4))]
[401 363 256; 374 303 274; 336 265 297] DecisionTree.ModalLogic.Interval2D[((2−3)×(2−3))]     false   DecisionTree.ModalLogic.Interval2D[((2−3)×(2−3))]
[1019 1244 985; 705 939 1452; 677 857 1481]     DecisionTree.ModalLogic.Interval2D[((2−3)×(2−3))]     true    DecisionTree.ModalLogic.Interval2D[((2−4)×(2−4)), ((1−3)×(2−4)), ((1−3)×(1−3)), ((1−3)×(1−4)), ((1−4)×(2−4)), ((1−3)(2−3)), ((2−3)×(2−4))]
[376 374 383; 286 503 417; 436 343 428] DecisionTree.ModalLogic.Interval2D[((2−3)×(2−3))]     false   DecisionTree.ModalLogic.Interval2D[((2−3)×(2−3))]
[1527 1352 1542; 1510 1534 1464; 1701 1715 1643]        DecisionTree.ModalLogic.Interval2D[((2−3)×(2−3))]     true    DecisionTree.ModalLogic.Interval2D[((2−4)×(2−4)), ((1−3)×(2−4)), ((2−4)×(1−3)), ((1−3)×(1−3)), ((2−4)×(1−4)), ((1−3)×(1−4)), ((1−4)×(2−4)), ((1−4)×(1−3)), ((2−4)×(2−3)), ((1−3)×(2−3)), ((2−3)×(2−4)), ((2−3)×(1−3)), ((1−4)×(2−3)), ((2−3)×(1−4))]
[473 522 352; 517 417 363; 303 362 274] DecisionTree.ModalLogic.Interval2D[((2−3)×(2−3))]     false   DecisionTree.ModalLogic.Interval2D[((2−3)×(2−3))]
[4355 4278 4363; 4279 4289 4347; 3195 4275 4312]        DecisionTree.ModalLogic.Interval2D[((2−3)×(2−3))]     true    DecisionTree.ModalLogic.Interval2D[((2−4)×(2−4)), ((1−3)×(2−4)), ((2−4)×(1−3)), ((1−3)×(1−3)), ((2−4)×(1−4)), ((1−3)(1−4)), ((1−4)×(2−4)), ((1−4)×(1−3)), ((2−4)×(2−3)), ((1−3)×(2−3)), ((2−3)×(2−4)), ((2−3)×(1−3)), ((1−4)×(2−3)), ((2−3)×(1−4))]
[406 403 419; 458 349 429; 445 529 425] DecisionTree.ModalLogic.Interval2D[((2−3)×(2−3))]     false   DecisionTree.ModalLogic.Interval2D[((2−3)×(2−3))]
[975 1152 1184; 1165 1282 1287; 1235 1221 1316] DecisionTree.ModalLogic.Interval2D[((2−3)×(2−3))]     true    DecisionTree.ModalLogic.Interval2D[((2−4)×(2−4)), ((1−3)×(2−4)), ((2−4)×(1−3)), ((1−3)×(1−3)), ((2−4)×(1−4)), ((1−3)×(1−4)), ((1−4)×(2−4)), ((1−4)×(1−3)), ((2−4)×(2−3)), ((1−3)×(2−3)), ((2−3)×(2−4)), ((2−3)×(1−3)), ((1−4)×(2−3)), ((2−3)×(1−4))]
[1658 1538 1508; 1525 1594 1711; 1354 1526 1581]        DecisionTree.ModalLogic.Interval2D[((2−3)×(2−3))]     true    DecisionTree.ModalLogic.Interval2D[((2−4)×(2−4)), ((1−3)×(2−4)), ((2−4)×(1−3)), ((1−3)×(1−3)), ((2−4)×(1−4)), ((1−3)×(1−4)), ((1−4)×(2−4)), ((1−4)×(1−3)), ((2−4)×(2−3)), ((1−3)×(2−3)), ((2−3)×(2−4)), ((2−3)×(1−3)), ((1−4)×(2−3)), ((2−3)×(1−4))]
[224 42 158; 221 157 204; 332 349 162]  DecisionTree.ModalLogic.Interval2D[((2−3)×(2−3))]     false   DecisionTree.ModalLogic.Interval2D[((2−3)×(2−3))]
[1816 1190 1133; 1536 1536 1098; 1357 1731 1182]        DecisionTree.ModalLogic.Interval2D[((2−3)×(2−3))]     true    DecisionTree.ModalLogic.Interval2D[((2−4)×(2−4)), ((1−3)×(2−4)), ((2−4)×(1−3)), ((1−3)×(1−3)), ((2−4)×(1−4)), ((1−3)×(1−4)), ((1−4)×(2−4)), ((1−4)×(1−3)), ((2−4)×(2−3)), ((1−3)×(2−3)), ((2−3)×(2−4)), ((2−3)×(1−3)), ((1−4)×(2−3)), ((2−3)×(1−4))]
[267 428 301; 274 315 301; 235 212 293] DecisionTree.ModalLogic.Interval2D[((2−3)×(2−3))]     false   DecisionTree.ModalLogic.Interval2D[((2−3)×(2−3))]
[1225 1283 1242; 1776 1159 1272; 2231 1815 1246]        DecisionTree.ModalLogic.Interval2D[((2−3)×(2−3))]     true    DecisionTree.ModalLogic.Interval2D[((2−4)×(2−4)), ((1−3)×(2−4)), ((2−4)×(1−3)), ((1−3)×(1−3)), ((2−4)×(1−4)), ((1−3)×(1−4)), ((1−4)×(2−4)), ((1−4)×(1−3)), ((2−4)×(2−3)), ((1−3)×(2−3)), ((2−3)×(2−4)), ((2−3)×(1−3)), ((1−4)×(2−3)), ((2−3)×(1−4))]
[196 294 282; 239 218 256; 266 344 226] DecisionTree.ModalLogic.Interval2D[((2−3)×(2−3))]     false   DecisionTree.ModalLogic.Interval2D[((2−3)×(2−3))]
[3890 5306 5707; 5362 5782 5876; 5704 5833 5737]        DecisionTree.ModalLogic.Interval2D[((2−3)×(2−3))]     true    DecisionTree.ModalLogic.Interval2D[((2−4)×(2−4)), ((1−3)×(2−4)), ((2−4)×(1−3)), ((1−3)×(1−3)), ((2−4)×(1−4)), ((1−3)×(1−4)), ((1−4)×(2−4)), ((1−4)×(1−3)), ((2−4)×(2−3)), ((1−3)×(2−3)), ((2−3)×(2−4)), ((2−3)×(1−3)), ((1−4)×(2−3)), ((2−3)×(1−4))]
[381 475 369; 370 438 337; 379 344 498] DecisionTree.ModalLogic.Interval2D[((2−3)×(2−3))]     false   DecisionTree.ModalLogic.Interval2D[((2−3)×(23))]
[1282 1234 1244; 1321 1292 1298; 1198 1216 1210]        DecisionTree.ModalLogic.Interval2D[((2−3)×(2−3))]     true    DecisionTree.ModalLogic.Interval2D[((2−4)×(2−4)), ((1−3)×(2−4)), ((2−4)×(1−3)), ((1−3)×(1−3)), ((2−4)×(1−4)), ((1−3)×(1−4)), ((1−4)×(2−4)), ((1−4)×(1−3)), ((2−4)×(2−3)), ((1−3)×(2−3)), ((2−3)×(2−4)), ((2−3)×(1−3)), ((1−4)×(2−3)), ((2−3)×(1−4))]
[1611 1510 1654; 1566 1583 1575; 1676 1545 1526]        DecisionTree.ModalLogic.Interval2D[((2−3)×(2−3))]     true    DecisionTree.ModalLogic.Interval2D[((2−4)×(2−4)), ((1−3)×(2−4)), ((2−4)×(1−3)), ((1−3)×(1−3)), ((2−4)×(1−4)), ((1−3)×(1−4)), ((1−4)×(2−4)), ((1−4)×(1−3)), ((2−4)×(2−3)), ((1−3)×(2−3)), ((2−3)×(2−4)), ((2−3)×(1−3)), ((1−4)×(2−3)), ((2−3)×(1−4))]
[469 408 341; 244 370 303; 280 291 234] DecisionTree.ModalLogic.Interval2D[((2−3)×(2−3))]     false   DecisionTree.ModalLogic.Interval2D[((2−3)×(2−3))]
[910 1020 1060; 974 896 929; 877 992 938]       DecisionTree.ModalLogic.Interval2D[((2−3)×(2−3))]     true    DecisionTree.ModalLogic.Interval2D[((2−4)×(2−4)), ((1−3)×(2−4)), ((2−4)×(1−3)), ((1−3)×(1−3)), ((2−4)×(1−4)), ((1−3)×(1−4)), ((1−4)×(2−4)), ((1−4)×(1−3)), ((2−4)×(2−3)), ((1−3)×(2−3)), ((2−3)×(2−4)), ((2−3)×(1−3)), ((1−4)×(2−3)), ((2−3)×(1−4))]
[350 367 408; 353 356 377; 397 319 406] DecisionTree.ModalLogic.Interval2D[((2−3)×(2−3))]     false   DecisionTree.ModalLogic.Interval2D[((2−3)×(2−3))]
[1255 1346 1258; 1188 1392 1314; 1614 1290 1261]        DecisionTree.ModalLogic.Interval2D[((2−3)×(2−3))]     true    DecisionTree.ModalLogic.Interval2D[((2−4)×(2−4)), ((1−3)×(2−4)), ((2−4)×(1−3)), ((1−3)×(1−3)), ((2−4)×(1−4)), ((1−3)×(1−4)), ((1−4)×(2−4)), ((1−4)×(1−3)), ((2−4)×(2−3)), ((1−3)×(2−3)), ((2−3)×(2−4)), ((2−3)×(1−3)), ((1−4)×(2−3)), ((2−3)×(1−4))]
[386 427 305; 404 319 332; 399 280 289] DecisionTree.ModalLogic.Interval2D[((2−3)×(2−3))]     false   DecisionTree.ModalLogic.Interval2D[((2−3)×(2−3))]
[5613 4615 3666; 3607 3146 3199; 3196 3184 3124]        DecisionTree.ModalLogic.Interval2D[((2−3)×(2−3))]     true    DecisionTree.ModalLogic.Interval2D[((2−4)×(2−4)), ((1−3)×(2−4)), ((2−4)×(1−3)), ((1−3)×(1−3)), ((2−4)×(1−4)), ((1−3)×(1−4)), ((1−4)×(2−4)), ((1−4)×(1−3)), ((2−4)×(2−3)), ((1−3)×(2−3)), ((2−3)×(2−4)), ((2−3)×(1−3)), ((1−4)×(2−3)), ((2−3)×(1−4))]
[831 861 970; 783 833 781; 704 860 965] DecisionTree.ModalLogic.Interval2D[((2−3)×(2−3))]     false   DecisionTree.ModalLogic.Interval2D[((2−3)×(2−3))]
[1405 1305 1266; 1253 1389 1263; 1245 1311 1249]        DecisionTree.ModalLogic.Interval2D[((2−3)×(2−3))]     true    DecisionTree.ModalLogic.Interval2D[((2−4)×(2−4)), ((1−3)×(2−4)), ((2−4)×(1−3)), ((1−3)×(1−3)), ((2−4)×(1−4)), ((1−3)×(1−4)), ((1−4)×(2−4)), ((1−4)×(1−3)), ((2−4)×(23)), ((1−3)×(2−3)), ((2−3)×(2−4)), ((2−3)×(1−3)), ((1−4)×(2−3)), ((2−3)×(1−4))]
[1362 1348 1360; 1347 1297 1402; 1348 1270 1292]        DecisionTree.ModalLogic.Interval2D[((2−3)×(2−3))]     true    DecisionTree.ModalLogic.Interval2D[((2−4)×(2−4)), ((1−3)×(2−4)), ((2−4)×(1−3)), ((1−3)×(1−3)), ((2−4)×(1−4)), ((1−3)×(1−4)), ((1−4)×(2−4)), ((1−4)×(1−3)), ((2−4)×(2−3)), ((1−3)×(2−3)), ((2−3)×(2−4)), ((2−3)×(1−3)), ((1−4)×(2−3)), ((2−3)×(1−4))]
[1334 602 374; 2709 658 564; 3976 1379 534]     DecisionTree.ModalLogic.Interval2D[((2−3)×(2−3))]     true    DecisionTree.ModalLogic.Interval2D[((2−4)×(1−3))]
[1105 1017 1198; 1039 1113 1104; 992 1037 1104] DecisionTree.ModalLogic.Interval2D[((2−3)×(2−3))]     true    DecisionTree.ModalLogic.Interval2D[((2−4)×(2−4)), ((1−3)×(2−4)), ((2−4)×(1−3)), ((1−3)×(1−3)), ((2−4)×(1−4)), ((1−3)×(1−4)), ((1−4)×(2−4)), ((1−4)×(1−3)), ((2−4)×(2−3)), ((1−3)(2−3)), ((2−3)×(2−4)), ((2−3)×(1−3)), ((1−4)×(2−3)), ((2−3)×(1−4))]
[827 851 872; 777 793 825; 758 822 814] DecisionTree.ModalLogic.Interval2D[((2−3)×(2−3))]     false   DecisionTree.ModalLogic.Interval2D[((2−3)×(2−3))]
[1207 1170 1221; 1255 1286 1250; 1452 1219 1117]        DecisionTree.ModalLogic.Interval2D[((2−3)×(2−3))]     true    DecisionTree.ModalLogic.Interval2D[((2−4)×(2−4)), ((1−3)×(2−4)), ((2−4)×(1−3)), ((1−3)×(1−3)), ((2−4)×(1−4)), ((1−3)×(1−4)), ((1−4)×(2−4)), ((1−4)×(1−3)), ((2−4)×(2−3)), ((1−3)×(2−3)), ((2−3)×(2−4)), ((2−3)×(1−3)), ((1−4)×(2−3)), ((2−3)×(1−4))]
[250 193 233; 213 258 331; 289 176 250] DecisionTree.ModalLogic.Interval2D[((2−3)×(2−3))]     false   DecisionTree.ModalLogic.Interval2D[((2−3)×(2−3))]
[3786 4128 4425; 3786 3971 4759; 4084 4033 5138]        DecisionTree.ModalLogic.Interval2D[((2−3)×(2−3))]     true    DecisionTree.ModalLogic.Interval2D[((2−4)×(2−4)), ((1−3)×(2−4)), ((2−4)(1−3)), ((1−3)×(1−3)), ((2−4)×(1−4)), ((1−3)×(1−4)), ((1−4)×(2−4)), ((1−4)×(1−3)), ((2−4)×(2−3)), ((1−3)×(2−3)), ((2−3)×(2−4)), ((2−3)×(1−3)), ((1−4)×(2−3)), ((2−3)×(1−4))]
[1401 1588 1456; 1370 1381 1073; 1314 1318 1165]        DecisionTree.ModalLogic.Interval2D[((2−3)×(2−3))]     true    DecisionTree.ModalLogic.Interval2D[((2−4)×(2−4)), ((1−3)×(2−4)), ((2−4)×(1−3)), ((1−3)×(1−3)), ((2−4)×(1−4)), ((1−3)×(1−4)), ((1−4)×(2−4)), ((1−4)×(1−3)), ((2−4)×(2−3)), ((1−3)×(2−3)), ((2−3)×(2−4)), ((2−3)×(1−3)), ((1−4)×(2−3)), ((2−3)×(1−4))]
[1241 1323 1257; 1306 1270 1422; 1239 1312 1340]        DecisionTree.ModalLogic.Interval2D[((2−3)×(2−3))]     true    DecisionTree.ModalLogic.Interval2D[((2−4)×(2−4)), ((1−3)×(2−4)), ((2−4)×(1−3)), ((1−3)×(1−3)), ((2−4)×(1−4)), ((1−3)×(1−4)), ((1−4)×(2−4)), ((1−4)×(1−3)), ((2−4)×(2−3)), ((1−3)×(2−3)), ((2−3)×(2−4)), ((2−3)×(1−3)), ((1−4)×(2−3)), ((2−3)×(1−4))]
[1015 1401 1425; 993 1411 1407; 1438 1416 1438] DecisionTree.ModalLogic.Interval2D[((2−3)×(2−3))]     true    DecisionTree.ModalLogic.Interval2D[((2−4)×(2−4)), ((1−3)×(2−4)), ((2−4)×(1−3)), ((1−3)×(1−3)), ((2−4)×(1−4)), ((1−3)×(1−4)), ((1−4)×(2−4)), ((1−4)×(1−3)), ((2−4)×(2−3)), ((1−3)×(2−3)), ((2−3)×(2−4)), ((2−3)×(1−3)), ((1−4)×(2−3)), ((2−3)×(1−4))]
[1220 403 248; 729 346 273; 165 177 150]        DecisionTree.ModalLogic.Interval2D[((2−3)×(2−3))]     false   DecisionTree.ModalLogic.Interval2D[((2−3)×(2−3))]
[1287 990 882; 1266 1049 881; 1041 1230 960]    DecisionTree.ModalLogic.Interval2D[((2−3)×(2−3))]     true    DecisionTree.ModalLogic.Interval2D[((2−4)×(2−4)), ((1−3)×(2−4)), ((2−4)×(1−3)), ((1−3)×(1−3)), ((2−4)×(1−4)), ((1−3)×(1−4)), ((1−4)×(2−4)), ((1−4)×(1−3)), ((2−4)×(2−3)), ((1−3)×(2−3)), ((2−3)×(2−4)), ((2−3)×(1−3)), ((14)×(2−3)), ((2−3)×(1−4))]
[522 672 519; 637 555 543; 512 497 462] DecisionTree.ModalLogic.Interval2D[((2−3)×(2−3))]     false   DecisionTree.ModalLogic.Interval2D[((2−3)×(2−3))]
[1321 1227 1867; 1352 1329 1503; 1432 1359 1173]        DecisionTree.ModalLogic.Interval2D[((2−3)×(2−3))]     true    DecisionTree.ModalLogic.Interval2D[((2−4)×(2−4)), ((1−3)×(2−4)), ((2−4)×(1−3)), ((1−3)×(1−3)), ((2−4)×(1−4)), ((1−3)×(1−4)), ((1−4)×(2−4)), ((1−4)×(1−3)), ((2−4)×(2−3)), ((1−3)×(2−3)), ((2−3)×(2−4)), ((2−3)×(1−3)), ((1−4)×(2−3)), ((2−3)×(1−4))]
[435 485 576; 422 394 339; 622 451 334] DecisionTree.ModalLogic.Interval2D[((2−3)×(2−3))]     false   DecisionTree.ModalLogic.Interval2D[((2−3)×(2−3))]
[4334 3873 4883; 5770 5527 5838; 5834 5970 5812]        DecisionTree.ModalLogic.Interval2D[((2−3)×(2−3))]     true    DecisionTree.ModalLogic.Interval2D[((2−4)×(2−4)), ((1−3)×(2−4)), ((2−4)×(1−3)), ((1−3)×(1−3)), ((2−4)×(1−4)), ((13)×(1−4)), ((1−4)×(2−4)), ((1−4)×(1−3)), ((2−4)×(2−3)), ((1−3)×(2−3)), ((2−3)×(2−4)), ((2−3)×(1−3)), ((1−4)×(2−3)), ((2−3)×(1−4))]
[797 697 826; 650 737 758; 745 744 790] DecisionTree.ModalLogic.Interval2D[((2−3)×(2−3))]     false   DecisionTree.ModalLogic.Interval2D[((2−3)×(2−3))]
[1357 1429 1535; 1382 1497 1503; 1285 1379 1466]        DecisionTree.ModalLogic.Interval2D[((2−3)×(2−3))]     true    DecisionTree.ModalLogic.Interval2D[((2−4)×(2−4)), ((1−3)×(2−4)), ((2−4)×(1−3)), ((1−3)×(1−3)), ((2−4)×(1−4)), ((1−3)×(1−4)), ((1−4)×(2−4)), ((1−4)×(1−3)), ((2−4)×(2−3)), ((1−3)×(2−3)), ((2−3)×(2−4)), ((2−3)×(1−3)), ((1−4)×(2−3)), ((2−3)×(1−4))]
[1377 1431 1333; 1419 1319 1375; 1261 1325 1413]        DecisionTree.ModalLogic.Interval2D[((2−3)×(2−3))]     true    DecisionTree.ModalLogic.Interval2D[((2−4)×(2−4)), ((1−3)×(2−4)), ((2−4)×(1−3)), ((1−3)×(1−3)), ((2−4)×(1−4)), ((1−3)×(1−4)), ((1−4)×(2−4)), ((1−4)×(1−3)), ((2−4)×(2−3)), ((1−3)×(2−3)), ((2−3)×(2−4)), ((2−3)×(1−3)), ((1−4)×(2−3)), ((2−3)×(1−4))]
[1755 567 641; 1361 471 389; 437 416 200]       DecisionTree.ModalLogic.Interval2D[((2−3)×(2−3))]     false   DecisionTree.ModalLogic.Interval2D[((2−3)×(2−3))]
[1228 1085 982; 1110 1184 1106; 937 1170 1026]  DecisionTree.ModalLogic.Interval2D[((2−3)×(2−3))]     true    DecisionTree.ModalLogic.Interval2D[((2−4)×(2−4)), ((1−3)×(2−4)), ((2−4)×(1−3)), ((1−3)×(1−3)), ((2−4)×(1−4)), ((1−3)×(1−4)), ((1−4)×(2−4)), ((1−4)×(1−3)), ((2−4)×(2−3)), ((1−3)×(2−3)), ((2−3)×(2−4)), ((2−3)×(1−3)), ((1−4)×(2−3)), ((2−3)×(1−4))]
[345 367 246; 388 334 348; 288 350 317] DecisionTree.ModalLogic.Interval2D[((2−3)×(2−3))]     false   DecisionTree.ModalLogic.Interval2D[((2−3)×(2−3))]
[1403 1359 1394; 1412 1333 1391; 1343 1392 1370]        DecisionTree.ModalLogic.Interval2D[((2−3)×(2−3))]     true    DecisionTree.ModalLogic.Interval2D[((2−4)×(2−4)), ((1−3)×(2−4)), ((2−4)×(1−3)), ((1−3)×(1−3)), ((2−4)×(1−4)), ((1−3)×(1−4)), ((1−4)×(2−4)), ((1−4)×(1−3)), ((2−4)×(2−3)), ((1−3)×(2−3)), ((2−3)×(2−4)), ((2−3)×(1−3)), ((1−4)×(2−3)), ((2−3)×(1−4))]
[812 538 437; 548 399 404; 475 402 345] DecisionTree.ModalLogic.Interval2D[((2−3)×(2−3))]     false   DecisionTree.ModalLogic.Interval2D[((2−3)×(2−3))]
[4599 3637 3267; 3150 3188 3194; 3093 3063 2885]        DecisionTree.ModalLogic.Interval2D[((2−3)×(2−3))]     true    DecisionTree.ModalLogic.Interval2D[((2−4)×(2−4)), ((1−3)×(2−4)), ((2−4)×(1−3)), ((1−3)×(1−3)), ((2−4)×(1−4)), ((1−3)×(1−4)), ((1−4)×(2−4)), ((1−4)×(1−3)), ((2−4)×(2−3)), ((1−3)×(2−3)), ((2−3)×(2−4)), ((2−3)×(1−3)), ((1−4)×(2−3)), ((2−3)×(1−4))]
[543 432 610; 472 467 589; 425 540 608] DecisionTree.ModalLogic.Interval2D[((2−3)×(2−3))]     false   DecisionTree.ModalLogic.Interval2D[((2−3)×(2−3))]
[1265 1347 1312; 1122 1314 1356; 1391 1364 1366]        DecisionTree.ModalLogic.Interval2D[((2−3)×(2−3))]     true    DecisionTree.ModalLogic.Interval2D[((2−4)×(2−4)), ((1−3)×(2−4)), ((2−4)×(1−3)), ((1−3)×(1−3)), ((2−4)×(1−4)), ((1−3)×(1−4)), ((1−4)×(2−4)), ((1−4)×(1−3)), ((2−4)×(2−3)), ((1−3)×(2−3)), ((2−3)×(2−4)), ((2−3)×(1−3)), ((1−4)×(2−3)), ((2−3)×(1−4))]
[1702 1722 1665; 1719 1639 1698; 1624 1691 1681]        DecisionTree.ModalLogic.Interval2D[((2−3)×(2−3))]     true    DecisionTree.ModalLogic.Interval2D[((2−4)×(2−4)), ((1−3)×(2−4)), ((2−4)×(1−3)), ((1−3)×(1−3)), ((2−4)×(1−4)), ((1−3)×(1−4)), ((1−4)×(2−4)), ((1−4)×(1−3)), ((2−4)×(2−3)), ((1−3)×(2−3)), ((2−3)×(2−4)), ((2−3)×(1−3)), ((1−4)×(2−3)), ((2−3)×(1−4))]
[177 189 174; 229 108 256; 249 231 156] DecisionTree.ModalLogic.Interval2D[((2−3)×(2−3))]     false   DecisionTree.ModalLogic.Interval2D[((2−3)×(2−3))]
[1183 981 1016; 1353 1009 922; 868 1347 846]    DecisionTree.ModalLogic.Interval2D[((2−3)×(2−3))]     true    DecisionTree.ModalLogic.Interval2D[((2−4)×(2−4)), ((1−3)×(2−4)), ((2−4)×(1−3)), ((1−3)×(1−3)), ((2−4)×(1−4)), ((1−3)×(1−4)), ((1−4)×(2−4)), ((1−4)×(1−3)), ((2−4)×(2−3)), ((1−3)×(2−3)), ((2−3)×(2−4)), ((2−3)×(1−3)), ((1−4)×(2−3)), ((2−3)×(1−4))]
[580 623 698; 582 558 643; 508 629 607] DecisionTree.ModalLogic.Interval2D[((2−3)×(2−3))]     false   DecisionTree.ModalLogic.Interval2D[((2−3)×(2−3))]
[1108 1171 992; 1094 1063 1015; 1065 1198 971]  DecisionTree.ModalLogic.Interval2D[((2−3)×(2−3))]     true    DecisionTree.ModalLogic.Interval2D[((2−4)×(2−4)), ((1−3)×(2−4)), ((2−4)×(1−3)), ((1−3)×(1−3)), ((2−4)×(1−4)), ((1−3)×(1−4)), ((1−4)×(2−4)), ((1−4)×(1−3)), ((2−4)×(2−3)), ((1−3)×(2−3)), ((2−3)×(2−4)), ((2−3)×(1−3)), ((1−4)×(2−3)), ((2−3)×(1−4))]
[600 637 731; 411 484 369; 409 385 355] DecisionTree.ModalLogic.Interval2D[((2−3)×(2−3))]     false   DecisionTree.ModalLogic.Interval2D[((2−3)×(2−3))]
[5126 5828 5842; 5814 5017 4027; 4594 3516 3296]        DecisionTree.ModalLogic.Interval2D[((2−3)×(2−3))]     true    DecisionTree.ModalLogic.Interval2D[((2−4)×(2−4)), ((1−3)×(2−4)), ((2−4)×(1−3)), ((1−3)×(1−3)), ((2−4)×(1−4)), ((1−3)×(1−4)), ((1−4)×(2−4)), ((1−4)×(1−3)), ((2−4)×(2−3)), ((1−3)×(2−3)), ((2−3)×(2−4)), ((2−3)×(1−3)), ((1−4)×(2−3)), ((2−3)×(1−4))]
[480 380 476; 480 411 459; 502 362 495] DecisionTree.ModalLogic.Interval2D[((2−3)×(2−3))]     false   DecisionTree.ModalLogic.Interval2D[((2−3)×(2−3))]
[1275 1306 1231; 1229 1370 1327; 1300 1191 1313]        DecisionTree.ModalLogic.Interval2D[((2−3)×(2−3))]     true    DecisionTree.ModalLogic.Interval2D[((2−4)×(2−4)), ((1−3)×(2−4)), ((2−4)×(1−3)), ((1−3)×(1−3)), ((2−4)×(1−4)), ((1−3)×(1−4)), ((1−4)×(2−4)), ((1−4)×(1−3)), ((2−4)×(2−3)), ((1−3)×(2−3)), ((2−3)×(2−4)), ((2−3)×(1−3)), ((1−4)×(2−3)), ((2−3)×(1−4))]
[2448 1671 1615; 1508 1588 1622; 1226 1668 1590]        DecisionTree.ModalLogic.Interval2D[((2−3)×(2−3))]     true    DecisionTree.ModalLogic.Interval2D[((2−4)×(2−4)), ((1−3)×(2−4)), ((2−4)×(1−3)), ((1−3)×(1−3)), ((2−4)×(1−4)), ((1−3)×(1−4)), ((1−4)×(2−4)), ((1−4)×(1−3)), ((2−4)×(2−3)), ((1−3)×(2−3)), ((2−3)×(2−4)), ((2−3)×(1−3)), ((1−4)×(2−3)), ((2−3)×(1−4))]
[180 149 146; 199 198 268; 164 159 237] DecisionTree.ModalLogic.Interval2D[((2−3)×(2−3))]     false   DecisionTree.ModalLogic.Interval2D[((2−3)×(2−3))]
[906 1042 1213; 1046 935 1055; 945 934 1087]    DecisionTree.ModalLogic.Interval2D[((2−3)×(2−3))]     true    DecisionTree.ModalLogic.Interval2D[((2−4)×(2−4)), ((1−3)×(2−4)), ((2−4)×(1−3)), ((1−3)×(1−3)), ((2−4)×(1−4)), ((1−3)×(1−4)), ((1−4)×(2−4)), ((1−4)×(1−3)), ((2−4)×(2−3)), ((1−3)×(2−3)), ((2−3)×(2−4)), ((2−3)×(1−3)), ((1−4)×(2−3)), ((2−3)×(1−4))]
[499 576 568; 513 552 570; 714 548 519] DecisionTree.ModalLogic.Interval2D[((2−3)×(2−3))]     false   DecisionTree.ModalLogic.Interval2D[((2−3)×(2−3))]
[1118 1092 1056; 1007 1047 1142; 1017 1012 1011]        DecisionTree.ModalLogic.Interval2D[((2−3)×(2−3))]     true    DecisionTree.ModalLogic.Interval2D[((2−4)×(2−4)), ((1−3)×(2−4)), ((2−4)×(1−3)), ((1−3)×(1−3)), ((2−4)×(1−4)), ((1−3)×(1−4)), ((1−4)×(2−4)), ((1−4)×(1−3)), ((2−4)×(2−3)), ((1−3)×(2−3)), ((2−3)×(2−4)), ((2−3)×(1−3)), ((1−4)×(2−3)), ((2−3)×(1−4))]
[459 474 990; 430 371 734; 392 388 615] DecisionTree.ModalLogic.Interval2D[((2−3)×(2−3))]     false   DecisionTree.ModalLogic.Interval2D[((2−3)×(2−3))]
[2706 3993 5036; 4704 5564 5786; 5766 5894 5753]        DecisionTree.ModalLogic.Interval2D[((2−3)×(2−3))]     true    DecisionTree.ModalLogic.Interval2D[((2−4)×(2−4)), ((1−3)×(2−4)), ((2−4)×(1−3)), ((1−3)×(1−3)), ((2−4)×(1−4)), ((1−3)×(1−4)), ((1−4)×(2−4)), ((1−4)×(1−3)), ((2−4)×(2−3)), ((1−3)×(2−3)), ((2−3)×(2−4)), ((2−3)×(1−3)), ((1−4)×(2−3)), ((2−3)×(1−4))]
[847 816 843; 833 897 771; 793 879 813] DecisionTree.ModalLogic.Interval2D[((2−3)×(2−3))]     true    DecisionTree.ModalLogic.Interval2D[((2−4)×(2−3))]
[1469 1479 1336; 1441 1539 1427; 1449 1536 1375]        DecisionTree.ModalLogic.Interval2D[((2−3)×(2−3))]     true    DecisionTree.ModalLogic.Interval2D[((2−4)×(2−4)), ((1−3)×(2−4)), ((2−4)×(1−3)), ((1−3)×(1−3)), ((2−4)×(1−4)), ((1−3)×(1−4)), ((1−4)×(2−4)), ((1−4)×(1−3)), ((2−4)×(2−3)), ((1−3)×(2−3)), ((2−3)×(2−4)), ((2−3)×(1−3)), ((1−4)×(2−3)), ((2−3)×(1−4))]
[1546 1631 1736; 1112 1518 1593; 1344 1498 1764]        DecisionTree.ModalLogic.Interval2D[((2−3)×(2−3))]     true    DecisionTree.ModalLogic.Interval2D[((2−4)×(2−4)), ((1−3)×(2−4)), ((2−4)×(1−3)), ((1−3)×(1−3)), ((2−4)×(1−4)), ((1−3)×(1−4)), ((1−4)×(2−4)), ((1−4)×(1−3)), ((2−4)×(2−3)), ((1−3)×(2−3)), ((2−3)×(2−4)), ((2−3)×(1−3)), ((1−4)×(2−3)), ((2−3)×(1−4))]
[635 427 307; 310 313 242; 305 327 234] DecisionTree.ModalLogic.Interval2D[((2−3)×(2−3))]     false   DecisionTree.ModalLogic.Interval2D[((2−3)×(2−3))]
ERROR: LoadError: Something's wrong with the optimization steps.
Different unsatisfied and best_unsatisfied:
computed: [0, 1, 0, 1, 0, 1, 0, 0, 1, 0, 1, 0, 1, 0, 1, 0, 0, 1, 0, 1, 0, 1, 0, 0, 0, 0, 1, 0, 1, 0, 1, 0, 0, 0, 0, 1, 0, 1, 0, 1, 0, 1, 0, 0, 1, 0, 0, 0, 1, 0, 0, 0, 0, 1, 0, 1, 0, 1, 0, 1, 0, 0, 1, 0, 1, 0, 1, 0, 1, 0, 0, 1, 0, 1, 0, 1, 0, 1, 0, 0, 1, 0, 1, 0, 1, 0, 1, 0, 0, 1, 0, 1, 0, 1, 0, 0, 0, 0, 1, 0, 1, 0, 1, 0, 1, 0, 0, 1, 0, 1, 0, 1, 0, 1, 0, 0, 1, 0, 1, 0, 1, 0, 1, 0, 0, 1, 0, 1, 0, 1, 0, 1, 0, 0, 1, 0, 1, 0, 1, 0, 1, 0, 0, 1, 0, 1, 0, 1, 0, 0, 0, 0, 1, 0, 1, 0, 1, 0, 0, 0, 0, 1, 0, 1, 0, 1, 0, 1, 0, 0, 1, 0, 1, 0, 1, 0, 1, 0, 0, 1, 0, 1, 0, 1, 0, 1, 0, 0, 1, 0, 1, 0, 1, 0, 0, 0, 0, 1, 0, 1, 0, 1, 0, 1, 0, 0, 1, 0, 1, 0, 1, 0, 0, 0, 0, 1, 0, 1, 0, 1, 0, 0, 0, 0, 1, 0, 1, 0, 1, 0, 1, 0, 0, 1, 0, 1, 0, 1, 0, 1, 0, 0, 1, 0, 1, 0, 1, 0, 1, 0, 0, 1, 0, 1, 0, 1, 0, 1, 0, 0, 1, 0, 1, 0, 1, 0, 1, 0, 0, 1, 0, 1, 0, 1, 0, 0, 0, 0, 1, 0, 1, 0, 1, 0, 1, 0, 0, 1, 0, 1, 0, 1, 0, 1, 0, 0, 1, 0, 1, 0, 1, 0, 1, 0, 0, 1, 0, 1, 0, 1, 0, 0, 0, 0, 1]
187
actual: [0, 1, 0, 1, 0, 1, 0, 0, 1, 0, 1, 0, 1, 0, 1, 0, 0, 1, 0, 1, 0, 1, 0, 0, 0, 0, 1, 0, 1, 0, 1, 0, 0, 0, 0, 1, 0, 1, 0, 1, 0, 1, 0, 0, 1, 0, 0, 0, 1, 0, 0, 0, 0, 1, 0, 1, 0, 1, 0, 1, 0, 0, 1, 0, 1, 0, 1, 0, 1, 0, 0, 1, 0, 0, 0, 1, 0, 1, 0, 0, 1, 0, 1, 0, 1, 0, 1, 0, 0, 1, 0, 1, 0, 1, 0, 0, 0, 0, 1, 0, 1, 0, 1, 0, 0, 0, 0, 1, 0, 1, 0, 1, 0, 1, 0, 0, 1, 0, 0, 0, 1, 0, 1, 0, 0, 1, 0, 1, 0, 1, 0, 1, 0, 0, 1, 0, 1, 0, 1, 0, 1, 0, 0, 1, 0, 1, 0, 1, 0, 0, 0, 0, 1, 0, 1, 0, 1, 0, 0, 0, 0, 1, 0, 1, 0, 1, 0, 1, 0, 0, 1, 0, 1, 0, 1, 0, 1, 0, 0, 1, 0, 1, 0, 1, 0, 1, 0, 0, 1, 0, 1, 0, 1, 0, 0, 0, 0, 1, 0, 1, 0, 1, 0, 1, 0, 0, 1, 0, 1, 0, 1, 0, 0, 0, 0, 1, 0, 1, 0, 1, 0, 0, 0, 0, 1, 0, 1, 0, 1, 0, 1, 0, 0, 1, 0, 1, 0, 1, 0, 1, 0, 0, 1, 0, 1, 0, 1, 0, 1, 0, 0, 1, 0, 1, 0, 1, 0, 1, 0, 0, 1, 0, 1, 0, 1, 0, 1, 0, 0, 0, 0, 1, 0, 1, 0, 0, 0, 0, 1, 0, 1, 0, 1, 0, 1, 0, 0, 1, 0, 1, 0, 1, 0, 1, 0, 0, 1, 0, 1, 0, 1, 0, 1, 0, 0, 1, 0, 1, 0, 1, 0, 0, 0, 0, 1]
191

Stacktrace:
 [1] _split!(::OntologicalDataset{Int64,2,4}, ::Array{Int64,1}, ::Array{Int64,1}, ::Array{Array{DecisionTree.ModalLogic.Interval2D,1},1}, ::typeof(DecisionTree.util.entropy), ::DecisionTree.treeclassifier.NodeMeta{Int64}, ::Int64, ::Int64, ::Float64, ::Float64, ::Array{DecisionTree.ModalLogic.TestOperator,1}, ::Array{Int64,1}, ::Array{Int64,1}, ::Array{Int64,1}, ::Array{Int64,1}, ::Array{Int64,3}, ::Array{Int64,1}, ::Array{Int64,1}, ::Array{Array{DecisionTree.ModalLogic.Interval2D,1},1}, ::Array{Tuple{Int64,Int64},7}, ::Random.MersenneTwister, ::Array{AbstractRelation,1}, ::Array{Int64,1}) at /home/gio/.julia/dev/DecisionTree/src/modal-classification/tree.jl:375
 [2] _fit(::OntologicalDataset{Int64,2,4}, ::Array{Int64,1}, ::Array{Int64,1}, ::Function, ::Int64, ::Int64, ::Int64, ::Float64, ::Float64, ::DecisionTree._startAtCenter, ::Bool, ::Bool, ::Array{DecisionTree.ModalLogic.TestOperator,1}, ::Random.MersenneTwister) at /home/gio/.juli
a/dev/DecisionTree/src/modal-classification/tree.jl:558
 [3] fit(; X::OntologicalDataset{Int64,2,4}, Y::Array{Int64,1}, W::Not
hing, loss::Function, max_depth::Int64, min_samples_leaf::Int64, min_s
amples_split::Int64, min_purity_increase::Float64, max_purity_split::F
loat64, initCondition::DecisionTree._startAtCenter, useRelationAll::Bo
ol, useRelationId::Bool, test_operators::Array{DecisionTree.ModalLogic
.TestOperator,1}, rng::Random.MersenneTwister) at /home/gio/.julia/dev
/DecisionTree/src/modal-classification/tree.jl:632
 [4] build_tree(::Array{Int64,1}, ::Array{Int64,4}, ::Int64, ::Int64, 
::Int64, ::Float64, ::Float64; initCondition::DecisionTree._startAtCen
ter, useRelationAll::Bool, useRelationId::Bool, ontology::Ontology, te
st_operators::Array{DecisionTree.ModalLogic.TestOperator,1}, loss::Fun
ction, rng::Random.MersenneTwister) at /home/gio/.julia/dev/DecisionTr
ee/src/modal-classification/main.jl:97
 [5] testDataset(::Tuple{String,Tuple{Array{Int64,4},Array{Int64,1},Ar
ray{Int64,4},Array{Int64,1}}}, ::Int64; debugging_level::Base.CoreLogg
ing.LogLevel, post_pruning_purity_thresholds::Array{Any,1}, args::Name
dTuple{(:max_depth, :min_samples_leaf, :min_samples_split),Tuple{Int64
,Int64,Int64}}, kwargs::NamedTuple{(:initCondition, :ontology, :useRel
ationId, :useRelationAll, :test_operators),Tuple{DecisionTree._startAt
Center,Ontology,Bool,Bool,Array{DecisionTree.ModalLogic.TestOperator,1
}}}) at /home/gio/.julia/dev/DecisionTree/src/test-header.jl:38
 [6] top-level scope at /home/gio/.julia/dev/DecisionTree/src/test.jl:
85
 [7] include(::Function, ::Module, ::String) at ./Base.jl:380
 [8] include(::Module, ::String) at ./Base.jl:368
 [9] exec_options(::Base.JLOptions) at ./client.jl:296
 [10] _start() at ./client.jl:506
in expression starting at /home/gio/.julia/dev/DecisionTree/src/test.j
l:85
               _